<?xml version="1.0" encoding="UTF-8"?>
<!-- Generated by org.testng.reporters.JUnitXMLReporter -->
<testsuite ignored="10" hostname="DESKTOP-GLNVC4F" failures="0" tests="1" name="Surefire test" time="40.073" errors="0" timestamp="2026-04-03T10:31:03 IST">
  <testcase classname="com.flipkart.tests.HomePageTest" name="debugPopup" time="23.085"/>
  <testcase classname="com.flipkart.tests.HomePageTest" name="verifyLoginButtonIsVisible" time="0.0">
    <ignored/>
  </testcase> <!-- verifyLoginButtonIsVisible -->
  <testcase classname="com.flipkart.tests.HomePageTest" name="verifyBannerIsVisible" time="0.0">
    <ignored/>
  </testcase> <!-- verifyBannerIsVisible -->
  <testcase classname="com.flipkart.tests.HomePageTest" name="verifyHomePageLoads" time="0.0">
    <ignored/>
  </testcase> <!-- verifyHomePageLoads -->
  <testcase classname="com.flipkart.tests.HomePageTest" name="verifyPageTitle" time="0.0">
    <ignored/>
  </testcase> <!-- verifyPageTitle -->
  <testcase classname="com.flipkart.tests.HomePageTest" name="verifyNavCategoriesAreDisplayed" time="0.0">
    <ignored/>
  </testcase> <!-- verifyNavCategoriesAreDisplayed -->
  <testcase classname="com.flipkart.tests.HomePageTest" name="verifyLogoClickRedirectsToHomePage" time="0.0">
    <ignored/>
  </testcase> <!-- verifyLogoClickRedirectsToHomePage -->
  <testcase classname="com.flipkart.tests.HomePageTest" name="verifyLogoIsVisible" time="0.0">
    <ignored/>
  </testcase> <!-- verifyLogoIsVisible -->
  <testcase classname="com.flipkart.tests.HomePageTest" name="verifySearchBarIsVisible" time="0.0">
    <ignored/>
  </testcase> <!-- verifySearchBarIsVisible -->
  <testcase classname="com.flipkart.tests.HomePageTest" name="verifyFooterIsVisible" time="0.0">
    <ignored/>
  </testcase> <!-- verifyFooterIsVisible -->
  <testcase classname="com.flipkart.tests.HomePageTest" name="verifyDealsAreVisible" time="0.0">
    <ignored/>
  </testcase> <!-- verifyDealsAreVisible -->
</testsuite> <!-- Surefire test -->
