<?xml version="1.0" encoding="UTF-8"?>
<!-- Generated by org.testng.reporters.JUnitXMLReporter -->
<testsuite ignored="7" hostname="DESKTOP-GLNVC4F" failures="0" tests="1" name="Surefire test" time="39.881" errors="0" timestamp="2026-04-05T16:09:31 IST">
  <testcase classname="com.flipkart.tests.WishlistTest" name="verifyWishlistIconClick" time="20.157"/>
  <testcase classname="com.flipkart.tests.WishlistTest" name="verifyWishlistRedirectsToLogin" time="0.0">
    <ignored/>
  </testcase> <!-- verifyWishlistRedirectsToLogin -->
  <testcase classname="com.flipkart.tests.WishlistTest" name="verifyWishlistIconVisible" time="0.0">
    <ignored/>
  </testcase> <!-- verifyWishlistIconVisible -->
  <testcase classname="com.flipkart.tests.WishlistTest" name="verifyWishlistTextVisible" time="0.0">
    <ignored/>
  </testcase> <!-- verifyWishlistTextVisible -->
  <testcase classname="com.flipkart.tests.WishlistTest" name="verifyBackNavigationFromWishlist" time="0.0">
    <ignored/>
  </testcase> <!-- verifyBackNavigationFromWishlist -->
  <testcase classname="com.flipkart.tests.WishlistTest" name="verifyWishlistAccessibleFromSearch" time="0.0">
    <ignored/>
  </testcase> <!-- verifyWishlistAccessibleFromSearch -->
  <testcase classname="com.flipkart.tests.WishlistTest" name="verifyLoginPromptOnWishlist" time="0.0">
    <ignored/>
  </testcase> <!-- verifyLoginPromptOnWishlist -->
  <testcase classname="com.flipkart.tests.WishlistTest" name="verifyWishlistPageTitle" time="0.0">
    <ignored/>
  </testcase> <!-- verifyWishlistPageTitle -->
</testsuite> <!-- Surefire test -->
