<?xml version="1.0" encoding="UTF-8"?>
<!-- Generated by org.testng.reporters.JUnitXMLReporter -->
<testsuite ignored="0" hostname="DESKTOP-GLNVC4F" failures="0" tests="15" name="Cart Tests" time="417.453" errors="0" timestamp="2026-04-05T10:18:59 IST">
  <testcase classname="com.flipkart.tests.CartTest" name="verifyBackNavigationFromCart" time="8.352"/>
  <testcase classname="com.flipkart.tests.CartTest" name="verifyCartAccessibleFromSearch" time="57.369"/>
  <testcase classname="com.flipkart.tests.CartTest" name="verifyCartIconClickNavigates" time="2.28"/>
  <testcase classname="com.flipkart.tests.CartTest" name="verifyCartIconVisible" time="0.028"/>
  <testcase classname="com.flipkart.tests.CartTest" name="verifyCartPageLoadTime" time="4.585"/>
  <testcase classname="com.flipkart.tests.CartTest" name="verifyCartPageLoads" time="4.637"/>
  <testcase classname="com.flipkart.tests.CartTest" name="verifyCartPageRefresh" time="10.709"/>
  <testcase classname="com.flipkart.tests.CartTest" name="verifyCartPageTitle" time="6.591"/>
  <testcase classname="com.flipkart.tests.CartTest" name="verifyCartUrl" time="4.885"/>
  <testcase classname="com.flipkart.tests.CartTest" name="verifyContinueShoppingButton" time="5.483"/>
  <testcase classname="com.flipkart.tests.CartTest" name="verifyContinueShoppingNavigates" time="9.304"/>
  <testcase classname="com.flipkart.tests.CartTest" name="verifyEmptyCartMessage" time="6.738"/>
  <testcase classname="com.flipkart.tests.CartTest" name="verifyHomeToCartNavigation" time="4.862"/>
  <testcase classname="com.flipkart.tests.CartTest" name="verifyLoginPromptOnCart" time="4.655"/>
  <testcase classname="com.flipkart.tests.CartTest" name="verifyPricesOnCart" time="4.695"/>
</testsuite> <!-- Cart Tests -->
