<?xml version="1.0" encoding="UTF-8"?>
<!-- Generated by org.testng.reporters.JUnitXMLReporter -->
<testsuite ignored="0" hostname="DESKTOP-GLNVC4F" failures="0" tests="15" name="Cart Tests" time="396.303" errors="0" timestamp="2026-04-09T16:15:45 IST">
  <testcase classname="com.flipkart.tests.CartTest" name="verifyBackNavigationFromCart" time="11.217"/>
  <testcase classname="com.flipkart.tests.CartTest" name="verifyCartAccessibleFromSearch" time="59.688"/>
  <testcase classname="com.flipkart.tests.CartTest" name="verifyCartIconClickNavigates" time="2.174"/>
  <testcase classname="com.flipkart.tests.CartTest" name="verifyCartIconVisible" time="0.016"/>
  <testcase classname="com.flipkart.tests.CartTest" name="verifyCartPageLoadTime" time="5.262"/>
  <testcase classname="com.flipkart.tests.CartTest" name="verifyCartPageLoads" time="6.46"/>
  <testcase classname="com.flipkart.tests.CartTest" name="verifyCartPageRefresh" time="8.753"/>
  <testcase classname="com.flipkart.tests.CartTest" name="verifyCartPageTitle" time="4.655"/>
  <testcase classname="com.flipkart.tests.CartTest" name="verifyCartUrl" time="4.712"/>
  <testcase classname="com.flipkart.tests.CartTest" name="verifyContinueShoppingButton" time="6.994"/>
  <testcase classname="com.flipkart.tests.CartTest" name="verifyContinueShoppingNavigates" time="8.371"/>
  <testcase classname="com.flipkart.tests.CartTest" name="verifyEmptyCartMessage" time="6.842"/>
  <testcase classname="com.flipkart.tests.CartTest" name="verifyHomeToCartNavigation" time="5.707"/>
  <testcase classname="com.flipkart.tests.CartTest" name="verifyLoginPromptOnCart" time="4.585"/>
  <testcase classname="com.flipkart.tests.CartTest" name="verifyPricesOnCart" time="5.004"/>
</testsuite> <!-- Cart Tests -->
