<?xml version="1.0" encoding="UTF-8"?>
<!-- Generated by org.testng.reporters.JUnitXMLReporter -->
<testsuite ignored="0" hostname="DESKTOP-GLNVC4F" failures="0" tests="10" name="Homepage Tests" time="183.85" errors="0" timestamp="2026-04-05T09:45:01 IST">
  <testcase classname="com.flipkart.tests.HomePageTest" name="verifyBannerIsVisible" time="1.253"/>
  <testcase classname="com.flipkart.tests.HomePageTest" name="verifyDealsAreVisible" time="2.071"/>
  <testcase classname="com.flipkart.tests.HomePageTest" name="verifyFooterIsVisible" time="0.109"/>
  <testcase classname="com.flipkart.tests.HomePageTest" name="verifyHomePageLoads" time="0.083"/>
  <testcase classname="com.flipkart.tests.HomePageTest" name="verifyLoginButtonIsVisible" time="0.089"/>
  <testcase classname="com.flipkart.tests.HomePageTest" name="verifyLogoClickRedirectsToHomePage" time="0.233"/>
  <testcase classname="com.flipkart.tests.HomePageTest" name="verifyLogoIsVisible" time="0.035"/>
  <testcase classname="com.flipkart.tests.HomePageTest" name="verifyNavCategoriesAreDisplayed" time="0.043"/>
  <testcase classname="com.flipkart.tests.HomePageTest" name="verifyPageTitle" time="0.098"/>
  <testcase classname="com.flipkart.tests.HomePageTest" name="verifySearchBarIsVisible" time="0.07"/>
</testsuite> <!-- Homepage Tests -->
