<?xml version="1.0" encoding="UTF-8"?>
<!-- Generated by org.testng.reporters.JUnitXMLReporter -->
<testsuite ignored="0" hostname="DESKTOP-GLNVC4F" failures="0" tests="10" name="Homepage Tests" time="164.61" errors="0" timestamp="2026-04-03T16:39:52 IST">
  <testcase classname="com.flipkart.tests.HomePageTest" name="verifyBannerIsVisible" time="1.076"/>
  <testcase classname="com.flipkart.tests.HomePageTest" name="verifyDealsAreVisible" time="2.073"/>
  <testcase classname="com.flipkart.tests.HomePageTest" name="verifyFooterIsVisible" time="0.114"/>
  <testcase classname="com.flipkart.tests.HomePageTest" name="verifyHomePageLoads" time="0.08"/>
  <testcase classname="com.flipkart.tests.HomePageTest" name="verifyLoginButtonIsVisible" time="0.085"/>
  <testcase classname="com.flipkart.tests.HomePageTest" name="verifyLogoClickRedirectsToHomePage" time="0.123"/>
  <testcase classname="com.flipkart.tests.HomePageTest" name="verifyLogoIsVisible" time="0.03"/>
  <testcase classname="com.flipkart.tests.HomePageTest" name="verifyNavCategoriesAreDisplayed" time="0.043"/>
  <testcase classname="com.flipkart.tests.HomePageTest" name="verifyPageTitle" time="0.012"/>
  <testcase classname="com.flipkart.tests.HomePageTest" name="verifySearchBarIsVisible" time="0.027"/>
</testsuite> <!-- Homepage Tests -->
