<?xml version="1.0" encoding="UTF-8"?>
<!-- Generated by org.testng.reporters.JUnitXMLReporter -->
<testsuite ignored="0" hostname="DESKTOP-GLNVC4F" failures="2" tests="13" name="Login Tests" time="488.166" errors="0" timestamp="2026-04-05T11:23:41 IST">
  <testcase classname="com.flipkart.tests.LoginTest" name="verifyCreateAccountLinkPresent" time="8.047"/>
  <testcase classname="com.flipkart.tests.LoginTest" name="verifyEmptyMobileNumber" time="10.989"/>
  <testcase classname="com.flipkart.tests.LoginTest" name="verifyInvalidMobileNumber" time="56.076"/>
  <testcase classname="com.flipkart.tests.LoginTest" name="verifyLoginButtonClickOpensLogin" time="5.88"/>
  <testcase classname="com.flipkart.tests.LoginTest" name="verifyLoginButtonVisible" time="0.015"/>
  <testcase classname="com.flipkart.tests.LoginTest" name="verifyLoginPageLoads" time="38.454">
    <failure type="java.lang.AssertionError" message="Login page should load! expected [true] but found [false]">
      <![CDATA[java.lang.AssertionError: Login page should load! expected [true] but found [false]
at com.flipkart.tests.LoginTest.verifyLoginPageLoads(LoginTest.java:35)
at java.base/java.util.ArrayList.forEach(ArrayList.java:1597)
... Removed 32 stack frames]]>
    </failure>
  </testcase> <!-- verifyLoginPageLoads -->
  <testcase classname="com.flipkart.tests.LoginTest" name="verifyLoginPageTitle" time="11.161"/>
  <testcase classname="com.flipkart.tests.LoginTest" name="verifyLoginUrl" time="9.189"/>
  <testcase classname="com.flipkart.tests.LoginTest" name="verifyMobileInputPresent" time="23.382">
    <failure type="java.lang.AssertionError" message="Mobile input should be present! expected [true] but found [false]">
      <![CDATA[java.lang.AssertionError: Mobile input should be present! expected [true] but found [false]
at com.flipkart.tests.LoginTest.verifyMobileInputPresent(LoginTest.java:45)
at java.base/java.util.ArrayList.forEach(ArrayList.java:1597)
... Removed 32 stack frames]]>
    </failure>
  </testcase> <!-- verifyMobileInputPresent -->
  <testcase classname="com.flipkart.tests.LoginTest" name="verifyPrivacyPolicyLinkPresent" time="6.062"/>
  <testcase classname="com.flipkart.tests.LoginTest" name="verifyRequestOtpButtonPresent" time="7.887"/>
  <testcase classname="com.flipkart.tests.LoginTest" name="verifyTermsOfUseLinkPresent" time="7.995"/>
  <testcase classname="com.flipkart.tests.LoginTest" name="verifyValidMobileNumber" time="54.04"/>
</testsuite> <!-- Login Tests -->
