<?xml version="1.0" encoding="UTF-8"?>
<!-- Generated by org.testng.reporters.JUnitXMLReporter -->
<testsuite ignored="0" hostname="DESKTOP-GLNVC4F" failures="0" tests="13" name="Login Tests" time="326.766" errors="0" timestamp="2026-04-09T16:21:11 IST">
  <testcase classname="com.flipkart.tests.LoginTest" name="verifyCreateAccountLinkPresent" time="6.495"/>
  <testcase classname="com.flipkart.tests.LoginTest" name="verifyEmptyMobileNumber" time="10.785"/>
  <testcase classname="com.flipkart.tests.LoginTest" name="verifyInvalidMobileNumber" time="11.2"/>
  <testcase classname="com.flipkart.tests.LoginTest" name="verifyLoginButtonClickOpensLogin" time="8.263"/>
  <testcase classname="com.flipkart.tests.LoginTest" name="verifyLoginButtonVisible" time="0.02"/>
  <testcase classname="com.flipkart.tests.LoginTest" name="verifyLoginPageLoads" time="8.29"/>
  <testcase classname="com.flipkart.tests.LoginTest" name="verifyLoginPageTitle" time="9.997"/>
  <testcase classname="com.flipkart.tests.LoginTest" name="verifyLoginUrl" time="6.302"/>
  <testcase classname="com.flipkart.tests.LoginTest" name="verifyMobileInputPresent" time="6.27"/>
  <testcase classname="com.flipkart.tests.LoginTest" name="verifyPrivacyPolicyLinkPresent" time="11.144"/>
  <testcase classname="com.flipkart.tests.LoginTest" name="verifyRequestOtpButtonPresent" time="8.292"/>
  <testcase classname="com.flipkart.tests.LoginTest" name="verifyTermsOfUseLinkPresent" time="6.241"/>
  <testcase classname="com.flipkart.tests.LoginTest" name="verifyValidMobileNumber" time="9.449"/>
</testsuite> <!-- Login Tests -->
