<?xml version="1.0" encoding="UTF-8"?>
<!-- Generated by org.testng.reporters.JUnitXMLReporter -->
<testsuite ignored="0" hostname="DESKTOP-GLNVC4F" failures="0" tests="9" name="Navigation Tests" time="262.872" errors="0" timestamp="2026-04-09T16:29:33 IST">
  <testcase classname="com.flipkart.tests.NavigationTest" name="verifyBackButtonNavigation" time="13.878"/>
  <testcase classname="com.flipkart.tests.NavigationTest" name="verifyElectronicsCategoryNavigation" time="22.373"/>
  <testcase classname="com.flipkart.tests.NavigationTest" name="verifyFashionCategoryNavigation" time="23.626"/>
  <testcase classname="com.flipkart.tests.NavigationTest" name="verifyFooterLinksPresent" time="1.102"/>
  <testcase classname="com.flipkart.tests.NavigationTest" name="verifyHelpCenterNavigation" time="7.135"/>
  <testcase classname="com.flipkart.tests.NavigationTest" name="verifyLogoClickGoesToHomepage" time="9.835"/>
  <testcase classname="com.flipkart.tests.NavigationTest" name="verifyMobilesCategoryNavigation" time="10.788"/>
  <testcase classname="com.flipkart.tests.NavigationTest" name="verifyOrdersNavigation" time="9.903"/>
  <testcase classname="com.flipkart.tests.NavigationTest" name="verifyPageTitleChanges" time="8.465"/>
</testsuite> <!-- Navigation Tests -->
