<?xml version="1.0" encoding="UTF-8"?>
<!-- Generated by org.testng.reporters.JUnitXMLReporter -->
<testsuite ignored="0" hostname="DESKTOP-GLNVC4F" failures="0" tests="8" name="Performance Tests" time="253.496" errors="0" timestamp="2026-04-09T16:35:54 IST">
  <testcase classname="com.flipkart.tests.PerformanceTest" name="verifyCartPageLoadTime" time="3.65"/>
  <testcase classname="com.flipkart.tests.PerformanceTest" name="verifyDomLoadTime" time="0.029"/>
  <testcase classname="com.flipkart.tests.PerformanceTest" name="verifyHomepageLoadTime" time="0.008"/>
  <testcase classname="com.flipkart.tests.PerformanceTest" name="verifyLoginPageLoadTime" time="6.164"/>
  <testcase classname="com.flipkart.tests.PerformanceTest" name="verifyPageResourcesLoaded" time="0.047"/>
  <testcase classname="com.flipkart.tests.PerformanceTest" name="verifyPageResponseTime" time="0.032"/>
  <testcase classname="com.flipkart.tests.PerformanceTest" name="verifyProductPageLoadTime" time="27.674"/>
  <testcase classname="com.flipkart.tests.PerformanceTest" name="verifySearchResultsLoadTime" time="15.068"/>
</testsuite> <!-- Performance Tests -->
