<?xml version="1.0" encoding="UTF-8"?>
<!-- Generated by org.testng.reporters.JUnitXMLReporter -->
<testsuite ignored="0" hostname="DESKTOP-GLNVC4F" failures="1" tests="15" name="Product Detail Tests" time="10746.033" errors="0" timestamp="2026-04-09T16:09:08 IST">
  <testcase classname="com.flipkart.tests.ProductDetailTest" name="verifyAddToCartButtonPresent" time="885.754">
    <failure type="java.lang.AssertionError" message="Add to Cart button should be present! expected [true] but found [false]">
      <![CDATA[java.lang.AssertionError: Add to Cart button should be present! expected [true] but found [false]
at com.flipkart.tests.ProductDetailTest.verifyAddToCartButtonPresent(ProductDetailTest.java:77)
at java.base/java.util.ArrayList.forEach(ArrayList.java:1597)
... Removed 32 stack frames]]>
    </failure>
  </testcase> <!-- verifyAddToCartButtonPresent -->
  <testcase classname="com.flipkart.tests.ProductDetailTest" name="verifyBuyNowButtonPresent" time="1.862"/>
  <testcase classname="com.flipkart.tests.ProductDetailTest" name="verifyDeliveryInfoDisplayed" time="0.026"/>
  <testcase classname="com.flipkart.tests.ProductDetailTest" name="verifyMrpDisplayed" time="0.02"/>
  <testcase classname="com.flipkart.tests.ProductDetailTest" name="verifyOffersDisplayed" time="6.029"/>
  <testcase classname="com.flipkart.tests.ProductDetailTest" name="verifyProductImagesDisplayed" time="0.297"/>
  <testcase classname="com.flipkart.tests.ProductDetailTest" name="verifyProductPageLoaded" time="0.013"/>
  <testcase classname="com.flipkart.tests.ProductDetailTest" name="verifyProductPriceDisplayed" time="1.036"/>
  <testcase classname="com.flipkart.tests.ProductDetailTest" name="verifyProductTitleDisplayed" time="0.038"/>
  <testcase classname="com.flipkart.tests.ProductDetailTest" name="verifyRatingDisplayed" time="1.387"/>
  <testcase classname="com.flipkart.tests.ProductDetailTest" name="verifySellerInfoDisplayed" time="4.123"/>
  <testcase classname="com.flipkart.tests.ProductDetailTest" name="verifySimilarProductsDisplayed" time="2.041"/>
  <testcase classname="com.flipkart.tests.ProductDetailTest" name="verifySpecificationsDisplayed" time="2.035"/>
  <testcase classname="com.flipkart.tests.ProductDetailTest" name="verifyThumbnailClick" time="4.23"/>
  <testcase classname="com.flipkart.tests.ProductDetailTest" name="verifyUrlContainsProductId" time="0.0">
    <skipped/>
  </testcase> <!-- verifyUrlContainsProductId -->
</testsuite> <!-- Product Detail Tests -->
