<?xml version="1.0" encoding="UTF-8"?>
<!-- Generated by org.testng.reporters.JUnitXMLReporter -->
<testsuite ignored="0" hostname="DESKTOP-GLNVC4F" failures="0" tests="15" name="Product Detail Tests" time="455.074" errors="0" timestamp="2026-04-03T17:00:53 IST">
  <testcase classname="com.flipkart.tests.ProductDetailTest" name="verifyAddToCartButtonPresent" time="1.558"/>
  <testcase classname="com.flipkart.tests.ProductDetailTest" name="verifyBuyNowButtonPresent" time="1.552"/>
  <testcase classname="com.flipkart.tests.ProductDetailTest" name="verifyDeliveryInfoDisplayed" time="0.11"/>
  <testcase classname="com.flipkart.tests.ProductDetailTest" name="verifyMrpDisplayed" time="0.045"/>
  <testcase classname="com.flipkart.tests.ProductDetailTest" name="verifyOffersDisplayed" time="0.03"/>
  <testcase classname="com.flipkart.tests.ProductDetailTest" name="verifyProductImagesDisplayed" time="0.024"/>
  <testcase classname="com.flipkart.tests.ProductDetailTest" name="verifyProductPageLoaded" time="0.022"/>
  <testcase classname="com.flipkart.tests.ProductDetailTest" name="verifyProductPriceDisplayed" time="1.035"/>
  <testcase classname="com.flipkart.tests.ProductDetailTest" name="verifyProductTitleDisplayed" time="0.042"/>
  <testcase classname="com.flipkart.tests.ProductDetailTest" name="verifyRatingDisplayed" time="0.049"/>
  <testcase classname="com.flipkart.tests.ProductDetailTest" name="verifySellerInfoDisplayed" time="0.296"/>
  <testcase classname="com.flipkart.tests.ProductDetailTest" name="verifySimilarProductsDisplayed" time="2.043"/>
  <testcase classname="com.flipkart.tests.ProductDetailTest" name="verifySpecificationsDisplayed" time="2.048"/>
  <testcase classname="com.flipkart.tests.ProductDetailTest" name="verifyThumbnailClick" time="0.635"/>
  <testcase classname="com.flipkart.tests.ProductDetailTest" name="verifyUrlContainsProductId" time="0.007"/>
</testsuite> <!-- Product Detail Tests -->
