<?xml version="1.0" encoding="UTF-8"?>
<!-- Generated by org.testng.reporters.JUnitXMLReporter -->
<testsuite ignored="0" hostname="DESKTOP-GLNVC4F" failures="1" tests="15" name="Product Listing Tests" time="2197.236" errors="0" timestamp="2026-04-09T13:10:02 IST">
  <testcase classname="com.flipkart.tests.ProductListingTest" name="verifyBrandFilterApplied" time="2.11"/>
  <testcase classname="com.flipkart.tests.ProductListingTest" name="verifyClearAllFilters" time="17.138"/>
  <testcase classname="com.flipkart.tests.ProductListingTest" name="verifyClickProductOpensDetailPage" time="4.139"/>
  <testcase classname="com.flipkart.tests.ProductListingTest" name="verifyMultipleFiltersApplied" time="4.159"/>
  <testcase classname="com.flipkart.tests.ProductListingTest" name="verifyNextPage" time="3.08"/>
  <testcase classname="com.flipkart.tests.ProductListingTest" name="verifyPagination" time="0.036"/>
  <testcase classname="com.flipkart.tests.ProductListingTest" name="verifyPriceFilterApplied" time="0.005">
    <failure type="java.lang.AssertionError" message="Products should display after price filter! expected [true] but found [false]">
      <![CDATA[java.lang.AssertionError: Products should display after price filter! expected [true] but found [false]
at com.flipkart.tests.ProductListingTest.verifyPriceFilterApplied(ProductListingTest.java:121)
at java.base/java.util.ArrayList.forEach(ArrayList.java:1597)
... Removed 32 stack frames]]>
    </failure>
  </testcase> <!-- verifyPriceFilterApplied -->
  <testcase classname="com.flipkart.tests.ProductListingTest" name="verifyPricesDisplayed" time="1.541"/>
  <testcase classname="com.flipkart.tests.ProductListingTest" name="verifyProductImagesLoaded" time="0.034"/>
  <testcase classname="com.flipkart.tests.ProductListingTest" name="verifyProductsDisplay" time="0.031"/>
  <testcase classname="com.flipkart.tests.ProductListingTest" name="verifyRatingFilterApplied" time="2.077"/>
  <testcase classname="com.flipkart.tests.ProductListingTest" name="verifySortByHighToLow" time="2.141"/>
  <testcase classname="com.flipkart.tests.ProductListingTest" name="verifySortByLowToHigh" time="2.157"/>
  <testcase classname="com.flipkart.tests.ProductListingTest" name="verifySortByNewestFirst" time="2.152"/>
  <testcase classname="com.flipkart.tests.ProductListingTest" name="verifySortByPopularity" time="2.122"/>
</testsuite> <!-- Product Listing Tests -->
