<?xml version="1.0" encoding="UTF-8"?>
<!-- Generated by org.testng.reporters.JUnitXMLReporter -->
<testsuite ignored="0" hostname="DESKTOP-GLNVC4F" failures="0" tests="15" name="Product Listing Tests" time="386.826" errors="0" timestamp="2026-04-03T16:53:17 IST">
  <testcase classname="com.flipkart.tests.ProductListingTest" name="verifyBrandFilterApplied" time="2.127"/>
  <testcase classname="com.flipkart.tests.ProductListingTest" name="verifyClearAllFilters" time="17.133"/>
  <testcase classname="com.flipkart.tests.ProductListingTest" name="verifyClickProductOpensDetailPage" time="7.376"/>
  <testcase classname="com.flipkart.tests.ProductListingTest" name="verifyMultipleFiltersApplied" time="4.194"/>
  <testcase classname="com.flipkart.tests.ProductListingTest" name="verifyNextPage" time="3.108"/>
  <testcase classname="com.flipkart.tests.ProductListingTest" name="verifyPagination" time="0.063"/>
  <testcase classname="com.flipkart.tests.ProductListingTest" name="verifyPriceFilterApplied" time="2.141"/>
  <testcase classname="com.flipkart.tests.ProductListingTest" name="verifyPricesDisplayed" time="1.559"/>
  <testcase classname="com.flipkart.tests.ProductListingTest" name="verifyProductImagesLoaded" time="0.033"/>
  <testcase classname="com.flipkart.tests.ProductListingTest" name="verifyProductsDisplay" time="0.078"/>
  <testcase classname="com.flipkart.tests.ProductListingTest" name="verifyRatingFilterApplied" time="2.161"/>
  <testcase classname="com.flipkart.tests.ProductListingTest" name="verifySortByHighToLow" time="2.189"/>
  <testcase classname="com.flipkart.tests.ProductListingTest" name="verifySortByLowToHigh" time="2.147"/>
  <testcase classname="com.flipkart.tests.ProductListingTest" name="verifySortByNewestFirst" time="2.322"/>
  <testcase classname="com.flipkart.tests.ProductListingTest" name="verifySortByPopularity" time="2.219"/>
</testsuite> <!-- Product Listing Tests -->
