<?xml version="1.0" encoding="UTF-8"?>
<!-- Generated by org.testng.reporters.JUnitXMLReporter -->
<testsuite ignored="0" hostname="DESKTOP-GLNVC4F" failures="0" tests="12" name="Search Tests" time="496.832" errors="0" timestamp="2026-04-05T09:53:18 IST">
  <testcase classname="com.flipkart.tests.SearchTest" name="verifyClickingProductNavigates" time="17.656"/>
  <testcase classname="com.flipkart.tests.SearchTest" name="verifyConsistentResults" time="28.063"/>
  <testcase classname="com.flipkart.tests.SearchTest" name="verifyPricesDisplayed" time="46.61"/>
  <testcase classname="com.flipkart.tests.SearchTest" name="verifyResultCountIsGreaterThanZero" time="12.957"/>
  <testcase classname="com.flipkart.tests.SearchTest" name="verifySearchSuggestionsAppear" time="75.355"/>
  <testcase classname="com.flipkart.tests.SearchTest" name="verifySearchUsingEnterKey" time="13.241"/>
  <testcase classname="com.flipkart.tests.SearchTest" name="verifySearchWithInvalidKeyword" time="14.182"/>
  <testcase classname="com.flipkart.tests.SearchTest" name="verifySearchWithNumbers" time="14.455"/>
  <testcase classname="com.flipkart.tests.SearchTest" name="verifySearchWithSpaces" time="13.949"/>
  <testcase classname="com.flipkart.tests.SearchTest" name="verifySearchWithSpecialCharacters" time="13.434"/>
  <testcase classname="com.flipkart.tests.SearchTest" name="verifySearchWithValidKeyword" time="11.703"/>
  <testcase classname="com.flipkart.tests.SearchTest" name="verifyUrlContainsKeyword" time="13.41"/>
</testsuite> <!-- Search Tests -->
