<?xml version="1.0" encoding="UTF-8"?>
<!-- Generated by org.testng.reporters.JUnitXMLReporter -->
<testsuite ignored="0" hostname="DESKTOP-GLNVC4F" failures="1" tests="12" name="Search Tests" time="836.945" errors="0" timestamp="2026-04-09T12:33:25 IST">
  <testcase classname="com.flipkart.tests.SearchTest" name="verifyClickingProductNavigates" time="14.043"/>
  <testcase classname="com.flipkart.tests.SearchTest" name="verifyConsistentResults" time="28.518"/>
  <testcase classname="com.flipkart.tests.SearchTest" name="verifyPricesDisplayed" time="44.656"/>
  <testcase classname="com.flipkart.tests.SearchTest" name="verifyResultCountIsGreaterThanZero" time="405.736">
    <failure type="java.lang.AssertionError" message="Result count should be &amp;gt; 0! expected [true] but found [false]">
      <![CDATA[java.lang.AssertionError: Result count should be > 0! expected [true] but found [false]
at com.flipkart.tests.SearchTest.verifyResultCountIsGreaterThanZero(SearchTest.java:41)
at java.base/java.util.ArrayList.forEach(ArrayList.java:1597)
... Removed 32 stack frames]]>
    </failure>
  </testcase> <!-- verifyResultCountIsGreaterThanZero -->
  <testcase classname="com.flipkart.tests.SearchTest" name="verifySearchSuggestionsAppear" time="75.42"/>
  <testcase classname="com.flipkart.tests.SearchTest" name="verifySearchUsingEnterKey" time="10.422"/>
  <testcase classname="com.flipkart.tests.SearchTest" name="verifySearchWithInvalidKeyword" time="10.271"/>
  <testcase classname="com.flipkart.tests.SearchTest" name="verifySearchWithNumbers" time="10.159"/>
  <testcase classname="com.flipkart.tests.SearchTest" name="verifySearchWithSpaces" time="11.906"/>
  <testcase classname="com.flipkart.tests.SearchTest" name="verifySearchWithSpecialCharacters" time="8.716"/>
  <testcase classname="com.flipkart.tests.SearchTest" name="verifySearchWithValidKeyword" time="9.648"/>
  <testcase classname="com.flipkart.tests.SearchTest" name="verifyUrlContainsKeyword" time="8.979"/>
</testsuite> <!-- Search Tests -->
