<?xml version="1.0" encoding="UTF-8"?>
<!-- Generated by org.testng.reporters.JUnitXMLReporter -->
<testsuite ignored="0" hostname="DESKTOP-GLNVC4F" failures="0" tests="7" name="UI Responsive Tests" time="127.305" errors="0" timestamp="2026-04-09T16:31:41 IST">
  <testcase classname="com.flipkart.tests.UIResponsiveTest" name="verifyFooterPresent" time="1.06"/>
  <testcase classname="com.flipkart.tests.UIResponsiveTest" name="verifyLayoutOn1366x768" time="2.111"/>
  <testcase classname="com.flipkart.tests.UIResponsiveTest" name="verifyLayoutOn1920x1080" time="2.038"/>
  <testcase classname="com.flipkart.tests.UIResponsiveTest" name="verifyNoBrokenImages" time="1.076"/>
  <testcase classname="com.flipkart.tests.UIResponsiveTest" name="verifyNoHorizontalScroll" time="0.029"/>
  <testcase classname="com.flipkart.tests.UIResponsiveTest" name="verifyPageTitleNotEmpty" time="0.012"/>
  <testcase classname="com.flipkart.tests.UIResponsiveTest" name="verifyScrollToTop" time="2.088"/>
</testsuite> <!-- UI Responsive Tests -->
