<?xml version="1.0" encoding="UTF-8"?>
<!-- Generated by org.testng.reporters.JUnitXMLReporter -->
<testsuite ignored="0" hostname="DESKTOP-GLNVC4F" failures="0" tests="8" name="Wishlist Tests" time="238.947" errors="0" timestamp="2026-04-09T16:25:10 IST">
  <testcase classname="com.flipkart.tests.WishlistTest" name="verifyBackNavigationFromWishlist" time="12.815"/>
  <testcase classname="com.flipkart.tests.WishlistTest" name="verifyLoginPromptOnWishlist" time="7.495"/>
  <testcase classname="com.flipkart.tests.WishlistTest" name="verifyWishlistAccessibleFromSearch" time="33.011"/>
  <testcase classname="com.flipkart.tests.WishlistTest" name="verifyWishlistIconClick" time="25.274"/>
  <testcase classname="com.flipkart.tests.WishlistTest" name="verifyWishlistIconVisible" time="0.081"/>
  <testcase classname="com.flipkart.tests.WishlistTest" name="verifyWishlistPageTitle" time="6.955"/>
  <testcase classname="com.flipkart.tests.WishlistTest" name="verifyWishlistRedirectsToLogin" time="9.106"/>
  <testcase classname="com.flipkart.tests.WishlistTest" name="verifyWishlistTextVisible" time="0.026"/>
</testsuite> <!-- Wishlist Tests -->
