<?xml version="1.0" encoding="UTF-8"?>
<testng-results ignored="0" total="1" passed="1" failed="0" skipped="0">
  <reporter-output>
  </reporter-output>
  <suite started-at="2026-04-05T16:08:51 IST" name="Surefire suite" finished-at="2026-04-05T16:09:31 IST" duration-ms="39881">
    <groups>
    </groups>
    <test started-at="2026-04-05T16:08:51 IST" name="Surefire test" finished-at="2026-04-05T16:09:31 IST" duration-ms="39881">
      <class name="com.flipkart.tests.WishlistTest">
        <test-method is-config="true" signature="setUp()[pri:0, instance:com.flipkart.tests.WishlistTest@1f3f4916]" started-at="2026-04-05T16:08:51 IST" name="setUp" finished-at="2026-04-05T16:09:06 IST" duration-ms="15200" status="PASS">
          <reporter-output>
          </reporter-output>
        </test-method> <!-- setUp -->
        <test-method is-config="true" signature="setUpPage()[pri:0, instance:com.flipkart.tests.WishlistTest@1f3f4916]" started-at="2026-04-05T16:09:06 IST" name="setUpPage" finished-at="2026-04-05T16:09:10 IST" duration-ms="4118" status="PASS">
          <reporter-output>
          </reporter-output>
        </test-method> <!-- setUpPage -->
        <test-method signature="verifyWishlistIconClick()[pri:0, instance:com.flipkart.tests.WishlistTest@1f3f4916]" started-at="2026-04-05T16:09:10 IST" name="verifyWishlistIconClick" description="Verify wishlist icon click navigates" finished-at="2026-04-05T16:09:31 IST" duration-ms="20157" status="PASS">
          <reporter-output>
          </reporter-output>
        </test-method> <!-- verifyWishlistIconClick -->
        <test-method is-config="true" signature="tearDown()[pri:0, instance:com.flipkart.tests.WishlistTest@1f3f4916]" started-at="2026-04-05T16:09:31 IST" name="tearDown" finished-at="2026-04-05T16:09:31 IST" duration-ms="213" status="PASS">
          <reporter-output>
          </reporter-output>
        </test-method> <!-- tearDown -->
      </class> <!-- com.flipkart.tests.WishlistTest -->
    </test> <!-- Surefire test -->
  </suite> <!-- Surefire suite -->
</testng-results>
