<?xml version="1.0" encoding="UTF-8"?>
<testng-results ignored="0" total="112" passed="107" failed="4" skipped="1">
  <reporter-output>
  </reporter-output>
  <suite started-at="2026-04-09T12:12:32 IST" name="Flipkart Test Suite" finished-at="2026-04-09T16:35:54 IST" duration-ms="15801755">
    <groups>
    </groups>
    <test started-at="2026-04-09T12:12:32 IST" name="Homepage Tests" finished-at="2026-04-09T12:19:28 IST" duration-ms="415784">
      <class name="com.flipkart.tests.HomePageTest">
        <test-method is-config="true" signature="setUp()[pri:0, instance:com.flipkart.tests.HomePageTest@7ec7ffd3]" started-at="2026-04-09T12:12:32 IST" name="setUp" finished-at="2026-04-09T12:12:46 IST" duration-ms="13735" status="PASS">
          <reporter-output>
          </reporter-output>
        </test-method> <!-- setUp -->
        <test-method is-config="true" signature="setUpPage()[pri:0, instance:com.flipkart.tests.HomePageTest@7ec7ffd3]" started-at="2026-04-09T12:12:46 IST" name="setUpPage" finished-at="2026-04-09T12:12:50 IST" duration-ms="4087" status="PASS">
          <reporter-output>
          </reporter-output>
        </test-method> <!-- setUpPage -->
        <test-method signature="verifyBannerIsVisible()[pri:0, instance:com.flipkart.tests.HomePageTest@7ec7ffd3]" started-at="2026-04-09T12:12:50 IST" name="verifyBannerIsVisible" description="Verify banner/carousel is visible" finished-at="2026-04-09T12:12:51 IST" duration-ms="1040" status="PASS">
          <reporter-output>
          </reporter-output>
        </test-method> <!-- verifyBannerIsVisible -->
        <test-method is-config="true" signature="tearDown()[pri:0, instance:com.flipkart.tests.HomePageTest@7ec7ffd3]" started-at="2026-04-09T12:12:51 IST" name="tearDown" finished-at="2026-04-09T12:12:51 IST" duration-ms="179" status="PASS">
          <reporter-output>
          </reporter-output>
        </test-method> <!-- tearDown -->
        <test-method is-config="true" signature="setUp()[pri:0, instance:com.flipkart.tests.HomePageTest@7ec7ffd3]" started-at="2026-04-09T12:12:51 IST" name="setUp" finished-at="2026-04-09T12:14:52 IST" duration-ms="120793" status="PASS">
          <reporter-output>
          </reporter-output>
        </test-method> <!-- setUp -->
        <test-method is-config="true" signature="setUpPage()[pri:0, instance:com.flipkart.tests.HomePageTest@7ec7ffd3]" started-at="2026-04-09T12:14:52 IST" name="setUpPage" finished-at="2026-04-09T12:15:40 IST" duration-ms="48135" status="PASS">
          <reporter-output>
          </reporter-output>
        </test-method> <!-- setUpPage -->
        <test-method signature="verifyDealsAreVisible()[pri:0, instance:com.flipkart.tests.HomePageTest@7ec7ffd3]" started-at="2026-04-09T12:15:40 IST" name="verifyDealsAreVisible" description="Verify Today&#039;s Deals section is visible" finished-at="2026-04-09T12:16:12 IST" duration-ms="32156" status="FAIL">
          <exception class="java.lang.AssertionError">
            <message>
              <![CDATA[Deals section is not visible! expected [true] but found [false]]]>
            </message>
            <full-stacktrace>
              <![CDATA[java.lang.AssertionError: Deals section is not visible! expected [true] but found [false]
at org.testng.Assert.fail(Assert.java:111)
at org.testng.Assert.failNotEquals(Assert.java:1578)
at org.testng.Assert.assertTrue(Assert.java:57)
at com.flipkart.tests.HomePageTest.verifyDealsAreVisible(HomePageTest.java:60)
at java.base/jdk.internal.reflect.DirectMethodHandleAccessor.invoke(DirectMethodHandleAccessor.java:103)
at java.base/java.lang.reflect.Method.invoke(Method.java:580)
at org.testng.internal.invokers.MethodInvocationHelper.invokeMethod(MethodInvocationHelper.java:141)
at org.testng.internal.invokers.TestInvoker.invokeMethod(TestInvoker.java:686)
at org.testng.internal.invokers.TestInvoker.invokeTestMethod(TestInvoker.java:230)
at org.testng.internal.invokers.MethodRunner.runInSequence(MethodRunner.java:63)
at org.testng.internal.invokers.TestInvoker$MethodInvocationAgent.invoke(TestInvoker.java:992)
at org.testng.internal.invokers.TestInvoker.invokeTestMethods(TestInvoker.java:203)
at org.testng.internal.invokers.TestMethodWorker.invokeTestMethods(TestMethodWorker.java:154)
at org.testng.internal.invokers.TestMethodWorker.run(TestMethodWorker.java:134)
at java.base/java.util.ArrayList.forEach(ArrayList.java:1597)
at org.testng.TestRunner.privateRun(TestRunner.java:739)
at org.testng.TestRunner.run(TestRunner.java:614)
at org.testng.SuiteRunner.runTest(SuiteRunner.java:421)
at org.testng.SuiteRunner.runSequentially(SuiteRunner.java:413)
at org.testng.SuiteRunner.privateRun(SuiteRunner.java:373)
at org.testng.SuiteRunner.run(SuiteRunner.java:312)
at org.testng.SuiteRunnerWorker.runSuite(SuiteRunnerWorker.java:52)
at org.testng.SuiteRunnerWorker.run(SuiteRunnerWorker.java:95)
at org.testng.TestNG.runSuitesSequentially(TestNG.java:1274)
at org.testng.TestNG.runSuitesLocally(TestNG.java:1208)
at org.testng.TestNG.runSuites(TestNG.java:1112)
at org.testng.TestNG.run(TestNG.java:1079)
at org.apache.maven.surefire.testng.TestNGExecutor.run(TestNGExecutor.java:308)
at org.apache.maven.surefire.testng.TestNGXmlTestSuite.execute(TestNGXmlTestSuite.java:71)
at org.apache.maven.surefire.testng.TestNGProvider.invoke(TestNGProvider.java:113)
at org.apache.maven.surefire.booter.ForkedBooter.runSuitesInProcess(ForkedBooter.java:385)
at org.apache.maven.surefire.booter.ForkedBooter.execute(ForkedBooter.java:162)
at org.apache.maven.surefire.booter.ForkedBooter.run(ForkedBooter.java:507)
at org.apache.maven.surefire.booter.ForkedBooter.main(ForkedBooter.java:495)
]]>
            </full-stacktrace>
          </exception> <!-- java.lang.AssertionError -->
          <reporter-output>
          </reporter-output>
        </test-method> <!-- verifyDealsAreVisible -->
        <test-method is-config="true" signature="tearDown()[pri:0, instance:com.flipkart.tests.HomePageTest@7ec7ffd3]" started-at="2026-04-09T12:17:13 IST" name="tearDown" finished-at="2026-04-09T12:17:13 IST" duration-ms="230" status="PASS">
          <reporter-output>
          </reporter-output>
        </test-method> <!-- tearDown -->
        <test-method is-config="true" signature="setUp()[pri:0, instance:com.flipkart.tests.HomePageTest@7ec7ffd3]" started-at="2026-04-09T12:17:13 IST" name="setUp" finished-at="2026-04-09T12:17:27 IST" duration-ms="14640" status="PASS">
          <reporter-output>
          </reporter-output>
        </test-method> <!-- setUp -->
        <test-method is-config="true" signature="setUpPage()[pri:0, instance:com.flipkart.tests.HomePageTest@7ec7ffd3]" started-at="2026-04-09T12:17:27 IST" name="setUpPage" finished-at="2026-04-09T12:17:31 IST" duration-ms="4051" status="PASS">
          <reporter-output>
          </reporter-output>
        </test-method> <!-- setUpPage -->
        <test-method signature="verifyFooterIsVisible()[pri:0, instance:com.flipkart.tests.HomePageTest@7ec7ffd3]" started-at="2026-04-09T12:17:31 IST" name="verifyFooterIsVisible" description="Verify footer is present" finished-at="2026-04-09T12:17:32 IST" duration-ms="136" status="PASS">
          <reporter-output>
          </reporter-output>
        </test-method> <!-- verifyFooterIsVisible -->
        <test-method is-config="true" signature="tearDown()[pri:0, instance:com.flipkart.tests.HomePageTest@7ec7ffd3]" started-at="2026-04-09T12:17:32 IST" name="tearDown" finished-at="2026-04-09T12:17:32 IST" duration-ms="175" status="PASS">
          <reporter-output>
          </reporter-output>
        </test-method> <!-- tearDown -->
        <test-method is-config="true" signature="setUp()[pri:0, instance:com.flipkart.tests.HomePageTest@7ec7ffd3]" started-at="2026-04-09T12:17:32 IST" name="setUp" finished-at="2026-04-09T12:17:44 IST" duration-ms="12031" status="PASS">
          <reporter-output>
          </reporter-output>
        </test-method> <!-- setUp -->
        <test-method is-config="true" signature="setUpPage()[pri:0, instance:com.flipkart.tests.HomePageTest@7ec7ffd3]" started-at="2026-04-09T12:17:44 IST" name="setUpPage" finished-at="2026-04-09T12:17:48 IST" duration-ms="4057" status="PASS">
          <reporter-output>
          </reporter-output>
        </test-method> <!-- setUpPage -->
        <test-method signature="verifyHomePageLoads()[pri:0, instance:com.flipkart.tests.HomePageTest@7ec7ffd3]" started-at="2026-04-09T12:17:48 IST" name="verifyHomePageLoads" description="Verify homepage loads successfully" finished-at="2026-04-09T12:17:48 IST" duration-ms="54" status="PASS">
          <reporter-output>
          </reporter-output>
        </test-method> <!-- verifyHomePageLoads -->
        <test-method is-config="true" signature="tearDown()[pri:0, instance:com.flipkart.tests.HomePageTest@7ec7ffd3]" started-at="2026-04-09T12:17:48 IST" name="tearDown" finished-at="2026-04-09T12:17:48 IST" duration-ms="214" status="PASS">
          <reporter-output>
          </reporter-output>
        </test-method> <!-- tearDown -->
        <test-method is-config="true" signature="setUp()[pri:0, instance:com.flipkart.tests.HomePageTest@7ec7ffd3]" started-at="2026-04-09T12:17:48 IST" name="setUp" finished-at="2026-04-09T12:18:04 IST" duration-ms="15823" status="PASS">
          <reporter-output>
          </reporter-output>
        </test-method> <!-- setUp -->
        <test-method is-config="true" signature="setUpPage()[pri:0, instance:com.flipkart.tests.HomePageTest@7ec7ffd3]" started-at="2026-04-09T12:18:04 IST" name="setUpPage" finished-at="2026-04-09T12:18:08 IST" duration-ms="4045" status="PASS">
          <reporter-output>
          </reporter-output>
        </test-method> <!-- setUpPage -->
        <test-method signature="verifyLoginButtonIsVisible()[pri:0, instance:com.flipkart.tests.HomePageTest@7ec7ffd3]" started-at="2026-04-09T12:18:08 IST" name="verifyLoginButtonIsVisible" description="Verify login button is visible" finished-at="2026-04-09T12:18:08 IST" duration-ms="54" status="PASS">
          <reporter-output>
          </reporter-output>
        </test-method> <!-- verifyLoginButtonIsVisible -->
        <test-method is-config="true" signature="tearDown()[pri:0, instance:com.flipkart.tests.HomePageTest@7ec7ffd3]" started-at="2026-04-09T12:18:08 IST" name="tearDown" finished-at="2026-04-09T12:18:08 IST" duration-ms="178" status="PASS">
          <reporter-output>
          </reporter-output>
        </test-method> <!-- tearDown -->
        <test-method is-config="true" signature="setUp()[pri:0, instance:com.flipkart.tests.HomePageTest@7ec7ffd3]" started-at="2026-04-09T12:18:08 IST" name="setUp" finished-at="2026-04-09T12:18:19 IST" duration-ms="10530" status="PASS">
          <reporter-output>
          </reporter-output>
        </test-method> <!-- setUp -->
        <test-method is-config="true" signature="setUpPage()[pri:0, instance:com.flipkart.tests.HomePageTest@7ec7ffd3]" started-at="2026-04-09T12:18:19 IST" name="setUpPage" finished-at="2026-04-09T12:18:23 IST" duration-ms="4055" status="PASS">
          <reporter-output>
          </reporter-output>
        </test-method> <!-- setUpPage -->
        <test-method signature="verifyLogoClickRedirectsToHomePage()[pri:0, instance:com.flipkart.tests.HomePageTest@7ec7ffd3]" started-at="2026-04-09T12:18:23 IST" name="verifyLogoClickRedirectsToHomePage" description="Verify Flipkart logo click redirects to homepage" finished-at="2026-04-09T12:18:23 IST" duration-ms="116" status="PASS">
          <reporter-output>
          </reporter-output>
        </test-method> <!-- verifyLogoClickRedirectsToHomePage -->
        <test-method is-config="true" signature="tearDown()[pri:0, instance:com.flipkart.tests.HomePageTest@7ec7ffd3]" started-at="2026-04-09T12:18:23 IST" name="tearDown" finished-at="2026-04-09T12:18:23 IST" duration-ms="191" status="PASS">
          <reporter-output>
          </reporter-output>
        </test-method> <!-- tearDown -->
        <test-method is-config="true" signature="setUp()[pri:0, instance:com.flipkart.tests.HomePageTest@7ec7ffd3]" started-at="2026-04-09T12:18:23 IST" name="setUp" finished-at="2026-04-09T12:18:35 IST" duration-ms="11666" status="PASS">
          <reporter-output>
          </reporter-output>
        </test-method> <!-- setUp -->
        <test-method is-config="true" signature="setUpPage()[pri:0, instance:com.flipkart.tests.HomePageTest@7ec7ffd3]" started-at="2026-04-09T12:18:35 IST" name="setUpPage" finished-at="2026-04-09T12:18:39 IST" duration-ms="4055" status="PASS">
          <reporter-output>
          </reporter-output>
        </test-method> <!-- setUpPage -->
        <test-method signature="verifyLogoIsVisible()[pri:0, instance:com.flipkart.tests.HomePageTest@7ec7ffd3]" started-at="2026-04-09T12:18:39 IST" name="verifyLogoIsVisible" description="Verify Flipkart logo is visible" finished-at="2026-04-09T12:18:39 IST" duration-ms="31" status="PASS">
          <reporter-output>
          </reporter-output>
        </test-method> <!-- verifyLogoIsVisible -->
        <test-method is-config="true" signature="tearDown()[pri:0, instance:com.flipkart.tests.HomePageTest@7ec7ffd3]" started-at="2026-04-09T12:18:39 IST" name="tearDown" finished-at="2026-04-09T12:18:41 IST" duration-ms="1699" status="PASS">
          <reporter-output>
          </reporter-output>
        </test-method> <!-- tearDown -->
        <test-method is-config="true" signature="setUp()[pri:0, instance:com.flipkart.tests.HomePageTest@7ec7ffd3]" started-at="2026-04-09T12:18:41 IST" name="setUp" finished-at="2026-04-09T12:18:52 IST" duration-ms="11636" status="PASS">
          <reporter-output>
          </reporter-output>
        </test-method> <!-- setUp -->
        <test-method is-config="true" signature="setUpPage()[pri:0, instance:com.flipkart.tests.HomePageTest@7ec7ffd3]" started-at="2026-04-09T12:18:52 IST" name="setUpPage" finished-at="2026-04-09T12:18:56 IST" duration-ms="4043" status="PASS">
          <reporter-output>
          </reporter-output>
        </test-method> <!-- setUpPage -->
        <test-method signature="verifyNavCategoriesAreDisplayed()[pri:0, instance:com.flipkart.tests.HomePageTest@7ec7ffd3]" started-at="2026-04-09T12:18:56 IST" name="verifyNavCategoriesAreDisplayed" description="Verify top navigation categories are displayed" finished-at="2026-04-09T12:18:56 IST" duration-ms="36" status="PASS">
          <reporter-output>
          </reporter-output>
        </test-method> <!-- verifyNavCategoriesAreDisplayed -->
        <test-method is-config="true" signature="tearDown()[pri:0, instance:com.flipkart.tests.HomePageTest@7ec7ffd3]" started-at="2026-04-09T12:18:56 IST" name="tearDown" finished-at="2026-04-09T12:18:56 IST" duration-ms="181" status="PASS">
          <reporter-output>
          </reporter-output>
        </test-method> <!-- tearDown -->
        <test-method is-config="true" signature="setUp()[pri:0, instance:com.flipkart.tests.HomePageTest@7ec7ffd3]" started-at="2026-04-09T12:18:56 IST" name="setUp" finished-at="2026-04-09T12:19:08 IST" duration-ms="11840" status="PASS">
          <reporter-output>
          </reporter-output>
        </test-method> <!-- setUp -->
        <test-method is-config="true" signature="setUpPage()[pri:0, instance:com.flipkart.tests.HomePageTest@7ec7ffd3]" started-at="2026-04-09T12:19:08 IST" name="setUpPage" finished-at="2026-04-09T12:19:12 IST" duration-ms="4048" status="PASS">
          <reporter-output>
          </reporter-output>
        </test-method> <!-- setUpPage -->
        <test-method signature="verifyPageTitle()[pri:0, instance:com.flipkart.tests.HomePageTest@7ec7ffd3]" started-at="2026-04-09T12:19:12 IST" name="verifyPageTitle" description="Verify page title is correct" finished-at="2026-04-09T12:19:12 IST" duration-ms="15" status="PASS">
          <reporter-output>
          </reporter-output>
        </test-method> <!-- verifyPageTitle -->
        <test-method is-config="true" signature="tearDown()[pri:0, instance:com.flipkart.tests.HomePageTest@7ec7ffd3]" started-at="2026-04-09T12:19:12 IST" name="tearDown" finished-at="2026-04-09T12:19:13 IST" duration-ms="174" status="PASS">
          <reporter-output>
          </reporter-output>
        </test-method> <!-- tearDown -->
        <test-method is-config="true" signature="setUp()[pri:0, instance:com.flipkart.tests.HomePageTest@7ec7ffd3]" started-at="2026-04-09T12:19:13 IST" name="setUp" finished-at="2026-04-09T12:19:24 IST" duration-ms="11245" status="PASS">
          <reporter-output>
          </reporter-output>
        </test-method> <!-- setUp -->
        <test-method is-config="true" signature="setUpPage()[pri:0, instance:com.flipkart.tests.HomePageTest@7ec7ffd3]" started-at="2026-04-09T12:19:24 IST" name="setUpPage" finished-at="2026-04-09T12:19:28 IST" duration-ms="4053" status="PASS">
          <reporter-output>
          </reporter-output>
        </test-method> <!-- setUpPage -->
        <test-method signature="verifySearchBarIsVisible()[pri:0, instance:com.flipkart.tests.HomePageTest@7ec7ffd3]" started-at="2026-04-09T12:19:28 IST" name="verifySearchBarIsVisible" description="Verify search bar is present" finished-at="2026-04-09T12:19:28 IST" duration-ms="55" status="PASS">
          <reporter-output>
          </reporter-output>
        </test-method> <!-- verifySearchBarIsVisible -->
        <test-method is-config="true" signature="tearDown()[pri:0, instance:com.flipkart.tests.HomePageTest@7ec7ffd3]" started-at="2026-04-09T12:19:28 IST" name="tearDown" finished-at="2026-04-09T12:19:28 IST" duration-ms="195" status="PASS">
          <reporter-output>
          </reporter-output>
        </test-method> <!-- tearDown -->
      </class> <!-- com.flipkart.tests.HomePageTest -->
    </test> <!-- Homepage Tests -->
    <test started-at="2026-04-09T12:19:28 IST" name="Search Tests" finished-at="2026-04-09T12:33:25 IST" duration-ms="836945">
      <class name="com.flipkart.tests.SearchTest">
        <test-method is-config="true" signature="setUp()[pri:0, instance:com.flipkart.tests.SearchTest@54d9d12d]" started-at="2026-04-09T12:19:28 IST" name="setUp" finished-at="2026-04-09T12:19:39 IST" duration-ms="10800" status="PASS">
          <reporter-output>
          </reporter-output>
        </test-method> <!-- setUp -->
        <test-method is-config="true" signature="setUpPage()[pri:0, instance:com.flipkart.tests.SearchTest@54d9d12d]" started-at="2026-04-09T12:19:39 IST" name="setUpPage" finished-at="2026-04-09T12:19:43 IST" duration-ms="4075" status="PASS">
          <reporter-output>
          </reporter-output>
        </test-method> <!-- setUpPage -->
        <test-method signature="verifyClickingProductNavigates()[pri:0, instance:com.flipkart.tests.SearchTest@54d9d12d]" started-at="2026-04-09T12:19:43 IST" name="verifyClickingProductNavigates" description="Click first product and verify navigation" finished-at="2026-04-09T12:19:57 IST" duration-ms="14043" status="PASS">
          <reporter-output>
          </reporter-output>
        </test-method> <!-- verifyClickingProductNavigates -->
        <test-method is-config="true" signature="tearDown()[pri:0, instance:com.flipkart.tests.SearchTest@54d9d12d]" started-at="2026-04-09T12:19:57 IST" name="tearDown" finished-at="2026-04-09T12:19:57 IST" duration-ms="209" status="PASS">
          <reporter-output>
          </reporter-output>
        </test-method> <!-- tearDown -->
        <test-method is-config="true" signature="setUp()[pri:0, instance:com.flipkart.tests.SearchTest@54d9d12d]" started-at="2026-04-09T12:19:57 IST" name="setUp" finished-at="2026-04-09T12:20:10 IST" duration-ms="12789" status="PASS">
          <reporter-output>
          </reporter-output>
        </test-method> <!-- setUp -->
        <test-method is-config="true" signature="setUpPage()[pri:0, instance:com.flipkart.tests.SearchTest@54d9d12d]" started-at="2026-04-09T12:20:10 IST" name="setUpPage" finished-at="2026-04-09T12:20:14 IST" duration-ms="4037" status="PASS">
          <reporter-output>
          </reporter-output>
        </test-method> <!-- setUpPage -->
        <test-method signature="verifyConsistentResults()[pri:0, instance:com.flipkart.tests.SearchTest@54d9d12d]" started-at="2026-04-09T12:20:14 IST" name="verifyConsistentResults" description="Search same keyword twice — consistent results" finished-at="2026-04-09T12:20:43 IST" duration-ms="28518" status="PASS">
          <reporter-output>
          </reporter-output>
        </test-method> <!-- verifyConsistentResults -->
        <test-method is-config="true" signature="tearDown()[pri:0, instance:com.flipkart.tests.SearchTest@54d9d12d]" started-at="2026-04-09T12:20:43 IST" name="tearDown" finished-at="2026-04-09T12:20:43 IST" duration-ms="245" status="PASS">
          <reporter-output>
          </reporter-output>
        </test-method> <!-- tearDown -->
        <test-method is-config="true" signature="setUp()[pri:0, instance:com.flipkart.tests.SearchTest@54d9d12d]" started-at="2026-04-09T12:20:43 IST" name="setUp" finished-at="2026-04-09T12:20:59 IST" duration-ms="15663" status="PASS">
          <reporter-output>
          </reporter-output>
        </test-method> <!-- setUp -->
        <test-method is-config="true" signature="setUpPage()[pri:0, instance:com.flipkart.tests.SearchTest@54d9d12d]" started-at="2026-04-09T12:20:59 IST" name="setUpPage" finished-at="2026-04-09T12:21:03 IST" duration-ms="4048" status="PASS">
          <reporter-output>
          </reporter-output>
        </test-method> <!-- setUpPage -->
        <test-method signature="verifyPricesDisplayed()[pri:0, instance:com.flipkart.tests.SearchTest@54d9d12d]" started-at="2026-04-09T12:21:03 IST" name="verifyPricesDisplayed" description="Verify prices shown in search results" finished-at="2026-04-09T12:21:47 IST" duration-ms="44656" status="PASS">
          <reporter-output>
          </reporter-output>
        </test-method> <!-- verifyPricesDisplayed -->
        <test-method is-config="true" signature="tearDown()[pri:0, instance:com.flipkart.tests.SearchTest@54d9d12d]" started-at="2026-04-09T12:21:47 IST" name="tearDown" finished-at="2026-04-09T12:21:47 IST" duration-ms="248" status="PASS">
          <reporter-output>
          </reporter-output>
        </test-method> <!-- tearDown -->
        <test-method is-config="true" signature="setUp()[pri:0, instance:com.flipkart.tests.SearchTest@54d9d12d]" started-at="2026-04-09T12:21:47 IST" name="setUp" finished-at="2026-04-09T12:22:00 IST" duration-ms="12741" status="PASS">
          <reporter-output>
          </reporter-output>
        </test-method> <!-- setUp -->
        <test-method is-config="true" signature="setUpPage()[pri:0, instance:com.flipkart.tests.SearchTest@54d9d12d]" started-at="2026-04-09T12:22:00 IST" name="setUpPage" finished-at="2026-04-09T12:22:04 IST" duration-ms="4049" status="PASS">
          <reporter-output>
          </reporter-output>
        </test-method> <!-- setUpPage -->
        <test-method signature="verifyResultCountIsGreaterThanZero()[pri:0, instance:com.flipkart.tests.SearchTest@54d9d12d]" started-at="2026-04-09T12:22:04 IST" name="verifyResultCountIsGreaterThanZero" description="Verify search result count is greater than 0" finished-at="2026-04-09T12:28:50 IST" duration-ms="405736" status="FAIL">
          <exception class="java.lang.AssertionError">
            <message>
              <![CDATA[Result count should be > 0! expected [true] but found [false]]]>
            </message>
            <full-stacktrace>
              <![CDATA[java.lang.AssertionError: Result count should be > 0! expected [true] but found [false]
at org.testng.Assert.fail(Assert.java:111)
at org.testng.Assert.failNotEquals(Assert.java:1578)
at org.testng.Assert.assertTrue(Assert.java:57)
at com.flipkart.tests.SearchTest.verifyResultCountIsGreaterThanZero(SearchTest.java:41)
at java.base/jdk.internal.reflect.DirectMethodHandleAccessor.invoke(DirectMethodHandleAccessor.java:103)
at java.base/java.lang.reflect.Method.invoke(Method.java:580)
at org.testng.internal.invokers.MethodInvocationHelper.invokeMethod(MethodInvocationHelper.java:141)
at org.testng.internal.invokers.TestInvoker.invokeMethod(TestInvoker.java:686)
at org.testng.internal.invokers.TestInvoker.invokeTestMethod(TestInvoker.java:230)
at org.testng.internal.invokers.MethodRunner.runInSequence(MethodRunner.java:63)
at org.testng.internal.invokers.TestInvoker$MethodInvocationAgent.invoke(TestInvoker.java:992)
at org.testng.internal.invokers.TestInvoker.invokeTestMethods(TestInvoker.java:203)
at org.testng.internal.invokers.TestMethodWorker.invokeTestMethods(TestMethodWorker.java:154)
at org.testng.internal.invokers.TestMethodWorker.run(TestMethodWorker.java:134)
at java.base/java.util.ArrayList.forEach(ArrayList.java:1597)
at org.testng.TestRunner.privateRun(TestRunner.java:739)
at org.testng.TestRunner.run(TestRunner.java:614)
at org.testng.SuiteRunner.runTest(SuiteRunner.java:421)
at org.testng.SuiteRunner.runSequentially(SuiteRunner.java:413)
at org.testng.SuiteRunner.privateRun(SuiteRunner.java:373)
at org.testng.SuiteRunner.run(SuiteRunner.java:312)
at org.testng.SuiteRunnerWorker.runSuite(SuiteRunnerWorker.java:52)
at org.testng.SuiteRunnerWorker.run(SuiteRunnerWorker.java:95)
at org.testng.TestNG.runSuitesSequentially(TestNG.java:1274)
at org.testng.TestNG.runSuitesLocally(TestNG.java:1208)
at org.testng.TestNG.runSuites(TestNG.java:1112)
at org.testng.TestNG.run(TestNG.java:1079)
at org.apache.maven.surefire.testng.TestNGExecutor.run(TestNGExecutor.java:308)
at org.apache.maven.surefire.testng.TestNGXmlTestSuite.execute(TestNGXmlTestSuite.java:71)
at org.apache.maven.surefire.testng.TestNGProvider.invoke(TestNGProvider.java:113)
at org.apache.maven.surefire.booter.ForkedBooter.runSuitesInProcess(ForkedBooter.java:385)
at org.apache.maven.surefire.booter.ForkedBooter.execute(ForkedBooter.java:162)
at org.apache.maven.surefire.booter.ForkedBooter.run(ForkedBooter.java:507)
at org.apache.maven.surefire.booter.ForkedBooter.main(ForkedBooter.java:495)
]]>
            </full-stacktrace>
          </exception> <!-- java.lang.AssertionError -->
          <reporter-output>
          </reporter-output>
        </test-method> <!-- verifyResultCountIsGreaterThanZero -->
        <test-method is-config="true" signature="tearDown()[pri:0, instance:com.flipkart.tests.SearchTest@54d9d12d]" started-at="2026-04-09T12:28:50 IST" name="tearDown" finished-at="2026-04-09T12:28:51 IST" duration-ms="43" status="PASS">
          <reporter-output>
          </reporter-output>
        </test-method> <!-- tearDown -->
        <test-method is-config="true" signature="setUp()[pri:0, instance:com.flipkart.tests.SearchTest@54d9d12d]" started-at="2026-04-09T12:28:51 IST" name="setUp" finished-at="2026-04-09T12:29:01 IST" duration-ms="10951" status="PASS">
          <reporter-output>
          </reporter-output>
        </test-method> <!-- setUp -->
        <test-method is-config="true" signature="setUpPage()[pri:0, instance:com.flipkart.tests.SearchTest@54d9d12d]" started-at="2026-04-09T12:29:01 IST" name="setUpPage" finished-at="2026-04-09T12:29:06 IST" duration-ms="4051" status="PASS">
          <reporter-output>
          </reporter-output>
        </test-method> <!-- setUpPage -->
        <test-method signature="verifySearchSuggestionsAppear()[pri:0, instance:com.flipkart.tests.SearchTest@54d9d12d]" started-at="2026-04-09T12:29:06 IST" name="verifySearchSuggestionsAppear" description="Verify search suggestions appear while typing" finished-at="2026-04-09T12:30:21 IST" duration-ms="75420" status="PASS">
          <reporter-output>
          </reporter-output>
        </test-method> <!-- verifySearchSuggestionsAppear -->
        <test-method is-config="true" signature="tearDown()[pri:0, instance:com.flipkart.tests.SearchTest@54d9d12d]" started-at="2026-04-09T12:30:21 IST" name="tearDown" finished-at="2026-04-09T12:30:21 IST" duration-ms="316" status="PASS">
          <reporter-output>
          </reporter-output>
        </test-method> <!-- tearDown -->
        <test-method is-config="true" signature="setUp()[pri:0, instance:com.flipkart.tests.SearchTest@54d9d12d]" started-at="2026-04-09T12:30:21 IST" name="setUp" finished-at="2026-04-09T12:30:33 IST" duration-ms="11798" status="PASS">
          <reporter-output>
          </reporter-output>
        </test-method> <!-- setUp -->
        <test-method is-config="true" signature="setUpPage()[pri:0, instance:com.flipkart.tests.SearchTest@54d9d12d]" started-at="2026-04-09T12:30:33 IST" name="setUpPage" finished-at="2026-04-09T12:30:37 IST" duration-ms="4052" status="PASS">
          <reporter-output>
          </reporter-output>
        </test-method> <!-- setUpPage -->
        <test-method signature="verifySearchUsingEnterKey()[pri:0, instance:com.flipkart.tests.SearchTest@54d9d12d]" started-at="2026-04-09T12:30:37 IST" name="verifySearchUsingEnterKey" description="Search using Enter key" finished-at="2026-04-09T12:30:48 IST" duration-ms="10422" status="PASS">
          <reporter-output>
          </reporter-output>
        </test-method> <!-- verifySearchUsingEnterKey -->
        <test-method is-config="true" signature="tearDown()[pri:0, instance:com.flipkart.tests.SearchTest@54d9d12d]" started-at="2026-04-09T12:30:48 IST" name="tearDown" finished-at="2026-04-09T12:30:48 IST" duration-ms="311" status="PASS">
          <reporter-output>
          </reporter-output>
        </test-method> <!-- tearDown -->
        <test-method is-config="true" signature="setUp()[pri:0, instance:com.flipkart.tests.SearchTest@54d9d12d]" started-at="2026-04-09T12:30:48 IST" name="setUp" finished-at="2026-04-09T12:31:00 IST" duration-ms="12064" status="PASS">
          <reporter-output>
          </reporter-output>
        </test-method> <!-- setUp -->
        <test-method is-config="true" signature="setUpPage()[pri:0, instance:com.flipkart.tests.SearchTest@54d9d12d]" started-at="2026-04-09T12:31:00 IST" name="setUpPage" finished-at="2026-04-09T12:31:04 IST" duration-ms="4069" status="PASS">
          <reporter-output>
          </reporter-output>
        </test-method> <!-- setUpPage -->
        <test-method signature="verifySearchWithInvalidKeyword()[pri:0, instance:com.flipkart.tests.SearchTest@54d9d12d]" started-at="2026-04-09T12:31:04 IST" name="verifySearchWithInvalidKeyword" description="Search invalid keyword and verify no results" finished-at="2026-04-09T12:31:14 IST" duration-ms="10271" status="PASS">
          <reporter-output>
          </reporter-output>
        </test-method> <!-- verifySearchWithInvalidKeyword -->
        <test-method is-config="true" signature="tearDown()[pri:0, instance:com.flipkart.tests.SearchTest@54d9d12d]" started-at="2026-04-09T12:31:14 IST" name="tearDown" finished-at="2026-04-09T12:31:15 IST" duration-ms="343" status="PASS">
          <reporter-output>
          </reporter-output>
        </test-method> <!-- tearDown -->
        <test-method is-config="true" signature="setUp()[pri:0, instance:com.flipkart.tests.SearchTest@54d9d12d]" started-at="2026-04-09T12:31:15 IST" name="setUp" finished-at="2026-04-09T12:31:27 IST" duration-ms="12135" status="PASS">
          <reporter-output>
          </reporter-output>
        </test-method> <!-- setUp -->
        <test-method is-config="true" signature="setUpPage()[pri:0, instance:com.flipkart.tests.SearchTest@54d9d12d]" started-at="2026-04-09T12:31:27 IST" name="setUpPage" finished-at="2026-04-09T12:31:31 IST" duration-ms="4070" status="PASS">
          <reporter-output>
          </reporter-output>
        </test-method> <!-- setUpPage -->
        <test-method signature="verifySearchWithNumbers()[pri:0, instance:com.flipkart.tests.SearchTest@54d9d12d]" started-at="2026-04-09T12:31:31 IST" name="verifySearchWithNumbers" description="Search with numbers only" finished-at="2026-04-09T12:31:41 IST" duration-ms="10159" status="PASS">
          <reporter-output>
          </reporter-output>
        </test-method> <!-- verifySearchWithNumbers -->
        <test-method is-config="true" signature="tearDown()[pri:0, instance:com.flipkart.tests.SearchTest@54d9d12d]" started-at="2026-04-09T12:31:41 IST" name="tearDown" finished-at="2026-04-09T12:31:41 IST" duration-ms="347" status="PASS">
          <reporter-output>
          </reporter-output>
        </test-method> <!-- tearDown -->
        <test-method is-config="true" signature="setUp()[pri:0, instance:com.flipkart.tests.SearchTest@54d9d12d]" started-at="2026-04-09T12:31:41 IST" name="setUp" finished-at="2026-04-09T12:31:54 IST" duration-ms="12226" status="PASS">
          <reporter-output>
          </reporter-output>
        </test-method> <!-- setUp -->
        <test-method is-config="true" signature="setUpPage()[pri:0, instance:com.flipkart.tests.SearchTest@54d9d12d]" started-at="2026-04-09T12:31:54 IST" name="setUpPage" finished-at="2026-04-09T12:31:58 IST" duration-ms="4047" status="PASS">
          <reporter-output>
          </reporter-output>
        </test-method> <!-- setUpPage -->
        <test-method signature="verifySearchWithSpaces()[pri:0, instance:com.flipkart.tests.SearchTest@54d9d12d]" started-at="2026-04-09T12:31:58 IST" name="verifySearchWithSpaces" description="Search with spaces and verify results" finished-at="2026-04-09T12:32:09 IST" duration-ms="11906" status="PASS">
          <reporter-output>
          </reporter-output>
        </test-method> <!-- verifySearchWithSpaces -->
        <test-method is-config="true" signature="tearDown()[pri:0, instance:com.flipkart.tests.SearchTest@54d9d12d]" started-at="2026-04-09T12:32:09 IST" name="tearDown" finished-at="2026-04-09T12:32:10 IST" duration-ms="204" status="PASS">
          <reporter-output>
          </reporter-output>
        </test-method> <!-- tearDown -->
        <test-method is-config="true" signature="setUp()[pri:0, instance:com.flipkart.tests.SearchTest@54d9d12d]" started-at="2026-04-09T12:32:10 IST" name="setUp" finished-at="2026-04-09T12:32:21 IST" duration-ms="11550" status="PASS">
          <reporter-output>
          </reporter-output>
        </test-method> <!-- setUp -->
        <test-method is-config="true" signature="setUpPage()[pri:0, instance:com.flipkart.tests.SearchTest@54d9d12d]" started-at="2026-04-09T12:32:21 IST" name="setUpPage" finished-at="2026-04-09T12:32:25 IST" duration-ms="4047" status="PASS">
          <reporter-output>
          </reporter-output>
        </test-method> <!-- setUpPage -->
        <test-method signature="verifySearchWithSpecialCharacters()[pri:0, instance:com.flipkart.tests.SearchTest@54d9d12d]" started-at="2026-04-09T12:32:25 IST" name="verifySearchWithSpecialCharacters" description="Search with special characters" finished-at="2026-04-09T12:32:34 IST" duration-ms="8716" status="PASS">
          <reporter-output>
          </reporter-output>
        </test-method> <!-- verifySearchWithSpecialCharacters -->
        <test-method is-config="true" signature="tearDown()[pri:0, instance:com.flipkart.tests.SearchTest@54d9d12d]" started-at="2026-04-09T12:32:34 IST" name="tearDown" finished-at="2026-04-09T12:32:34 IST" duration-ms="235" status="PASS">
          <reporter-output>
          </reporter-output>
        </test-method> <!-- tearDown -->
        <test-method is-config="true" signature="setUp()[pri:0, instance:com.flipkart.tests.SearchTest@54d9d12d]" started-at="2026-04-09T12:32:34 IST" name="setUp" finished-at="2026-04-09T12:32:45 IST" duration-ms="11028" status="PASS">
          <reporter-output>
          </reporter-output>
        </test-method> <!-- setUp -->
        <test-method is-config="true" signature="setUpPage()[pri:0, instance:com.flipkart.tests.SearchTest@54d9d12d]" started-at="2026-04-09T12:32:45 IST" name="setUpPage" finished-at="2026-04-09T12:32:49 IST" duration-ms="4037" status="PASS">
          <reporter-output>
          </reporter-output>
        </test-method> <!-- setUpPage -->
        <test-method signature="verifySearchWithValidKeyword()[pri:0, instance:com.flipkart.tests.SearchTest@54d9d12d]" started-at="2026-04-09T12:32:49 IST" name="verifySearchWithValidKeyword" description="Search valid product and verify results load" finished-at="2026-04-09T12:32:59 IST" duration-ms="9648" status="PASS">
          <reporter-output>
          </reporter-output>
        </test-method> <!-- verifySearchWithValidKeyword -->
        <test-method is-config="true" signature="tearDown()[pri:0, instance:com.flipkart.tests.SearchTest@54d9d12d]" started-at="2026-04-09T12:32:59 IST" name="tearDown" finished-at="2026-04-09T12:32:59 IST" duration-ms="198" status="PASS">
          <reporter-output>
          </reporter-output>
        </test-method> <!-- tearDown -->
        <test-method is-config="true" signature="setUp()[pri:0, instance:com.flipkart.tests.SearchTest@54d9d12d]" started-at="2026-04-09T12:32:59 IST" name="setUp" finished-at="2026-04-09T12:33:12 IST" duration-ms="12712" status="PASS">
          <reporter-output>
          </reporter-output>
        </test-method> <!-- setUp -->
        <test-method is-config="true" signature="setUpPage()[pri:0, instance:com.flipkart.tests.SearchTest@54d9d12d]" started-at="2026-04-09T12:33:12 IST" name="setUpPage" finished-at="2026-04-09T12:33:16 IST" duration-ms="4045" status="PASS">
          <reporter-output>
          </reporter-output>
        </test-method> <!-- setUpPage -->
        <test-method signature="verifyUrlContainsKeyword()[pri:0, instance:com.flipkart.tests.SearchTest@54d9d12d]" started-at="2026-04-09T12:33:16 IST" name="verifyUrlContainsKeyword" description="Verify URL updates with search keyword" finished-at="2026-04-09T12:33:25 IST" duration-ms="8979" status="PASS">
          <reporter-output>
          </reporter-output>
        </test-method> <!-- verifyUrlContainsKeyword -->
        <test-method is-config="true" signature="tearDown()[pri:0, instance:com.flipkart.tests.SearchTest@54d9d12d]" started-at="2026-04-09T12:33:25 IST" name="tearDown" finished-at="2026-04-09T12:33:25 IST" duration-ms="187" status="PASS">
          <reporter-output>
          </reporter-output>
        </test-method> <!-- tearDown -->
      </class> <!-- com.flipkart.tests.SearchTest -->
    </test> <!-- Search Tests -->
    <test started-at="2026-04-09T12:33:25 IST" name="Product Listing Tests" finished-at="2026-04-09T13:10:02 IST" duration-ms="2197236">
      <class name="com.flipkart.tests.ProductListingTest">
        <test-method is-config="true" signature="setUp()[pri:0, instance:com.flipkart.tests.ProductListingTest@5542c4ed]" started-at="2026-04-09T12:33:25 IST" name="setUp" finished-at="2026-04-09T12:33:36 IST" duration-ms="11078" status="PASS">
          <reporter-output>
          </reporter-output>
        </test-method> <!-- setUp -->
        <test-method is-config="true" signature="setUpPage()[pri:0, instance:com.flipkart.tests.ProductListingTest@5542c4ed]" started-at="2026-04-09T12:33:36 IST" name="setUpPage" finished-at="2026-04-09T12:33:51 IST" duration-ms="15092" status="PASS">
          <reporter-output>
          </reporter-output>
        </test-method> <!-- setUpPage -->
        <test-method signature="verifyBrandFilterApplied()[pri:0, instance:com.flipkart.tests.ProductListingTest@5542c4ed]" started-at="2026-04-09T12:33:51 IST" name="verifyBrandFilterApplied" description="Apply brand filter and verify results" finished-at="2026-04-09T12:33:53 IST" duration-ms="2110" status="PASS">
          <reporter-output>
          </reporter-output>
        </test-method> <!-- verifyBrandFilterApplied -->
        <test-method is-config="true" signature="tearDown()[pri:0, instance:com.flipkart.tests.ProductListingTest@5542c4ed]" started-at="2026-04-09T12:33:53 IST" name="tearDown" finished-at="2026-04-09T12:33:54 IST" duration-ms="175" status="PASS">
          <reporter-output>
          </reporter-output>
        </test-method> <!-- tearDown -->
        <test-method is-config="true" signature="setUp()[pri:0, instance:com.flipkart.tests.ProductListingTest@5542c4ed]" started-at="2026-04-09T12:33:54 IST" name="setUp" finished-at="2026-04-09T12:34:04 IST" duration-ms="10347" status="PASS">
          <reporter-output>
          </reporter-output>
        </test-method> <!-- setUp -->
        <test-method is-config="true" signature="setUpPage()[pri:0, instance:com.flipkart.tests.ProductListingTest@5542c4ed]" started-at="2026-04-09T12:34:04 IST" name="setUpPage" finished-at="2026-04-09T12:34:20 IST" duration-ms="15931" status="PASS">
          <reporter-output>
          </reporter-output>
        </test-method> <!-- setUpPage -->
        <test-method signature="verifyClearAllFilters()[pri:0, instance:com.flipkart.tests.ProductListingTest@5542c4ed]" started-at="2026-04-09T12:34:20 IST" name="verifyClearAllFilters" description="Clear all filters and verify reset" finished-at="2026-04-09T12:34:37 IST" duration-ms="17138" status="PASS">
          <reporter-output>
          </reporter-output>
        </test-method> <!-- verifyClearAllFilters -->
        <test-method is-config="true" signature="tearDown()[pri:0, instance:com.flipkart.tests.ProductListingTest@5542c4ed]" started-at="2026-04-09T12:34:37 IST" name="tearDown" finished-at="2026-04-09T12:34:37 IST" duration-ms="232" status="PASS">
          <reporter-output>
          </reporter-output>
        </test-method> <!-- tearDown -->
        <test-method is-config="true" signature="setUp()[pri:0, instance:com.flipkart.tests.ProductListingTest@5542c4ed]" started-at="2026-04-09T12:34:37 IST" name="setUp" finished-at="2026-04-09T12:34:49 IST" duration-ms="11848" status="PASS">
          <reporter-output>
          </reporter-output>
        </test-method> <!-- setUp -->
        <test-method is-config="true" signature="setUpPage()[pri:0, instance:com.flipkart.tests.ProductListingTest@5542c4ed]" started-at="2026-04-09T12:34:49 IST" name="setUpPage" finished-at="2026-04-09T12:35:03 IST" duration-ms="14195" status="PASS">
          <reporter-output>
          </reporter-output>
        </test-method> <!-- setUpPage -->
        <test-method signature="verifyClickProductOpensDetailPage()[pri:0, instance:com.flipkart.tests.ProductListingTest@5542c4ed]" started-at="2026-04-09T12:35:03 IST" name="verifyClickProductOpensDetailPage" description="Click product opens detail page" finished-at="2026-04-09T12:35:07 IST" duration-ms="4139" status="PASS">
          <reporter-output>
          </reporter-output>
        </test-method> <!-- verifyClickProductOpensDetailPage -->
        <test-method is-config="true" signature="tearDown()[pri:0, instance:com.flipkart.tests.ProductListingTest@5542c4ed]" started-at="2026-04-09T12:35:07 IST" name="tearDown" finished-at="2026-04-09T12:35:08 IST" duration-ms="210" status="PASS">
          <reporter-output>
          </reporter-output>
        </test-method> <!-- tearDown -->
        <test-method is-config="true" signature="setUp()[pri:0, instance:com.flipkart.tests.ProductListingTest@5542c4ed]" started-at="2026-04-09T12:35:08 IST" name="setUp" finished-at="2026-04-09T12:35:18 IST" duration-ms="10681" status="PASS">
          <reporter-output>
          </reporter-output>
        </test-method> <!-- setUp -->
        <test-method is-config="true" signature="setUpPage()[pri:0, instance:com.flipkart.tests.ProductListingTest@5542c4ed]" started-at="2026-04-09T12:35:18 IST" name="setUpPage" finished-at="2026-04-09T12:35:39 IST" duration-ms="20987" status="PASS">
          <reporter-output>
          </reporter-output>
        </test-method> <!-- setUpPage -->
        <test-method signature="verifyMultipleFiltersApplied()[pri:0, instance:com.flipkart.tests.ProductListingTest@5542c4ed]" started-at="2026-04-09T12:35:39 IST" name="verifyMultipleFiltersApplied" description="Apply multiple filters simultaneously" finished-at="2026-04-09T12:35:43 IST" duration-ms="4159" status="PASS">
          <reporter-output>
          </reporter-output>
        </test-method> <!-- verifyMultipleFiltersApplied -->
        <test-method is-config="true" signature="tearDown()[pri:0, instance:com.flipkart.tests.ProductListingTest@5542c4ed]" started-at="2026-04-09T12:35:43 IST" name="tearDown" finished-at="2026-04-09T12:35:44 IST" duration-ms="222" status="PASS">
          <reporter-output>
          </reporter-output>
        </test-method> <!-- tearDown -->
        <test-method is-config="true" signature="setUp()[pri:0, instance:com.flipkart.tests.ProductListingTest@5542c4ed]" started-at="2026-04-09T12:35:44 IST" name="setUp" finished-at="2026-04-09T12:35:55 IST" duration-ms="11490" status="PASS">
          <reporter-output>
          </reporter-output>
        </test-method> <!-- setUp -->
        <test-method is-config="true" signature="setUpPage()[pri:0, instance:com.flipkart.tests.ProductListingTest@5542c4ed]" started-at="2026-04-09T12:35:55 IST" name="setUpPage" finished-at="2026-04-09T12:36:10 IST" duration-ms="15020" status="PASS">
          <reporter-output>
          </reporter-output>
        </test-method> <!-- setUpPage -->
        <test-method signature="verifyNextPage()[pri:0, instance:com.flipkart.tests.ProductListingTest@5542c4ed]" started-at="2026-04-09T12:36:10 IST" name="verifyNextPage" description="Go to next page and verify products" finished-at="2026-04-09T12:36:13 IST" duration-ms="3080" status="PASS">
          <reporter-output>
          </reporter-output>
        </test-method> <!-- verifyNextPage -->
        <test-method is-config="true" signature="tearDown()[pri:0, instance:com.flipkart.tests.ProductListingTest@5542c4ed]" started-at="2026-04-09T12:36:13 IST" name="tearDown" finished-at="2026-04-09T12:36:13 IST" duration-ms="224" status="PASS">
          <reporter-output>
          </reporter-output>
        </test-method> <!-- tearDown -->
        <test-method is-config="true" signature="setUp()[pri:0, instance:com.flipkart.tests.ProductListingTest@5542c4ed]" started-at="2026-04-09T12:36:13 IST" name="setUp" finished-at="2026-04-09T12:36:25 IST" duration-ms="11714" status="PASS">
          <reporter-output>
          </reporter-output>
        </test-method> <!-- setUp -->
        <test-method is-config="true" signature="setUpPage()[pri:0, instance:com.flipkart.tests.ProductListingTest@5542c4ed]" started-at="2026-04-09T12:36:25 IST" name="setUpPage" finished-at="2026-04-09T12:36:38 IST" duration-ms="12975" status="PASS">
          <reporter-output>
          </reporter-output>
        </test-method> <!-- setUpPage -->
        <test-method signature="verifyPagination()[pri:0, instance:com.flipkart.tests.ProductListingTest@5542c4ed]" started-at="2026-04-09T12:36:38 IST" name="verifyPagination" description="Verify pagination works" finished-at="2026-04-09T12:36:38 IST" duration-ms="36" status="PASS">
          <reporter-output>
          </reporter-output>
        </test-method> <!-- verifyPagination -->
        <test-method is-config="true" signature="tearDown()[pri:0, instance:com.flipkart.tests.ProductListingTest@5542c4ed]" started-at="2026-04-09T12:36:38 IST" name="tearDown" finished-at="2026-04-09T12:36:38 IST" duration-ms="197" status="PASS">
          <reporter-output>
          </reporter-output>
        </test-method> <!-- tearDown -->
        <test-method is-config="true" signature="setUp()[pri:0, instance:com.flipkart.tests.ProductListingTest@5542c4ed]" started-at="2026-04-09T12:36:38 IST" name="setUp" finished-at="2026-04-09T13:05:20 IST" duration-ms="1721395" status="PASS">
          <reporter-output>
          </reporter-output>
        </test-method> <!-- setUp -->
        <test-method is-config="true" signature="setUpPage()[pri:0, instance:com.flipkart.tests.ProductListingTest@5542c4ed]" started-at="2026-04-09T13:05:20 IST" name="setUpPage" finished-at="2026-04-09T13:05:25 IST" duration-ms="5181" status="PASS">
          <reporter-output>
          </reporter-output>
        </test-method> <!-- setUpPage -->
        <test-method signature="verifyPriceFilterApplied()[pri:0, instance:com.flipkart.tests.ProductListingTest@5542c4ed]" started-at="2026-04-09T13:05:25 IST" name="verifyPriceFilterApplied" description="Apply price filter and verify results" finished-at="2026-04-09T13:05:25 IST" duration-ms="5" status="FAIL">
          <exception class="java.lang.AssertionError">
            <message>
              <![CDATA[Products should display after price filter! expected [true] but found [false]]]>
            </message>
            <full-stacktrace>
              <![CDATA[java.lang.AssertionError: Products should display after price filter! expected [true] but found [false]
at org.testng.Assert.fail(Assert.java:111)
at org.testng.Assert.failNotEquals(Assert.java:1578)
at org.testng.Assert.assertTrue(Assert.java:57)
at com.flipkart.tests.ProductListingTest.verifyPriceFilterApplied(ProductListingTest.java:121)
at java.base/jdk.internal.reflect.DirectMethodHandleAccessor.invoke(DirectMethodHandleAccessor.java:103)
at java.base/java.lang.reflect.Method.invoke(Method.java:580)
at org.testng.internal.invokers.MethodInvocationHelper.invokeMethod(MethodInvocationHelper.java:141)
at org.testng.internal.invokers.TestInvoker.invokeMethod(TestInvoker.java:686)
at org.testng.internal.invokers.TestInvoker.invokeTestMethod(TestInvoker.java:230)
at org.testng.internal.invokers.MethodRunner.runInSequence(MethodRunner.java:63)
at org.testng.internal.invokers.TestInvoker$MethodInvocationAgent.invoke(TestInvoker.java:992)
at org.testng.internal.invokers.TestInvoker.invokeTestMethods(TestInvoker.java:203)
at org.testng.internal.invokers.TestMethodWorker.invokeTestMethods(TestMethodWorker.java:154)
at org.testng.internal.invokers.TestMethodWorker.run(TestMethodWorker.java:134)
at java.base/java.util.ArrayList.forEach(ArrayList.java:1597)
at org.testng.TestRunner.privateRun(TestRunner.java:739)
at org.testng.TestRunner.run(TestRunner.java:614)
at org.testng.SuiteRunner.runTest(SuiteRunner.java:421)
at org.testng.SuiteRunner.runSequentially(SuiteRunner.java:413)
at org.testng.SuiteRunner.privateRun(SuiteRunner.java:373)
at org.testng.SuiteRunner.run(SuiteRunner.java:312)
at org.testng.SuiteRunnerWorker.runSuite(SuiteRunnerWorker.java:52)
at org.testng.SuiteRunnerWorker.run(SuiteRunnerWorker.java:95)
at org.testng.TestNG.runSuitesSequentially(TestNG.java:1274)
at org.testng.TestNG.runSuitesLocally(TestNG.java:1208)
at org.testng.TestNG.runSuites(TestNG.java:1112)
at org.testng.TestNG.run(TestNG.java:1079)
at org.apache.maven.surefire.testng.TestNGExecutor.run(TestNGExecutor.java:308)
at org.apache.maven.surefire.testng.TestNGXmlTestSuite.execute(TestNGXmlTestSuite.java:71)
at org.apache.maven.surefire.testng.TestNGProvider.invoke(TestNGProvider.java:113)
at org.apache.maven.surefire.booter.ForkedBooter.runSuitesInProcess(ForkedBooter.java:385)
at org.apache.maven.surefire.booter.ForkedBooter.execute(ForkedBooter.java:162)
at org.apache.maven.surefire.booter.ForkedBooter.run(ForkedBooter.java:507)
at org.apache.maven.surefire.booter.ForkedBooter.main(ForkedBooter.java:495)
]]>
            </full-stacktrace>
          </exception> <!-- java.lang.AssertionError -->
          <reporter-output>
          </reporter-output>
        </test-method> <!-- verifyPriceFilterApplied -->
        <test-method is-config="true" signature="tearDown()[pri:0, instance:com.flipkart.tests.ProductListingTest@5542c4ed]" started-at="2026-04-09T13:05:25 IST" name="tearDown" finished-at="2026-04-09T13:05:25 IST" duration-ms="30" status="PASS">
          <reporter-output>
          </reporter-output>
        </test-method> <!-- tearDown -->
        <test-method is-config="true" signature="setUp()[pri:0, instance:com.flipkart.tests.ProductListingTest@5542c4ed]" started-at="2026-04-09T13:05:25 IST" name="setUp" finished-at="2026-04-09T13:05:38 IST" duration-ms="13121" status="PASS">
          <reporter-output>
          </reporter-output>
        </test-method> <!-- setUp -->
        <test-method is-config="true" signature="setUpPage()[pri:0, instance:com.flipkart.tests.ProductListingTest@5542c4ed]" started-at="2026-04-09T13:05:38 IST" name="setUpPage" finished-at="2026-04-09T13:05:56 IST" duration-ms="17822" status="PASS">
          <reporter-output>
          </reporter-output>
        </test-method> <!-- setUpPage -->
        <test-method signature="verifyPricesDisplayed()[pri:0, instance:com.flipkart.tests.ProductListingTest@5542c4ed]" started-at="2026-04-09T13:05:56 IST" name="verifyPricesDisplayed" description="Verify product prices are displayed" finished-at="2026-04-09T13:05:57 IST" duration-ms="1541" status="PASS">
          <reporter-output>
          </reporter-output>
        </test-method> <!-- verifyPricesDisplayed -->
        <test-method is-config="true" signature="tearDown()[pri:0, instance:com.flipkart.tests.ProductListingTest@5542c4ed]" started-at="2026-04-09T13:05:57 IST" name="tearDown" finished-at="2026-04-09T13:05:58 IST" duration-ms="236" status="PASS">
          <reporter-output>
          </reporter-output>
        </test-method> <!-- tearDown -->
        <test-method is-config="true" signature="setUp()[pri:0, instance:com.flipkart.tests.ProductListingTest@5542c4ed]" started-at="2026-04-09T13:05:58 IST" name="setUp" finished-at="2026-04-09T13:06:11 IST" duration-ms="13028" status="PASS">
          <reporter-output>
          </reporter-output>
        </test-method> <!-- setUp -->
        <test-method is-config="true" signature="setUpPage()[pri:0, instance:com.flipkart.tests.ProductListingTest@5542c4ed]" started-at="2026-04-09T13:06:11 IST" name="setUpPage" finished-at="2026-04-09T13:06:28 IST" duration-ms="16858" status="PASS">
          <reporter-output>
          </reporter-output>
        </test-method> <!-- setUpPage -->
        <test-method signature="verifyProductImagesLoaded()[pri:0, instance:com.flipkart.tests.ProductListingTest@5542c4ed]" started-at="2026-04-09T13:06:28 IST" name="verifyProductImagesLoaded" description="Verify product images are loaded" finished-at="2026-04-09T13:06:28 IST" duration-ms="34" status="PASS">
          <reporter-output>
          </reporter-output>
        </test-method> <!-- verifyProductImagesLoaded -->
        <test-method is-config="true" signature="tearDown()[pri:0, instance:com.flipkart.tests.ProductListingTest@5542c4ed]" started-at="2026-04-09T13:06:28 IST" name="tearDown" finished-at="2026-04-09T13:06:28 IST" duration-ms="235" status="PASS">
          <reporter-output>
          </reporter-output>
        </test-method> <!-- tearDown -->
        <test-method is-config="true" signature="setUp()[pri:0, instance:com.flipkart.tests.ProductListingTest@5542c4ed]" started-at="2026-04-09T13:06:28 IST" name="setUp" finished-at="2026-04-09T13:06:41 IST" duration-ms="12791" status="PASS">
          <reporter-output>
          </reporter-output>
        </test-method> <!-- setUp -->
        <test-method is-config="true" signature="setUpPage()[pri:0, instance:com.flipkart.tests.ProductListingTest@5542c4ed]" started-at="2026-04-09T13:06:41 IST" name="setUpPage" finished-at="2026-04-09T13:06:59 IST" duration-ms="17903" status="PASS">
          <reporter-output>
          </reporter-output>
        </test-method> <!-- setUpPage -->
        <test-method signature="verifyProductsDisplay()[pri:0, instance:com.flipkart.tests.ProductListingTest@5542c4ed]" started-at="2026-04-09T13:06:59 IST" name="verifyProductsDisplay" description="Verify products display on listing page" finished-at="2026-04-09T13:06:59 IST" duration-ms="31" status="PASS">
          <reporter-output>
          </reporter-output>
        </test-method> <!-- verifyProductsDisplay -->
        <test-method is-config="true" signature="tearDown()[pri:0, instance:com.flipkart.tests.ProductListingTest@5542c4ed]" started-at="2026-04-09T13:06:59 IST" name="tearDown" finished-at="2026-04-09T13:06:59 IST" duration-ms="234" status="PASS">
          <reporter-output>
          </reporter-output>
        </test-method> <!-- tearDown -->
        <test-method is-config="true" signature="setUp()[pri:0, instance:com.flipkart.tests.ProductListingTest@5542c4ed]" started-at="2026-04-09T13:06:59 IST" name="setUp" finished-at="2026-04-09T13:07:12 IST" duration-ms="12793" status="PASS">
          <reporter-output>
          </reporter-output>
        </test-method> <!-- setUp -->
        <test-method is-config="true" signature="setUpPage()[pri:0, instance:com.flipkart.tests.ProductListingTest@5542c4ed]" started-at="2026-04-09T13:07:12 IST" name="setUpPage" finished-at="2026-04-09T13:07:29 IST" duration-ms="17474" status="PASS">
          <reporter-output>
          </reporter-output>
        </test-method> <!-- setUpPage -->
        <test-method signature="verifyRatingFilterApplied()[pri:0, instance:com.flipkart.tests.ProductListingTest@5542c4ed]" started-at="2026-04-09T13:07:29 IST" name="verifyRatingFilterApplied" description="Apply rating filter and verify results" finished-at="2026-04-09T13:07:31 IST" duration-ms="2077" status="PASS">
          <reporter-output>
          </reporter-output>
        </test-method> <!-- verifyRatingFilterApplied -->
        <test-method is-config="true" signature="tearDown()[pri:0, instance:com.flipkart.tests.ProductListingTest@5542c4ed]" started-at="2026-04-09T13:07:31 IST" name="tearDown" finished-at="2026-04-09T13:07:31 IST" duration-ms="203" status="PASS">
          <reporter-output>
          </reporter-output>
        </test-method> <!-- tearDown -->
        <test-method is-config="true" signature="setUp()[pri:0, instance:com.flipkart.tests.ProductListingTest@5542c4ed]" started-at="2026-04-09T13:07:31 IST" name="setUp" finished-at="2026-04-09T13:07:45 IST" duration-ms="13445" status="PASS">
          <reporter-output>
          </reporter-output>
        </test-method> <!-- setUp -->
        <test-method is-config="true" signature="setUpPage()[pri:0, instance:com.flipkart.tests.ProductListingTest@5542c4ed]" started-at="2026-04-09T13:07:45 IST" name="setUpPage" finished-at="2026-04-09T13:08:02 IST" duration-ms="17152" status="PASS">
          <reporter-output>
          </reporter-output>
        </test-method> <!-- setUpPage -->
        <test-method signature="verifySortByHighToLow()[pri:0, instance:com.flipkart.tests.ProductListingTest@5542c4ed]" started-at="2026-04-09T13:08:02 IST" name="verifySortByHighToLow" description="Sort by Price High to Low" finished-at="2026-04-09T13:08:04 IST" duration-ms="2141" status="PASS">
          <reporter-output>
          </reporter-output>
        </test-method> <!-- verifySortByHighToLow -->
        <test-method is-config="true" signature="tearDown()[pri:0, instance:com.flipkart.tests.ProductListingTest@5542c4ed]" started-at="2026-04-09T13:08:04 IST" name="tearDown" finished-at="2026-04-09T13:08:04 IST" duration-ms="328" status="PASS">
          <reporter-output>
          </reporter-output>
        </test-method> <!-- tearDown -->
        <test-method is-config="true" signature="setUp()[pri:0, instance:com.flipkart.tests.ProductListingTest@5542c4ed]" started-at="2026-04-09T13:08:04 IST" name="setUp" finished-at="2026-04-09T13:08:22 IST" duration-ms="17690" status="PASS">
          <reporter-output>
          </reporter-output>
        </test-method> <!-- setUp -->
        <test-method is-config="true" signature="setUpPage()[pri:0, instance:com.flipkart.tests.ProductListingTest@5542c4ed]" started-at="2026-04-09T13:08:22 IST" name="setUpPage" finished-at="2026-04-09T13:08:41 IST" duration-ms="18674" status="PASS">
          <reporter-output>
          </reporter-output>
        </test-method> <!-- setUpPage -->
        <test-method signature="verifySortByLowToHigh()[pri:0, instance:com.flipkart.tests.ProductListingTest@5542c4ed]" started-at="2026-04-09T13:08:41 IST" name="verifySortByLowToHigh" description="Sort by Price Low to High" finished-at="2026-04-09T13:08:43 IST" duration-ms="2157" status="PASS">
          <reporter-output>
          </reporter-output>
        </test-method> <!-- verifySortByLowToHigh -->
        <test-method is-config="true" signature="tearDown()[pri:0, instance:com.flipkart.tests.ProductListingTest@5542c4ed]" started-at="2026-04-09T13:08:43 IST" name="tearDown" finished-at="2026-04-09T13:08:43 IST" duration-ms="478" status="PASS">
          <reporter-output>
          </reporter-output>
        </test-method> <!-- tearDown -->
        <test-method is-config="true" signature="setUp()[pri:0, instance:com.flipkart.tests.ProductListingTest@5542c4ed]" started-at="2026-04-09T13:08:43 IST" name="setUp" finished-at="2026-04-09T13:08:56 IST" duration-ms="12147" status="PASS">
          <reporter-output>
          </reporter-output>
        </test-method> <!-- setUp -->
        <test-method is-config="true" signature="setUpPage()[pri:0, instance:com.flipkart.tests.ProductListingTest@5542c4ed]" started-at="2026-04-09T13:08:56 IST" name="setUpPage" finished-at="2026-04-09T13:09:12 IST" duration-ms="15973" status="PASS">
          <reporter-output>
          </reporter-output>
        </test-method> <!-- setUpPage -->
        <test-method signature="verifySortByNewestFirst()[pri:0, instance:com.flipkart.tests.ProductListingTest@5542c4ed]" started-at="2026-04-09T13:09:12 IST" name="verifySortByNewestFirst" description="Sort by Newest First" finished-at="2026-04-09T13:09:14 IST" duration-ms="2152" status="PASS">
          <reporter-output>
          </reporter-output>
        </test-method> <!-- verifySortByNewestFirst -->
        <test-method is-config="true" signature="tearDown()[pri:0, instance:com.flipkart.tests.ProductListingTest@5542c4ed]" started-at="2026-04-09T13:09:14 IST" name="tearDown" finished-at="2026-04-09T13:09:14 IST" duration-ms="322" status="PASS">
          <reporter-output>
          </reporter-output>
        </test-method> <!-- tearDown -->
        <test-method is-config="true" signature="setUp()[pri:0, instance:com.flipkart.tests.ProductListingTest@5542c4ed]" started-at="2026-04-09T13:09:14 IST" name="setUp" finished-at="2026-04-09T13:09:28 IST" duration-ms="13554" status="PASS">
          <reporter-output>
          </reporter-output>
        </test-method> <!-- setUp -->
        <test-method is-config="true" signature="setUpPage()[pri:0, instance:com.flipkart.tests.ProductListingTest@5542c4ed]" started-at="2026-04-09T13:09:28 IST" name="setUpPage" finished-at="2026-04-09T13:10:00 IST" duration-ms="32393" status="PASS">
          <reporter-output>
          </reporter-output>
        </test-method> <!-- setUpPage -->
        <test-method signature="verifySortByPopularity()[pri:0, instance:com.flipkart.tests.ProductListingTest@5542c4ed]" started-at="2026-04-09T13:10:00 IST" name="verifySortByPopularity" description="Sort by Popularity" finished-at="2026-04-09T13:10:02 IST" duration-ms="2122" status="PASS">
          <reporter-output>
          </reporter-output>
        </test-method> <!-- verifySortByPopularity -->
        <test-method is-config="true" signature="tearDown()[pri:0, instance:com.flipkart.tests.ProductListingTest@5542c4ed]" started-at="2026-04-09T13:10:02 IST" name="tearDown" finished-at="2026-04-09T13:10:02 IST" duration-ms="211" status="PASS">
          <reporter-output>
          </reporter-output>
        </test-method> <!-- tearDown -->
      </class> <!-- com.flipkart.tests.ProductListingTest -->
    </test> <!-- Product Listing Tests -->
    <test started-at="2026-04-09T13:10:02 IST" name="Product Detail Tests" finished-at="2026-04-09T16:09:08 IST" duration-ms="10746033">
      <class name="com.flipkart.tests.ProductDetailTest">
        <test-method is-config="true" signature="setUp()[pri:0, instance:com.flipkart.tests.ProductDetailTest@662ac478]" started-at="2026-04-09T13:10:02 IST" name="setUp" finished-at="2026-04-09T13:10:16 IST" duration-ms="14095" status="PASS">
          <reporter-output>
          </reporter-output>
        </test-method> <!-- setUp -->
        <test-method is-config="true" signature="setUpPage()[pri:0, instance:com.flipkart.tests.ProductDetailTest@662ac478]" started-at="2026-04-09T13:10:16 IST" name="setUpPage" finished-at="2026-04-09T13:10:48 IST" duration-ms="32054" status="PASS">
          <reporter-output>
          </reporter-output>
        </test-method> <!-- setUpPage -->
        <test-method signature="verifyAddToCartButtonPresent()[pri:0, instance:com.flipkart.tests.ProductDetailTest@662ac478]" started-at="2026-04-09T13:10:48 IST" name="verifyAddToCartButtonPresent" description="Verify Add to Cart button is present" finished-at="2026-04-09T13:25:34 IST" duration-ms="885754" status="FAIL">
          <exception class="java.lang.AssertionError">
            <message>
              <![CDATA[Add to Cart button should be present! expected [true] but found [false]]]>
            </message>
            <full-stacktrace>
              <![CDATA[java.lang.AssertionError: Add to Cart button should be present! expected [true] but found [false]
at org.testng.Assert.fail(Assert.java:111)
at org.testng.Assert.failNotEquals(Assert.java:1578)
at org.testng.Assert.assertTrue(Assert.java:57)
at com.flipkart.tests.ProductDetailTest.verifyAddToCartButtonPresent(ProductDetailTest.java:77)
at java.base/jdk.internal.reflect.DirectMethodHandleAccessor.invoke(DirectMethodHandleAccessor.java:103)
at java.base/java.lang.reflect.Method.invoke(Method.java:580)
at org.testng.internal.invokers.MethodInvocationHelper.invokeMethod(MethodInvocationHelper.java:141)
at org.testng.internal.invokers.TestInvoker.invokeMethod(TestInvoker.java:686)
at org.testng.internal.invokers.TestInvoker.invokeTestMethod(TestInvoker.java:230)
at org.testng.internal.invokers.MethodRunner.runInSequence(MethodRunner.java:63)
at org.testng.internal.invokers.TestInvoker$MethodInvocationAgent.invoke(TestInvoker.java:992)
at org.testng.internal.invokers.TestInvoker.invokeTestMethods(TestInvoker.java:203)
at org.testng.internal.invokers.TestMethodWorker.invokeTestMethods(TestMethodWorker.java:154)
at org.testng.internal.invokers.TestMethodWorker.run(TestMethodWorker.java:134)
at java.base/java.util.ArrayList.forEach(ArrayList.java:1597)
at org.testng.TestRunner.privateRun(TestRunner.java:739)
at org.testng.TestRunner.run(TestRunner.java:614)
at org.testng.SuiteRunner.runTest(SuiteRunner.java:421)
at org.testng.SuiteRunner.runSequentially(SuiteRunner.java:413)
at org.testng.SuiteRunner.privateRun(SuiteRunner.java:373)
at org.testng.SuiteRunner.run(SuiteRunner.java:312)
at org.testng.SuiteRunnerWorker.runSuite(SuiteRunnerWorker.java:52)
at org.testng.SuiteRunnerWorker.run(SuiteRunnerWorker.java:95)
at org.testng.TestNG.runSuitesSequentially(TestNG.java:1274)
at org.testng.TestNG.runSuitesLocally(TestNG.java:1208)
at org.testng.TestNG.runSuites(TestNG.java:1112)
at org.testng.TestNG.run(TestNG.java:1079)
at org.apache.maven.surefire.testng.TestNGExecutor.run(TestNGExecutor.java:308)
at org.apache.maven.surefire.testng.TestNGXmlTestSuite.execute(TestNGXmlTestSuite.java:71)
at org.apache.maven.surefire.testng.TestNGProvider.invoke(TestNGProvider.java:113)
at org.apache.maven.surefire.booter.ForkedBooter.runSuitesInProcess(ForkedBooter.java:385)
at org.apache.maven.surefire.booter.ForkedBooter.execute(ForkedBooter.java:162)
at org.apache.maven.surefire.booter.ForkedBooter.run(ForkedBooter.java:507)
at org.apache.maven.surefire.booter.ForkedBooter.main(ForkedBooter.java:495)
]]>
            </full-stacktrace>
          </exception> <!-- java.lang.AssertionError -->
          <reporter-output>
          </reporter-output>
        </test-method> <!-- verifyAddToCartButtonPresent -->
        <test-method is-config="true" signature="tearDown()[pri:0, instance:com.flipkart.tests.ProductDetailTest@662ac478]" started-at="2026-04-09T13:25:34 IST" name="tearDown" finished-at="2026-04-09T13:25:34 IST" duration-ms="45" status="PASS">
          <reporter-output>
          </reporter-output>
        </test-method> <!-- tearDown -->
        <test-method is-config="true" signature="setUp()[pri:0, instance:com.flipkart.tests.ProductDetailTest@662ac478]" started-at="2026-04-09T13:25:34 IST" name="setUp" finished-at="2026-04-09T13:25:52 IST" duration-ms="17641" status="PASS">
          <reporter-output>
          </reporter-output>
        </test-method> <!-- setUp -->
        <test-method is-config="true" signature="setUpPage()[pri:0, instance:com.flipkart.tests.ProductDetailTest@662ac478]" started-at="2026-04-09T13:25:52 IST" name="setUpPage" finished-at="2026-04-09T13:26:18 IST" duration-ms="25447" status="PASS">
          <reporter-output>
          </reporter-output>
        </test-method> <!-- setUpPage -->
        <test-method signature="verifyBuyNowButtonPresent()[pri:0, instance:com.flipkart.tests.ProductDetailTest@662ac478]" started-at="2026-04-09T13:26:18 IST" name="verifyBuyNowButtonPresent" description="Verify Buy Now button is present" finished-at="2026-04-09T13:26:19 IST" duration-ms="1862" status="PASS">
          <reporter-output>
          </reporter-output>
        </test-method> <!-- verifyBuyNowButtonPresent -->
        <test-method is-config="true" signature="tearDown()[pri:0, instance:com.flipkart.tests.ProductDetailTest@662ac478]" started-at="2026-04-09T13:26:19 IST" name="tearDown" finished-at="2026-04-09T13:26:20 IST" duration-ms="206" status="PASS">
          <reporter-output>
          </reporter-output>
        </test-method> <!-- tearDown -->
        <test-method is-config="true" signature="setUp()[pri:0, instance:com.flipkart.tests.ProductDetailTest@662ac478]" started-at="2026-04-09T13:26:20 IST" name="setUp" finished-at="2026-04-09T13:26:39 IST" duration-ms="19263" status="PASS">
          <reporter-output>
          </reporter-output>
        </test-method> <!-- setUp -->
        <test-method is-config="true" signature="setUpPage()[pri:0, instance:com.flipkart.tests.ProductDetailTest@662ac478]" started-at="2026-04-09T13:26:39 IST" name="setUpPage" finished-at="2026-04-09T13:27:03 IST" duration-ms="23603" status="PASS">
          <reporter-output>
          </reporter-output>
        </test-method> <!-- setUpPage -->
        <test-method signature="verifyDeliveryInfoDisplayed()[pri:0, instance:com.flipkart.tests.ProductDetailTest@662ac478]" started-at="2026-04-09T13:27:03 IST" name="verifyDeliveryInfoDisplayed" description="Verify delivery info is displayed" finished-at="2026-04-09T13:27:03 IST" duration-ms="26" status="PASS">
          <reporter-output>
          </reporter-output>
        </test-method> <!-- verifyDeliveryInfoDisplayed -->
        <test-method is-config="true" signature="tearDown()[pri:0, instance:com.flipkart.tests.ProductDetailTest@662ac478]" started-at="2026-04-09T13:27:03 IST" name="tearDown" finished-at="2026-04-09T13:27:03 IST" duration-ms="225" status="PASS">
          <reporter-output>
          </reporter-output>
        </test-method> <!-- tearDown -->
        <test-method is-config="true" signature="setUp()[pri:0, instance:com.flipkart.tests.ProductDetailTest@662ac478]" started-at="2026-04-09T13:27:03 IST" name="setUp" finished-at="2026-04-09T13:27:15 IST" duration-ms="12085" status="PASS">
          <reporter-output>
          </reporter-output>
        </test-method> <!-- setUp -->
        <test-method is-config="true" signature="setUpPage()[pri:0, instance:com.flipkart.tests.ProductDetailTest@662ac478]" started-at="2026-04-09T13:27:15 IST" name="setUpPage" finished-at="2026-04-09T13:27:43 IST" duration-ms="27696" status="PASS">
          <reporter-output>
          </reporter-output>
        </test-method> <!-- setUpPage -->
        <test-method signature="verifyMrpDisplayed()[pri:0, instance:com.flipkart.tests.ProductDetailTest@662ac478]" started-at="2026-04-09T13:27:43 IST" name="verifyMrpDisplayed" description="Verify MRP and discount are shown" finished-at="2026-04-09T13:27:43 IST" duration-ms="20" status="PASS">
          <reporter-output>
          </reporter-output>
        </test-method> <!-- verifyMrpDisplayed -->
        <test-method is-config="true" signature="tearDown()[pri:0, instance:com.flipkart.tests.ProductDetailTest@662ac478]" started-at="2026-04-09T13:27:43 IST" name="tearDown" finished-at="2026-04-09T13:27:43 IST" duration-ms="216" status="PASS">
          <reporter-output>
          </reporter-output>
        </test-method> <!-- tearDown -->
        <test-method is-config="true" signature="setUp()[pri:0, instance:com.flipkart.tests.ProductDetailTest@662ac478]" started-at="2026-04-09T13:27:43 IST" name="setUp" finished-at="2026-04-09T13:28:01 IST" duration-ms="18121" status="PASS">
          <reporter-output>
          </reporter-output>
        </test-method> <!-- setUp -->
        <test-method is-config="true" signature="setUpPage()[pri:0, instance:com.flipkart.tests.ProductDetailTest@662ac478]" started-at="2026-04-09T13:28:01 IST" name="setUpPage" finished-at="2026-04-09T13:28:27 IST" duration-ms="25714" status="PASS">
          <reporter-output>
          </reporter-output>
        </test-method> <!-- setUpPage -->
        <test-method signature="verifyOffersDisplayed()[pri:0, instance:com.flipkart.tests.ProductDetailTest@662ac478]" started-at="2026-04-09T13:28:27 IST" name="verifyOffersDisplayed" description="Verify offers section is displayed" finished-at="2026-04-09T13:28:33 IST" duration-ms="6029" status="PASS">
          <reporter-output>
          </reporter-output>
        </test-method> <!-- verifyOffersDisplayed -->
        <test-method is-config="true" signature="tearDown()[pri:0, instance:com.flipkart.tests.ProductDetailTest@662ac478]" started-at="2026-04-09T13:28:33 IST" name="tearDown" finished-at="2026-04-09T13:28:33 IST" duration-ms="310" status="PASS">
          <reporter-output>
          </reporter-output>
        </test-method> <!-- tearDown -->
        <test-method is-config="true" signature="setUp()[pri:0, instance:com.flipkart.tests.ProductDetailTest@662ac478]" started-at="2026-04-09T13:28:33 IST" name="setUp" finished-at="2026-04-09T13:28:51 IST" duration-ms="17816" status="PASS">
          <reporter-output>
          </reporter-output>
        </test-method> <!-- setUp -->
        <test-method is-config="true" signature="setUpPage()[pri:0, instance:com.flipkart.tests.ProductDetailTest@662ac478]" started-at="2026-04-09T13:28:51 IST" name="setUpPage" finished-at="2026-04-09T13:29:23 IST" duration-ms="31990" status="PASS">
          <reporter-output>
          </reporter-output>
        </test-method> <!-- setUpPage -->
        <test-method signature="verifyProductImagesDisplayed()[pri:0, instance:com.flipkart.tests.ProductDetailTest@662ac478]" started-at="2026-04-09T13:29:23 IST" name="verifyProductImagesDisplayed" description="Verify product images are displayed" finished-at="2026-04-09T13:29:23 IST" duration-ms="297" status="PASS">
          <reporter-output>
          </reporter-output>
        </test-method> <!-- verifyProductImagesDisplayed -->
        <test-method is-config="true" signature="tearDown()[pri:0, instance:com.flipkart.tests.ProductDetailTest@662ac478]" started-at="2026-04-09T13:29:23 IST" name="tearDown" finished-at="2026-04-09T13:29:23 IST" duration-ms="222" status="PASS">
          <reporter-output>
          </reporter-output>
        </test-method> <!-- tearDown -->
        <test-method is-config="true" signature="setUp()[pri:0, instance:com.flipkart.tests.ProductDetailTest@662ac478]" started-at="2026-04-09T13:29:23 IST" name="setUp" finished-at="2026-04-09T13:29:37 IST" duration-ms="14019" status="PASS">
          <reporter-output>
          </reporter-output>
        </test-method> <!-- setUp -->
        <test-method is-config="true" signature="setUpPage()[pri:0, instance:com.flipkart.tests.ProductDetailTest@662ac478]" started-at="2026-04-09T13:29:37 IST" name="setUpPage" finished-at="2026-04-09T13:30:14 IST" duration-ms="36762" status="PASS">
          <reporter-output>
          </reporter-output>
        </test-method> <!-- setUpPage -->
        <test-method signature="verifyProductPageLoaded()[pri:0, instance:com.flipkart.tests.ProductDetailTest@662ac478]" started-at="2026-04-09T13:30:14 IST" name="verifyProductPageLoaded" description="Verify product detail page loads" finished-at="2026-04-09T13:30:14 IST" duration-ms="13" status="PASS">
          <reporter-output>
          </reporter-output>
        </test-method> <!-- verifyProductPageLoaded -->
        <test-method is-config="true" signature="tearDown()[pri:0, instance:com.flipkart.tests.ProductDetailTest@662ac478]" started-at="2026-04-09T13:30:14 IST" name="tearDown" finished-at="2026-04-09T13:30:14 IST" duration-ms="179" status="PASS">
          <reporter-output>
          </reporter-output>
        </test-method> <!-- tearDown -->
        <test-method is-config="true" signature="setUp()[pri:0, instance:com.flipkart.tests.ProductDetailTest@662ac478]" started-at="2026-04-09T13:30:14 IST" name="setUp" finished-at="2026-04-09T13:30:27 IST" duration-ms="12536" status="PASS">
          <reporter-output>
          </reporter-output>
        </test-method> <!-- setUp -->
        <test-method is-config="true" signature="setUpPage()[pri:0, instance:com.flipkart.tests.ProductDetailTest@662ac478]" started-at="2026-04-09T13:30:27 IST" name="setUpPage" finished-at="2026-04-09T13:30:52 IST" duration-ms="25381" status="PASS">
          <reporter-output>
          </reporter-output>
        </test-method> <!-- setUpPage -->
        <test-method signature="verifyProductPriceDisplayed()[pri:0, instance:com.flipkart.tests.ProductDetailTest@662ac478]" started-at="2026-04-09T13:30:52 IST" name="verifyProductPriceDisplayed" description="Verify product price is displayed" finished-at="2026-04-09T13:30:53 IST" duration-ms="1036" status="PASS">
          <reporter-output>
          </reporter-output>
        </test-method> <!-- verifyProductPriceDisplayed -->
        <test-method is-config="true" signature="tearDown()[pri:0, instance:com.flipkart.tests.ProductDetailTest@662ac478]" started-at="2026-04-09T13:30:53 IST" name="tearDown" finished-at="2026-04-09T13:30:53 IST" duration-ms="226" status="PASS">
          <reporter-output>
          </reporter-output>
        </test-method> <!-- tearDown -->
        <test-method is-config="true" signature="setUp()[pri:0, instance:com.flipkart.tests.ProductDetailTest@662ac478]" started-at="2026-04-09T13:30:53 IST" name="setUp" finished-at="2026-04-09T13:31:07 IST" duration-ms="13265" status="PASS">
          <reporter-output>
          </reporter-output>
        </test-method> <!-- setUp -->
        <test-method is-config="true" signature="setUpPage()[pri:0, instance:com.flipkart.tests.ProductDetailTest@662ac478]" started-at="2026-04-09T13:31:07 IST" name="setUpPage" finished-at="2026-04-09T13:31:27 IST" duration-ms="20086" status="PASS">
          <reporter-output>
          </reporter-output>
        </test-method> <!-- setUpPage -->
        <test-method signature="verifyProductTitleDisplayed()[pri:0, instance:com.flipkart.tests.ProductDetailTest@662ac478]" started-at="2026-04-09T13:31:27 IST" name="verifyProductTitleDisplayed" description="Verify product title is displayed" finished-at="2026-04-09T13:31:27 IST" duration-ms="38" status="PASS">
          <reporter-output>
          </reporter-output>
        </test-method> <!-- verifyProductTitleDisplayed -->
        <test-method is-config="true" signature="tearDown()[pri:0, instance:com.flipkart.tests.ProductDetailTest@662ac478]" started-at="2026-04-09T13:31:27 IST" name="tearDown" finished-at="2026-04-09T13:31:27 IST" duration-ms="198" status="PASS">
          <reporter-output>
          </reporter-output>
        </test-method> <!-- tearDown -->
        <test-method is-config="true" signature="setUp()[pri:0, instance:com.flipkart.tests.ProductDetailTest@662ac478]" started-at="2026-04-09T13:31:27 IST" name="setUp" finished-at="2026-04-09T13:31:40 IST" duration-ms="12849" status="PASS">
          <reporter-output>
          </reporter-output>
        </test-method> <!-- setUp -->
[...]
          <reporter-output>
          </reporter-output>
        </test-method> <!-- verifyLayoutOn1366x768 -->
        <test-method is-config="true" signature="tearDown()[pri:0, instance:com.flipkart.tests.UIResponsiveTest@247bddad]" started-at="2026-04-09T16:30:10 IST" name="tearDown" finished-at="2026-04-09T16:30:11 IST" duration-ms="279" status="PASS">
          <reporter-output>
          </reporter-output>
        </test-method> <!-- tearDown -->
        <test-method is-config="true" signature="setUp()[pri:0, instance:com.flipkart.tests.UIResponsiveTest@247bddad]" started-at="2026-04-09T16:30:11 IST" name="setUp" finished-at="2026-04-09T16:30:23 IST" duration-ms="12468" status="PASS">
          <reporter-output>
          </reporter-output>
        </test-method> <!-- setUp -->
        <test-method is-config="true" signature="setUpPage()[pri:0, instance:com.flipkart.tests.UIResponsiveTest@247bddad]" started-at="2026-04-09T16:30:23 IST" name="setUpPage" finished-at="2026-04-09T16:30:27 IST" duration-ms="4061" status="PASS">
          <reporter-output>
          </reporter-output>
        </test-method> <!-- setUpPage -->
        <test-method signature="verifyLayoutOn1920x1080()[pri:0, instance:com.flipkart.tests.UIResponsiveTest@247bddad]" started-at="2026-04-09T16:30:27 IST" name="verifyLayoutOn1920x1080" description="Verify layout on 1920x1080 resolution" finished-at="2026-04-09T16:30:29 IST" duration-ms="2038" status="PASS">
          <reporter-output>
          </reporter-output>
        </test-method> <!-- verifyLayoutOn1920x1080 -->
        <test-method is-config="true" signature="tearDown()[pri:0, instance:com.flipkart.tests.UIResponsiveTest@247bddad]" started-at="2026-04-09T16:30:29 IST" name="tearDown" finished-at="2026-04-09T16:30:29 IST" duration-ms="417" status="PASS">
          <reporter-output>
          </reporter-output>
        </test-method> <!-- tearDown -->
        <test-method is-config="true" signature="setUp()[pri:0, instance:com.flipkart.tests.UIResponsiveTest@247bddad]" started-at="2026-04-09T16:30:30 IST" name="setUp" finished-at="2026-04-09T16:30:41 IST" duration-ms="11882" status="PASS">
          <reporter-output>
          </reporter-output>
        </test-method> <!-- setUp -->
        <test-method is-config="true" signature="setUpPage()[pri:0, instance:com.flipkart.tests.UIResponsiveTest@247bddad]" started-at="2026-04-09T16:30:41 IST" name="setUpPage" finished-at="2026-04-09T16:30:45 IST" duration-ms="4098" status="PASS">
          <reporter-output>
          </reporter-output>
        </test-method> <!-- setUpPage -->
        <test-method signature="verifyNoBrokenImages()[pri:0, instance:com.flipkart.tests.UIResponsiveTest@247bddad]" started-at="2026-04-09T16:30:45 IST" name="verifyNoBrokenImages" description="Verify no broken images on homepage" finished-at="2026-04-09T16:30:47 IST" duration-ms="1076" status="PASS">
          <reporter-output>
          </reporter-output>
        </test-method> <!-- verifyNoBrokenImages -->
        <test-method is-config="true" signature="tearDown()[pri:0, instance:com.flipkart.tests.UIResponsiveTest@247bddad]" started-at="2026-04-09T16:30:47 IST" name="tearDown" finished-at="2026-04-09T16:30:47 IST" duration-ms="307" status="PASS">
          <reporter-output>
          </reporter-output>
        </test-method> <!-- tearDown -->
        <test-method is-config="true" signature="setUp()[pri:0, instance:com.flipkart.tests.UIResponsiveTest@247bddad]" started-at="2026-04-09T16:30:47 IST" name="setUp" finished-at="2026-04-09T16:31:00 IST" duration-ms="13632" status="PASS">
          <reporter-output>
          </reporter-output>
        </test-method> <!-- setUp -->
        <test-method is-config="true" signature="setUpPage()[pri:0, instance:com.flipkart.tests.UIResponsiveTest@247bddad]" started-at="2026-04-09T16:31:00 IST" name="setUpPage" finished-at="2026-04-09T16:31:05 IST" duration-ms="4078" status="PASS">
          <reporter-output>
          </reporter-output>
        </test-method> <!-- setUpPage -->
        <test-method signature="verifyNoHorizontalScroll()[pri:0, instance:com.flipkart.tests.UIResponsiveTest@247bddad]" started-at="2026-04-09T16:31:05 IST" name="verifyNoHorizontalScroll" description="Verify page has no horizontal scroll" finished-at="2026-04-09T16:31:05 IST" duration-ms="29" status="PASS">
          <reporter-output>
          </reporter-output>
        </test-method> <!-- verifyNoHorizontalScroll -->
        <test-method is-config="true" signature="tearDown()[pri:0, instance:com.flipkart.tests.UIResponsiveTest@247bddad]" started-at="2026-04-09T16:31:05 IST" name="tearDown" finished-at="2026-04-09T16:31:05 IST" duration-ms="244" status="PASS">
          <reporter-output>
          </reporter-output>
        </test-method> <!-- tearDown -->
        <test-method is-config="true" signature="setUp()[pri:0, instance:com.flipkart.tests.UIResponsiveTest@247bddad]" started-at="2026-04-09T16:31:05 IST" name="setUp" finished-at="2026-04-09T16:31:17 IST" duration-ms="12636" status="PASS">
          <reporter-output>
          </reporter-output>
        </test-method> <!-- setUp -->
        <test-method is-config="true" signature="setUpPage()[pri:0, instance:com.flipkart.tests.UIResponsiveTest@247bddad]" started-at="2026-04-09T16:31:17 IST" name="setUpPage" finished-at="2026-04-09T16:31:22 IST" duration-ms="4091" status="PASS">
          <reporter-output>
          </reporter-output>
        </test-method> <!-- setUpPage -->
        <test-method signature="verifyPageTitleNotEmpty()[pri:0, instance:com.flipkart.tests.UIResponsiveTest@247bddad]" started-at="2026-04-09T16:31:22 IST" name="verifyPageTitleNotEmpty" description="Verify page title is not empty" finished-at="2026-04-09T16:31:22 IST" duration-ms="12" status="PASS">
          <reporter-output>
          </reporter-output>
        </test-method> <!-- verifyPageTitleNotEmpty -->
        <test-method is-config="true" signature="tearDown()[pri:0, instance:com.flipkart.tests.UIResponsiveTest@247bddad]" started-at="2026-04-09T16:31:22 IST" name="tearDown" finished-at="2026-04-09T16:31:22 IST" duration-ms="409" status="PASS">
          <reporter-output>
          </reporter-output>
        </test-method> <!-- tearDown -->
        <test-method is-config="true" signature="setUp()[pri:0, instance:com.flipkart.tests.UIResponsiveTest@247bddad]" started-at="2026-04-09T16:31:22 IST" name="setUp" finished-at="2026-04-09T16:31:34 IST" duration-ms="12166" status="PASS">
          <reporter-output>
          </reporter-output>
        </test-method> <!-- setUp -->
        <test-method is-config="true" signature="setUpPage()[pri:0, instance:com.flipkart.tests.UIResponsiveTest@247bddad]" started-at="2026-04-09T16:31:34 IST" name="setUpPage" finished-at="2026-04-09T16:31:38 IST" duration-ms="4070" status="PASS">
          <reporter-output>
          </reporter-output>
        </test-method> <!-- setUpPage -->
        <test-method signature="verifyScrollToTop()[pri:0, instance:com.flipkart.tests.UIResponsiveTest@247bddad]" started-at="2026-04-09T16:31:38 IST" name="verifyScrollToTop" description="Verify scroll to top works" finished-at="2026-04-09T16:31:40 IST" duration-ms="2088" status="PASS">
          <reporter-output>
          </reporter-output>
        </test-method> <!-- verifyScrollToTop -->
        <test-method is-config="true" signature="tearDown()[pri:0, instance:com.flipkart.tests.UIResponsiveTest@247bddad]" started-at="2026-04-09T16:31:40 IST" name="tearDown" finished-at="2026-04-09T16:31:41 IST" duration-ms="258" status="PASS">
          <reporter-output>
          </reporter-output>
        </test-method> <!-- tearDown -->
      </class> <!-- com.flipkart.tests.UIResponsiveTest -->
    </test> <!-- UI Responsive Tests -->
    <test started-at="2026-04-09T16:31:41 IST" name="Performance Tests" finished-at="2026-04-09T16:35:54 IST" duration-ms="253496">
      <class name="com.flipkart.tests.PerformanceTest">
        <test-method is-config="true" signature="setUp()[pri:0, instance:com.flipkart.tests.PerformanceTest@55b0dcab]" started-at="2026-04-09T16:31:41 IST" name="setUp" finished-at="2026-04-09T16:31:53 IST" duration-ms="12492" status="PASS">
          <reporter-output>
          </reporter-output>
        </test-method> <!-- setUp -->
        <test-method is-config="true" signature="setUpPage()[pri:0, instance:com.flipkart.tests.PerformanceTest@55b0dcab]" started-at="2026-04-09T16:31:53 IST" name="setUpPage" finished-at="2026-04-09T16:31:57 IST" duration-ms="4048" status="PASS">
          <reporter-output>
          </reporter-output>
        </test-method> <!-- setUpPage -->
        <test-method signature="verifyCartPageLoadTime()[pri:0, instance:com.flipkart.tests.PerformanceTest@55b0dcab]" started-at="2026-04-09T16:31:57 IST" name="verifyCartPageLoadTime" description="Verify cart page loads under 10 seconds" finished-at="2026-04-09T16:32:01 IST" duration-ms="3650" status="PASS">
          <reporter-output>
          </reporter-output>
        </test-method> <!-- verifyCartPageLoadTime -->
        <test-method is-config="true" signature="tearDown()[pri:0, instance:com.flipkart.tests.PerformanceTest@55b0dcab]" started-at="2026-04-09T16:32:01 IST" name="tearDown" finished-at="2026-04-09T16:32:01 IST" duration-ms="514" status="PASS">
          <reporter-output>
          </reporter-output>
        </test-method> <!-- tearDown -->
        <test-method is-config="true" signature="setUp()[pri:0, instance:com.flipkart.tests.PerformanceTest@55b0dcab]" started-at="2026-04-09T16:32:01 IST" name="setUp" finished-at="2026-04-09T16:32:14 IST" duration-ms="12354" status="PASS">
          <reporter-output>
          </reporter-output>
        </test-method> <!-- setUp -->
        <test-method is-config="true" signature="setUpPage()[pri:0, instance:com.flipkart.tests.PerformanceTest@55b0dcab]" started-at="2026-04-09T16:32:14 IST" name="setUpPage" finished-at="2026-04-09T16:32:18 IST" duration-ms="4063" status="PASS">
          <reporter-output>
          </reporter-output>
        </test-method> <!-- setUpPage -->
        <test-method signature="verifyDomLoadTime()[pri:0, instance:com.flipkart.tests.PerformanceTest@55b0dcab]" started-at="2026-04-09T16:32:18 IST" name="verifyDomLoadTime" description="Verify DOM loads within acceptable time" finished-at="2026-04-09T16:32:18 IST" duration-ms="29" status="PASS">
          <reporter-output>
          </reporter-output>
        </test-method> <!-- verifyDomLoadTime -->
        <test-method is-config="true" signature="tearDown()[pri:0, instance:com.flipkart.tests.PerformanceTest@55b0dcab]" started-at="2026-04-09T16:32:18 IST" name="tearDown" finished-at="2026-04-09T16:32:18 IST" duration-ms="287" status="PASS">
          <reporter-output>
          </reporter-output>
        </test-method> <!-- tearDown -->
        <test-method is-config="true" signature="setUp()[pri:0, instance:com.flipkart.tests.PerformanceTest@55b0dcab]" started-at="2026-04-09T16:32:18 IST" name="setUp" finished-at="2026-04-09T16:32:30 IST" duration-ms="11951" status="PASS">
          <reporter-output>
          </reporter-output>
        </test-method> <!-- setUp -->
        <test-method is-config="true" signature="setUpPage()[pri:0, instance:com.flipkart.tests.PerformanceTest@55b0dcab]" started-at="2026-04-09T16:32:30 IST" name="setUpPage" finished-at="2026-04-09T16:32:34 IST" duration-ms="4102" status="PASS">
          <reporter-output>
          </reporter-output>
        </test-method> <!-- setUpPage -->
        <test-method signature="verifyHomepageLoadTime()[pri:0, instance:com.flipkart.tests.PerformanceTest@55b0dcab]" started-at="2026-04-09T16:32:34 IST" name="verifyHomepageLoadTime" description="Verify homepage loads under 10 seconds" finished-at="2026-04-09T16:32:34 IST" duration-ms="8" status="PASS">
          <reporter-output>
          </reporter-output>
        </test-method> <!-- verifyHomepageLoadTime -->
        <test-method is-config="true" signature="tearDown()[pri:0, instance:com.flipkart.tests.PerformanceTest@55b0dcab]" started-at="2026-04-09T16:32:34 IST" name="tearDown" finished-at="2026-04-09T16:32:34 IST" duration-ms="288" status="PASS">
          <reporter-output>
          </reporter-output>
        </test-method> <!-- tearDown -->
        <test-method is-config="true" signature="setUp()[pri:0, instance:com.flipkart.tests.PerformanceTest@55b0dcab]" started-at="2026-04-09T16:32:34 IST" name="setUp" finished-at="2026-04-09T16:32:48 IST" duration-ms="14065" status="PASS">
          <reporter-output>
          </reporter-output>
        </test-method> <!-- setUp -->
        <test-method is-config="true" signature="setUpPage()[pri:0, instance:com.flipkart.tests.PerformanceTest@55b0dcab]" started-at="2026-04-09T16:32:48 IST" name="setUpPage" finished-at="2026-04-09T16:33:23 IST" duration-ms="34268" status="PASS">
          <reporter-output>
          </reporter-output>
        </test-method> <!-- setUpPage -->
        <test-method signature="verifyLoginPageLoadTime()[pri:0, instance:com.flipkart.tests.PerformanceTest@55b0dcab]" started-at="2026-04-09T16:33:23 IST" name="verifyLoginPageLoadTime" description="Verify login page loads under 10 seconds" finished-at="2026-04-09T16:33:29 IST" duration-ms="6164" status="PASS">
          <reporter-output>
          </reporter-output>
        </test-method> <!-- verifyLoginPageLoadTime -->
        <test-method is-config="true" signature="tearDown()[pri:0, instance:com.flipkart.tests.PerformanceTest@55b0dcab]" started-at="2026-04-09T16:33:29 IST" name="tearDown" finished-at="2026-04-09T16:33:29 IST" duration-ms="318" status="PASS">
          <reporter-output>
          </reporter-output>
        </test-method> <!-- tearDown -->
        <test-method is-config="true" signature="setUp()[pri:0, instance:com.flipkart.tests.PerformanceTest@55b0dcab]" started-at="2026-04-09T16:33:29 IST" name="setUp" finished-at="2026-04-09T16:33:42 IST" duration-ms="12408" status="PASS">
          <reporter-output>
          </reporter-output>
        </test-method> <!-- setUp -->
        <test-method is-config="true" signature="setUpPage()[pri:0, instance:com.flipkart.tests.PerformanceTest@55b0dcab]" started-at="2026-04-09T16:33:42 IST" name="setUpPage" finished-at="2026-04-09T16:33:46 IST" duration-ms="4041" status="PASS">
          <reporter-output>
          </reporter-output>
        </test-method> <!-- setUpPage -->
        <test-method signature="verifyPageResourcesLoaded()[pri:0, instance:com.flipkart.tests.PerformanceTest@55b0dcab]" started-at="2026-04-09T16:33:46 IST" name="verifyPageResourcesLoaded" description="Verify all page resources loaded" finished-at="2026-04-09T16:33:46 IST" duration-ms="47" status="PASS">
          <reporter-output>
          </reporter-output>
        </test-method> <!-- verifyPageResourcesLoaded -->
        <test-method is-config="true" signature="tearDown()[pri:0, instance:com.flipkart.tests.PerformanceTest@55b0dcab]" started-at="2026-04-09T16:33:46 IST" name="tearDown" finished-at="2026-04-09T16:33:46 IST" duration-ms="278" status="PASS">
          <reporter-output>
          </reporter-output>
        </test-method> <!-- tearDown -->
        <test-method is-config="true" signature="setUp()[pri:0, instance:com.flipkart.tests.PerformanceTest@55b0dcab]" started-at="2026-04-09T16:33:46 IST" name="setUp" finished-at="2026-04-09T16:34:00 IST" duration-ms="14323" status="PASS">
          <reporter-output>
          </reporter-output>
        </test-method> <!-- setUp -->
        <test-method is-config="true" signature="setUpPage()[pri:0, instance:com.flipkart.tests.PerformanceTest@55b0dcab]" started-at="2026-04-09T16:34:00 IST" name="setUpPage" finished-at="2026-04-09T16:34:35 IST" duration-ms="34276" status="PASS">
          <reporter-output>
          </reporter-output>
        </test-method> <!-- setUpPage -->
        <test-method signature="verifyPageResponseTime()[pri:0, instance:com.flipkart.tests.PerformanceTest@55b0dcab]" started-at="2026-04-09T16:34:35 IST" name="verifyPageResponseTime" description="Verify page response time using JS timing" finished-at="2026-04-09T16:34:35 IST" duration-ms="32" status="PASS">
          <reporter-output>
          </reporter-output>
        </test-method> <!-- verifyPageResponseTime -->
        <test-method is-config="true" signature="tearDown()[pri:0, instance:com.flipkart.tests.PerformanceTest@55b0dcab]" started-at="2026-04-09T16:34:35 IST" name="tearDown" finished-at="2026-04-09T16:34:35 IST" duration-ms="404" status="PASS">
          <reporter-output>
          </reporter-output>
        </test-method> <!-- tearDown -->
        <test-method is-config="true" signature="setUp()[pri:0, instance:com.flipkart.tests.PerformanceTest@55b0dcab]" started-at="2026-04-09T16:34:35 IST" name="setUp" finished-at="2026-04-09T16:34:49 IST" duration-ms="13557" status="PASS">
          <reporter-output>
          </reporter-output>
        </test-method> <!-- setUp -->
        <test-method is-config="true" signature="setUpPage()[pri:0, instance:com.flipkart.tests.PerformanceTest@55b0dcab]" started-at="2026-04-09T16:34:49 IST" name="setUpPage" finished-at="2026-04-09T16:34:53 IST" duration-ms="4078" status="PASS">
          <reporter-output>
          </reporter-output>
        </test-method> <!-- setUpPage -->
        <test-method signature="verifyProductPageLoadTime()[pri:0, instance:com.flipkart.tests.PerformanceTest@55b0dcab]" started-at="2026-04-09T16:34:53 IST" name="verifyProductPageLoadTime" description="Verify product page loads under 15 seconds" finished-at="2026-04-09T16:35:20 IST" duration-ms="27674" status="PASS">
          <reporter-output>
          </reporter-output>
        </test-method> <!-- verifyProductPageLoadTime -->
        <test-method is-config="true" signature="tearDown()[pri:0, instance:com.flipkart.tests.PerformanceTest@55b0dcab]" started-at="2026-04-09T16:35:20 IST" name="tearDown" finished-at="2026-04-09T16:35:21 IST" duration-ms="337" status="PASS">
          <reporter-output>
          </reporter-output>
        </test-method> <!-- tearDown -->
        <test-method is-config="true" signature="setUp()[pri:0, instance:com.flipkart.tests.PerformanceTest@55b0dcab]" started-at="2026-04-09T16:35:21 IST" name="setUp" finished-at="2026-04-09T16:35:35 IST" duration-ms="13907" status="PASS">
          <reporter-output>
          </reporter-output>
        </test-method> <!-- setUp -->
        <test-method is-config="true" signature="setUpPage()[pri:0, instance:com.flipkart.tests.PerformanceTest@55b0dcab]" started-at="2026-04-09T16:35:35 IST" name="setUpPage" finished-at="2026-04-09T16:35:39 IST" duration-ms="4140" status="PASS">
          <reporter-output>
          </reporter-output>
        </test-method> <!-- setUpPage -->
        <test-method signature="verifySearchResultsLoadTime()[pri:0, instance:com.flipkart.tests.PerformanceTest@55b0dcab]" started-at="2026-04-09T16:35:39 IST" name="verifySearchResultsLoadTime" description="Verify search results load under 30 seconds" finished-at="2026-04-09T16:35:54 IST" duration-ms="15068" status="PASS">
          <reporter-output>
          </reporter-output>
        </test-method> <!-- verifySearchResultsLoadTime -->
        <test-method is-config="true" signature="tearDown()[pri:0, instance:com.flipkart.tests.PerformanceTest@55b0dcab]" started-at="2026-04-09T16:35:54 IST" name="tearDown" finished-at="2026-04-09T16:35:54 IST" duration-ms="316" status="PASS">
          <reporter-output>
          </reporter-output>
        </test-method> <!-- tearDown -->
      </class> <!-- com.flipkart.tests.PerformanceTest -->
    </test> <!-- Performance Tests -->
  </suite> <!-- Flipkart Test Suite -->
</testng-results>
