<?xml version="1.0" encoding="UTF-8"?>
<testsuite xmlns:xsi="http://www.w3.org/2001/XMLSchema-instance" xsi:noNamespaceSchemaLocation="https://maven.apache.org/surefire/maven-surefire-plugin/xsd/surefire-test-report-3.0.xsd" version="3.0" name="TestSuite" time="2924.259" tests="80" errors="0" skipped="0" failures="3">
  <properties>
[...]
</properties>
  <testcase name="verifyBannerIsVisible" classname="com.flipkart.tests.HomePageTest" time="1.082">
    <system-out><![CDATA[Suite Started: Homepage Tests
Checking for login popup...
Popup closed via Strategy 1!
Banner images found: 52
]]></system-out>
    <system-err><![CDATA[SLF4J: Failed to load class "org.slf4j.impl.StaticLoggerBinder".
SLF4J: Defaulting to no-operation (NOP) logger implementation
SLF4J: See http://www.slf4j.org/codes.html#StaticLoggerBinder for further details.
Apr 05, 2026 10:34:59 AM org.openqa.selenium.devtools.CdpVersionFinder findNearestMatch
WARNING: Unable to find CDP implementation matching 146
Apr 05, 2026 10:34:59 AM org.openqa.selenium.chromium.ChromiumDriver lambda$new$5
WARNING: Unable to find version of CDP to use for 146.0.7680.178. You may need to include a dependency on a specific version of the CDP using something similar to `org.seleniumhq.selenium:selenium-devtools-v86:4.21.0` where the version ("v86") matches the version of the chromium-based browser you're using and the version number of the artifact is the same as Selenium's.
]]></system-err>
  </testcase>
  <testcase name="verifyDealsAreVisible" classname="com.flipkart.tests.HomePageTest" time="2.062">
    <system-out><![CDATA[Checking for login popup...
Popup closed via Strategy 1!
Deal cards found: 49
Total deals found: 49
]]></system-out>
    <system-err><![CDATA[Apr 05, 2026 10:35:18 AM org.openqa.selenium.devtools.CdpVersionFinder findNearestMatch
WARNING: Unable to find CDP implementation matching 146
Apr 05, 2026 10:35:18 AM org.openqa.selenium.chromium.ChromiumDriver lambda$new$5
WARNING: Unable to find version of CDP to use for 146.0.7680.178. You may need to include a dependency on a specific version of the CDP using something similar to `org.seleniumhq.selenium:selenium-devtools-v86:4.21.0` where the version ("v86") matches the version of the chromium-based browser you're using and the version number of the artifact is the same as Selenium's.
]]></system-err>
  </testcase>
  <testcase name="verifyFooterIsVisible" classname="com.flipkart.tests.HomePageTest" time="0.16">
    <system-out><![CDATA[Checking for login popup...
Popup closed via Strategy 1!
]]></system-out>
    <system-err><![CDATA[Apr 05, 2026 10:35:38 AM org.openqa.selenium.devtools.CdpVersionFinder findNearestMatch
WARNING: Unable to find CDP implementation matching 146
Apr 05, 2026 10:35:38 AM org.openqa.selenium.chromium.ChromiumDriver lambda$new$5
WARNING: Unable to find version of CDP to use for 146.0.7680.178. You may need to include a dependency on a specific version of the CDP using something similar to `org.seleniumhq.selenium:selenium-devtools-v86:4.21.0` where the version ("v86") matches the version of the chromium-based browser you're using and the version number of the artifact is the same as Selenium's.
]]></system-err>
  </testcase>
  <testcase name="verifyHomePageLoads" classname="com.flipkart.tests.HomePageTest" time="0.073">
    <system-out><![CDATA[Checking for login popup...
Popup closed via Strategy 1!
]]></system-out>
    <system-err><![CDATA[Apr 05, 2026 10:35:55 AM org.openqa.selenium.devtools.CdpVersionFinder findNearestMatch
WARNING: Unable to find CDP implementation matching 146
Apr 05, 2026 10:35:55 AM org.openqa.selenium.chromium.ChromiumDriver lambda$new$5
WARNING: Unable to find version of CDP to use for 146.0.7680.178. You may need to include a dependency on a specific version of the CDP using something similar to `org.seleniumhq.selenium:selenium-devtools-v86:4.21.0` where the version ("v86") matches the version of the chromium-based browser you're using and the version number of the artifact is the same as Selenium's.
]]></system-err>
  </testcase>
  <testcase name="verifyLoginButtonIsVisible" classname="com.flipkart.tests.HomePageTest" time="0.044">
    <system-out><![CDATA[Checking for login popup...
Popup closed via Strategy 1!
]]></system-out>
    <system-err><![CDATA[Apr 05, 2026 10:36:13 AM org.openqa.selenium.devtools.CdpVersionFinder findNearestMatch
WARNING: Unable to find CDP implementation matching 146
Apr 05, 2026 10:36:13 AM org.openqa.selenium.chromium.ChromiumDriver lambda$new$5
WARNING: Unable to find version of CDP to use for 146.0.7680.178. You may need to include a dependency on a specific version of the CDP using something similar to `org.seleniumhq.selenium:selenium-devtools-v86:4.21.0` where the version ("v86") matches the version of the chromium-based browser you're using and the version number of the artifact is the same as Selenium's.
]]></system-err>
  </testcase>
  <testcase name="verifyLogoClickRedirectsToHomePage" classname="com.flipkart.tests.HomePageTest" time="0.187">
    <system-out><![CDATA[Checking for login popup...
Popup closed via Strategy 1!
]]></system-out>
    <system-err><![CDATA[Apr 05, 2026 10:36:31 AM org.openqa.selenium.devtools.CdpVersionFinder findNearestMatch
WARNING: Unable to find CDP implementation matching 146
Apr 05, 2026 10:36:31 AM org.openqa.selenium.chromium.ChromiumDriver lambda$new$5
WARNING: Unable to find version of CDP to use for 146.0.7680.178. You may need to include a dependency on a specific version of the CDP using something similar to `org.seleniumhq.selenium:selenium-devtools-v86:4.21.0` where the version ("v86") matches the version of the chromium-based browser you're using and the version number of the artifact is the same as Selenium's.
]]></system-err>
  </testcase>
  <testcase name="verifyLogoIsVisible" classname="com.flipkart.tests.HomePageTest" time="0.02">
    <system-out><![CDATA[Checking for login popup...
Popup closed via Strategy 1!
Logo images found: 49
]]></system-out>
    <system-err><![CDATA[Apr 05, 2026 10:36:49 AM org.openqa.selenium.devtools.CdpVersionFinder findNearestMatch
WARNING: Unable to find CDP implementation matching 146
Apr 05, 2026 10:36:49 AM org.openqa.selenium.chromium.ChromiumDriver lambda$new$5
WARNING: Unable to find version of CDP to use for 146.0.7680.178. You may need to include a dependency on a specific version of the CDP using something similar to `org.seleniumhq.selenium:selenium-devtools-v86:4.21.0` where the version ("v86") matches the version of the chromium-based browser you're using and the version number of the artifact is the same as Selenium's.
]]></system-err>
  </testcase>
  <testcase name="verifyNavCategoriesAreDisplayed" classname="com.flipkart.tests.HomePageTest" time="0.044">
    <system-out><![CDATA[Checking for login popup...
Popup closed via Strategy 1!
Nav links found: 49
Total nav categories found: 49
]]></system-out>
    <system-err><![CDATA[Apr 05, 2026 10:37:06 AM org.openqa.selenium.devtools.CdpVersionFinder findNearestMatch
WARNING: Unable to find CDP implementation matching 146
Apr 05, 2026 10:37:06 AM org.openqa.selenium.chromium.ChromiumDriver lambda$new$5
WARNING: Unable to find version of CDP to use for 146.0.7680.178. You may need to include a dependency on a specific version of the CDP using something similar to `org.seleniumhq.selenium:selenium-devtools-v86:4.21.0` where the version ("v86") matches the version of the chromium-based browser you're using and the version number of the artifact is the same as Selenium's.
]]></system-err>
  </testcase>
  <testcase name="verifyPageTitle" classname="com.flipkart.tests.HomePageTest" time="0.012">
    <system-out><![CDATA[Checking for login popup...
Popup closed via Strategy 1!
Page title: Online Shopping Site for Mobiles, Electronics, Furniture, Grocery, Lifestyle, Books & More. Best Offers!
]]></system-out>
    <system-err><![CDATA[Apr 05, 2026 10:37:25 AM org.openqa.selenium.devtools.CdpVersionFinder findNearestMatch
WARNING: Unable to find CDP implementation matching 146
Apr 05, 2026 10:37:25 AM org.openqa.selenium.chromium.ChromiumDriver lambda$new$5
WARNING: Unable to find version of CDP to use for 146.0.7680.178. You may need to include a dependency on a specific version of the CDP using something similar to `org.seleniumhq.selenium:selenium-devtools-v86:4.21.0` where the version ("v86") matches the version of the chromium-based browser you're using and the version number of the artifact is the same as Selenium's.
]]></system-err>
  </testcase>
  <testcase name="verifySearchBarIsVisible" classname="com.flipkart.tests.HomePageTest" time="0.04">
    <system-out><![CDATA[Checking for login popup...
Popup closed via Strategy 1!
]]></system-out>
    <system-err><![CDATA[Apr 05, 2026 10:37:43 AM org.openqa.selenium.devtools.CdpVersionFinder findNearestMatch
WARNING: Unable to find CDP implementation matching 146
Apr 05, 2026 10:37:43 AM org.openqa.selenium.chromium.ChromiumDriver lambda$new$5
WARNING: Unable to find version of CDP to use for 146.0.7680.178. You may need to include a dependency on a specific version of the CDP using something similar to `org.seleniumhq.selenium:selenium-devtools-v86:4.21.0` where the version ("v86") matches the version of the chromium-based browser you're using and the version number of the artifact is the same as Selenium's.
]]></system-err>
  </testcase>
  <testcase name="verifyClickingProductNavigates" classname="com.flipkart.tests.SearchTest" time="19.148">
    <system-out><![CDATA[Report: reports/FlipkartTestReport.html
Suite Started: Search Tests
Checking for login popup...
Popup closed via Strategy 1!
Search via JS click!
Before click: https://www.flipkart.com/search?q=iPhone&otracker=search&otracker1=search&marketplace=FLIPKART&as-show=on&as=off
Products found: 29
After click URL: https://www.flipkart.com/apple-iphone-16-black-128-gb/p/itmb07d67f995271?pid=MOBH4DQFG8NKFRDY&lid=LSTMOBH4DQFG8NKFRDYNBDOZI&marketplace=FLIPKART&q=iPhone&store=tyy%2F4io&srno=s_1_1&otracker=search&otracker1=search&fm=organic&iid=610a6277-ef93-4179-8a1b-27395d7b09e6.MOBH4DQFG8NKFRDY.SEARCH&ppt=hp&ppn=homepage&ssid=u1iosuenjk0000001775365706541&qH=867e57bd062c7169&ov_redirect=true
After click: https://www.flipkart.com/apple-iphone-16-black-128-gb/p/itmb07d67f995271?pid=MOBH4DQFG8NKFRDY&lid=LSTMOBH4DQFG8NKFRDYNBDOZI&marketplace=FLIPKART&q=iPhone&store=tyy%2F4io&srno=s_1_1&otracker=search&otracker1=search&fm=organic&iid=610a6277-ef93-4179-8a1b-27395d7b09e6.MOBH4DQFG8NKFRDY.SEARCH&ppt=hp&ppn=homepage&ssid=u1iosuenjk0000001775365706541&qH=867e57bd062c7169&ov_redirect=true
]]></system-out>
    <system-err><![CDATA[Apr 05, 2026 10:38:01 AM org.openqa.selenium.devtools.CdpVersionFinder findNearestMatch
WARNING: Unable to find CDP implementation matching 146
Apr 05, 2026 10:38:01 AM org.openqa.selenium.chromium.ChromiumDriver lambda$new$5
WARNING: Unable to find version of CDP to use for 146.0.7680.178. You may need to include a dependency on a specific version of the CDP using something similar to `org.seleniumhq.selenium:selenium-devtools-v86:4.21.0` where the version ("v86") matches the version of the chromium-based browser you're using and the version number of the artifact is the same as Selenium's.
]]></system-err>
  </testcase>
  <testcase name="verifyConsistentResults" classname="com.flipkart.tests.SearchTest" time="28.249">
    <system-out><![CDATA[Checking for login popup...
Popup closed via Strategy 1!
Search via JS click!
Search again failed: no such element: Unable to locate element: {"method":"css selector","selector":"button[aria-label*='Search']"}
  (Session info: chrome=146.0.7680.178)
For documentation on this error, please visit: https://www.selenium.dev/documentation/webdriver/troubleshooting/errors#no-such-element-exception
Build info: version: '4.21.0', revision: '79ed462ef4'
System info: os.name: 'Windows 11', os.arch: 'amd64', os.version: '10.0', java.version: '22.0.2'
Driver info: org.openqa.selenium.chrome.ChromeDriver
Command: [58933399f3ec73702536a035d435fe75, findElement {using=css selector, value=button[aria-label*='Search']}]
Capabilities {acceptInsecureCerts: false, browserName: chrome, browserVersion: 146.0.7680.178, chrome: {chromedriverVersion: 146.0.7680.165 (4b989da09e1..., userDataDir: C:\Users\dipak\AppData\Loca...}, fedcm:accounts: true, goog:chromeOptions: {debuggerAddress: localhost:59650}, goog:processID: 9724, networkConnectionEnabled: false, pageLoadStrategy: normal, platformName: windows, proxy: Proxy(), se:cdp: ws://localhost:59650/devtoo..., se:cdpVersion: 146.0.7680.178, setWindowRect: true, strictFileInteractability: false, timeouts: {implicit: 0, pageLoad: 300000, script: 30000}, unhandledPromptBehavior: dismiss and notify, webauthn:extension:credBlob: true, webauthn:extension:largeBlob: true, webauthn:extension:minPinLength: true, webauthn:extension:prf: true, webauthn:virtualAuthenticators: true}
Session ID: 58933399f3ec73702536a035d435fe75
First: 29 Second: 29
]]></system-out>
    <system-err><![CDATA[Apr 05, 2026 10:38:38 AM org.openqa.selenium.devtools.CdpVersionFinder findNearestMatch
WARNING: Unable to find CDP implementation matching 146
Apr 05, 2026 10:38:38 AM org.openqa.selenium.chromium.ChromiumDriver lambda$new$5
WARNING: Unable to find version of CDP to use for 146.0.7680.178. You may need to include a dependency on a specific version of the CDP using something similar to `org.seleniumhq.selenium:selenium-devtools-v86:4.21.0` where the version ("v86") matches the version of the chromium-based browser you're using and the version number of the artifact is the same as Selenium's.
]]></system-err>
  </testcase>
  <testcase name="verifyPricesDisplayed" classname="com.flipkart.tests.SearchTest" time="46.409">
    <system-out><![CDATA[Checking for login popup...
Popup closed via Strategy 1!
Search via JS click!
Prices found: 59
]]></system-out>
    <system-err><![CDATA[Apr 05, 2026 10:39:24 AM org.openqa.selenium.devtools.CdpVersionFinder findNearestMatch
WARNING: Unable to find CDP implementation matching 146
Apr 05, 2026 10:39:24 AM org.openqa.selenium.chromium.ChromiumDriver lambda$new$5
WARNING: Unable to find version of CDP to use for 146.0.7680.178. You may need to include a dependency on a specific version of the CDP using something similar to `org.seleniumhq.selenium:selenium-devtools-v86:4.21.0` where the version ("v86") matches the version of the chromium-based browser you're using and the version number of the artifact is the same as Selenium's.
]]></system-err>
  </testcase>
  <testcase name="verifyResultCountIsGreaterThanZero" classname="com.flipkart.tests.SearchTest" time="13.882">
    <system-out><![CDATA[Checking for login popup...
Popup closed via Strategy 1!
Search via JS click!
Results found: 29
]]></system-out>
    <system-err><![CDATA[Apr 05, 2026 10:40:28 AM org.openqa.selenium.devtools.CdpVersionFinder findNearestMatch
WARNING: Unable to find CDP implementation matching 146
Apr 05, 2026 10:40:28 AM org.openqa.selenium.chromium.ChromiumDriver lambda$new$5
WARNING: Unable to find version of CDP to use for 146.0.7680.178. You may need to include a dependency on a specific version of the CDP using something similar to `org.seleniumhq.selenium:selenium-devtools-v86:4.21.0` where the version ("v86") matches the version of the chromium-based browser you're using and the version number of the artifact is the same as Selenium's.
]]></system-err>
  </testcase>
  <testcase name="verifySearchSuggestionsAppear" classname="com.flipkart.tests.SearchTest" time="75.418">
    <system-out><![CDATA[Checking for login popup...
Popup closed via Strategy 1!
Suggestions not found
Suggestions: 0
]]></system-out>
    <system-err><![CDATA[Apr 05, 2026 10:40:59 AM org.openqa.selenium.devtools.CdpVersionFinder findNearestMatch
WARNING: Unable to find CDP implementation matching 146
Apr 05, 2026 10:40:59 AM org.openqa.selenium.chromium.ChromiumDriver lambda$new$5
WARNING: Unable to find version of CDP to use for 146.0.7680.178. You may need to include a dependency on a specific version of the CDP using something similar to `org.seleniumhq.selenium:selenium-devtools-v86:4.21.0` where the version ("v86") matches the version of the chromium-based browser you're using and the version number of the artifact is the same as Selenium's.
]]></system-err>
  </testcase>
  <testcase name="verifySearchUsingEnterKey" classname="com.flipkart.tests.SearchTest" time="13.658">
    <system-out><![CDATA[Checking for login popup...
Popup closed via Strategy 1!
Search via Enter!
Search results found: 29
]]></system-out>
    <system-err><![CDATA[Apr 05, 2026 10:42:33 AM org.openqa.selenium.devtools.CdpVersionFinder findNearestMatch
WARNING: Unable to find CDP implementation matching 146
Apr 05, 2026 10:42:33 AM org.openqa.selenium.chromium.ChromiumDriver lambda$new$5
WARNING: Unable to find version of CDP to use for 146.0.7680.178. You may need to include a dependency on a specific version of the CDP using something similar to `org.seleniumhq.selenium:selenium-devtools-v86:4.21.0` where the version ("v86") matches the version of the chromium-based browser you're using and the version number of the artifact is the same as Selenium's.
]]></system-err>
  </testcase>
  <testcase name="verifySearchWithInvalidKeyword" classname="com.flipkart.tests.SearchTest" time="47.682">
    <system-out><![CDATA[Checking for login popup...
Strategy 1 failed
Strategy 2 failed
Popup closed via Escape!
Search error: Expected condition failed: waiting for element to be clickable: By.name: q (tried for 20 second(s) with 500 milliseconds interval)
Build info: version: '4.21.0', revision: '79ed462ef4'
System info: os.name: 'Windows 11', os.arch: 'amd64', os.version: '10.0', java.version: '22.0.2'
Driver info: org.openqa.selenium.chrome.ChromeDriver
Capabilities {acceptInsecureCerts: false, browserName: chrome, browserVersion: 146.0.7680.178, chrome: {chromedriverVersion: 146.0.7680.165 (4b989da09e1..., userDataDir: C:\Users\dipak\AppData\Loca...}, fedcm:accounts: true, goog:chromeOptions: {debuggerAddress: localhost:60788}, goog:processID: 20336, networkConnectionEnabled: false, pageLoadStrategy: normal, platformName: windows, proxy: Proxy(), se:cdp: ws://localhost:60788/devtoo..., se:cdpVersion: 146.0.7680.178, setWindowRect: true, strictFileInteractability: false, timeouts: {implicit: 0, pageLoad: 300000, script: 30000}, unhandledPromptBehavior: dismiss and notify, webauthn:extension:credBlob: true, webauthn:extension:largeBlob: true, webauthn:extension:minPinLength: true, webauthn:extension:prf: true, webauthn:virtualAuthenticators: true}
Session ID: 895f07540bfe948ee108c85ed07f8776
Search fallback failed
]]></system-out>
    <system-err><![CDATA[Apr 05, 2026 10:43:08 AM org.openqa.selenium.devtools.CdpVersionFinder findNearestMatch
WARNING: Unable to find CDP implementation matching 146
Apr 05, 2026 10:43:08 AM org.openqa.selenium.chromium.ChromiumDriver lambda$new$5
WARNING: Unable to find version of CDP to use for 146.0.7680.178. You may need to include a dependency on a specific version of the CDP using something similar to `org.seleniumhq.selenium:selenium-devtools-v86:4.21.0` where the version ("v86") matches the version of the chromium-based browser you're using and the version number of the artifact is the same as Selenium's.
]]></system-err>
  </testcase>
  <testcase name="verifySearchWithNumbers" classname="com.flipkart.tests.SearchTest" time="12.811">
    <system-out><![CDATA[Checking for login popup...
Popup closed via Strategy 1!
Search via JS click!
]]></system-out>
    <system-err><![CDATA[Apr 05, 2026 10:44:44 AM org.openqa.selenium.devtools.CdpVersionFinder findNearestMatch
WARNING: Unable to find CDP implementation matching 146
Apr 05, 2026 10:44:44 AM org.openqa.selenium.chromium.ChromiumDriver lambda$new$5
WARNING: Unable to find version of CDP to use for 146.0.7680.178. You may need to include a dependency on a specific version of the CDP using something similar to `org.seleniumhq.selenium:selenium-devtools-v86:4.21.0` where the version ("v86") matches the version of the chromium-based browser you're using and the version number of the artifact is the same as Selenium's.
]]></system-err>
  </testcase>
  <testcase name="verifySearchWithSpaces" classname="com.flipkart.tests.SearchTest" time="13.344">
    <system-out><![CDATA[Checking for login popup...
Popup closed via Strategy 1!
Search via JS click!
Search results found: 29
]]></system-out>
    <system-err><![CDATA[Apr 05, 2026 10:45:17 AM org.openqa.selenium.devtools.CdpVersionFinder findNearestMatch
WARNING: Unable to find CDP implementation matching 146
Apr 05, 2026 10:45:17 AM org.openqa.selenium.chromium.ChromiumDriver lambda$new$5
WARNING: Unable to find version of CDP to use for 146.0.7680.178. You may need to include a dependency on a specific version of the CDP using something similar to `org.seleniumhq.selenium:selenium-devtools-v86:4.21.0` where the version ("v86") matches the version of the chromium-based browser you're using and the version number of the artifact is the same as Selenium's.
]]></system-err>
  </testcase>
  <testcase name="verifySearchWithSpecialCharacters" classname="com.flipkart.tests.SearchTest" time="13.62">
    <system-out><![CDATA[Checking for login popup...
Popup closed via Strategy 1!
Search via JS click!
]]></system-out>
    <system-err><![CDATA[Apr 05, 2026 10:45:48 AM org.openqa.selenium.devtools.CdpVersionFinder findNearestMatch
WARNING: Unable to find CDP implementation matching 146
Apr 05, 2026 10:45:48 AM org.openqa.selenium.chromium.ChromiumDriver lambda$new$5
WARNING: Unable to find version of CDP to use for 146.0.7680.178. You may need to include a dependency on a specific version of the CDP using something similar to `org.seleniumhq.selenium:selenium-devtools-v86:4.21.0` where the version ("v86") matches the version of the chromium-based browser you're using and the version number of the artifact is the same as Selenium's.
]]></system-err>
  </testcase>
  <testcase name="verifySearchWithValidKeyword" classname="com.flipkart.tests.SearchTest" time="13.203">
    <system-out><![CDATA[Checking for login popup...
Popup closed via Strategy 1!
Search via JS click!
Search results found: 29
]]></system-out>
    <system-err><![CDATA[Apr 05, 2026 10:46:20 AM org.openqa.selenium.devtools.CdpVersionFinder findNearestMatch
WARNING: Unable to find CDP implementation matching 146
Apr 05, 2026 10:46:20 AM org.openqa.selenium.chromium.ChromiumDriver lambda$new$5
WARNING: Unable to find version of CDP to use for 146.0.7680.178. You may need to include a dependency on a specific version of the CDP using something similar to `org.seleniumhq.selenium:selenium-devtools-v86:4.21.0` where the version ("v86") matches the version of the chromium-based browser you're using and the version number of the artifact is the same as Selenium's.
]]></system-err>
  </testcase>
  <testcase name="verifyUrlContainsKeyword" classname="com.flipkart.tests.SearchTest" time="13.458">
    <system-out><![CDATA[Checking for login popup...
Popup closed via Strategy 1!
Search via JS click!
Current URL: https://www.flipkart.com/search?q=samsung&otracker=search&otracker1=search&marketplace=flipkart&as-show=off&as=off
]]></system-out>
    <system-err><![CDATA[Apr 05, 2026 10:46:51 AM org.openqa.selenium.devtools.CdpVersionFinder findNearestMatch
WARNING: Unable to find CDP implementation matching 146
Apr 05, 2026 10:46:51 AM org.openqa.selenium.chromium.ChromiumDriver lambda$new$5
WARNING: Unable to find version of CDP to use for 146.0.7680.178. You may need to include a dependency on a specific version of the CDP using something similar to `org.seleniumhq.selenium:selenium-devtools-v86:4.21.0` where the version ("v86") matches the version of the chromium-based browser you're using and the version number of the artifact is the same as Selenium's.
]]></system-err>
  </testcase>
  <testcase name="verifyBrandFilterApplied" classname="com.flipkart.tests.ProductListingTest" time="2.08">
    <system-out><![CDATA[Report: reports/FlipkartTestReport.html
Suite Started: Product Listing Tests
Checking for login popup...
Popup closed via Strategy 1!
Search via JS click!
Brand filter applied!
Before: 29 After: 24
]]></system-out>
    <system-err><![CDATA[Apr 05, 2026 10:47:22 AM org.openqa.selenium.devtools.CdpVersionFinder findNearestMatch
WARNING: Unable to find CDP implementation matching 146
Apr 05, 2026 10:47:22 AM org.openqa.selenium.chromium.ChromiumDriver lambda$new$5
WARNING: Unable to find version of CDP to use for 146.0.7680.178. You may need to include a dependency on a specific version of the CDP using something similar to `org.seleniumhq.selenium:selenium-devtools-v86:4.21.0` where the version ("v86") matches the version of the chromium-based browser you're using and the version number of the artifact is the same as Selenium's.
]]></system-err>
  </testcase>
  <testcase name="verifyClearAllFilters" classname="com.flipkart.tests.ProductListingTest" time="17.112">
    <system-out><![CDATA[Checking for login popup...
Popup closed via Strategy 1!
Search via JS click!
Brand filter applied!
Clear filters failed: no such element: Unable to locate element: {"method":"xpath","selector":"//span[contains(text(),'Clear All') or contains(text(),'CLEAR ALL')]"}
  (Session info: chrome=146.0.7680.178)
For documentation on this error, please visit: https://www.selenium.dev/documentation/webdriver/troubleshooting/errors#no-such-element-exception
Build info: version: '4.21.0', revision: '79ed462ef4'
System info: os.name: 'Windows 11', os.arch: 'amd64', os.version: '10.0', java.version: '22.0.2'
Driver info: org.openqa.selenium.chrome.ChromeDriver
Command: [163bf1d040fd099ca7c03e297b797b45, findElement {using=xpath, value=//span[contains(text(),'Clear All') or contains(text(),'CLEAR ALL')]}]
Capabilities {acceptInsecureCerts: false, browserName: chrome, browserVersion: 146.0.7680.178, chrome: {chromedriverVersion: 146.0.7680.165 (4b989da09e1..., userDataDir: C:\Users\dipak\AppData\Loca...}, fedcm:accounts: true, goog:chromeOptions: {debuggerAddress: localhost:57944}, goog:processID: 10512, networkConnectionEnabled: false, pageLoadStrategy: normal, platformName: windows, proxy: Proxy(), se:cdp: ws://localhost:57944/devtoo..., se:cdpVersion: 146.0.7680.178, setWindowRect: true, strictFileInteractability: false, timeouts: {implicit: 0, pageLoad: 300000, script: 30000}, unhandledPromptBehavior: dismiss and notify, webauthn:extension:credBlob: true, webauthn:extension:largeBlob: true, webauthn:extension:minPinLength: true, webauthn:extension:prf: true, webauthn:virtualAuthenticators: true}
Session ID: 163bf1d040fd099ca7c03e297b797b45
Products found: 24
]]></system-out>
    <system-err><![CDATA[Apr 05, 2026 10:47:56 AM org.openqa.selenium.devtools.CdpVersionFinder findNearestMatch
WARNING: Unable to find CDP implementation matching 146
Apr 05, 2026 10:47:56 AM org.openqa.selenium.chromium.ChromiumDriver lambda$new$5
WARNING: Unable to find version of CDP to use for 146.0.7680.178. You may need to include a dependency on a specific version of the CDP using something similar to `org.seleniumhq.selenium:selenium-devtools-v86:4.21.0` where the version ("v86") matches the version of the chromium-based browser you're using and the version number of the artifact is the same as Selenium's.
]]></system-err>
  </testcase>
  <testcase name="verifyClickProductOpensDetailPage" classname="com.flipkart.tests.ProductListingTest" time="4.747">
    <system-out><![CDATA[Checking for login popup...
Popup closed via Strategy 1!
Search via JS click!
Before: https://www.flipkart.com/search?q=iPhone&otracker=search&otracker1=search&marketplace=FLIPKART&as-show=on&as=off
After: https://www.flipkart.com/apple-iphone-16-black-128-gb/p/itmb07d67f995271?pid=MOBH4DQFG8NKFRDY&lid=LSTMOBH4DQFG8NKFRDYNBDOZI&marketplace=FLIPKART&q=iPhone&store=tyy%2F4io&srno=s_1_1&otracker=search&otracker1=search&fm=organic&iid=342a34b2-c470-4dbc-8218-629823b49c5f.MOBH4DQFG8NKFRDY.SEARCH&ppt=None&ppn=None&ssid=6wgf2p4tps0000001775366347811&qH=867e57bd062c7169&ov_redirect=true
]]></system-out>
    <system-err><![CDATA[Apr 05, 2026 10:48:46 AM org.openqa.selenium.devtools.CdpVersionFinder findNearestMatch
WARNING: Unable to find CDP implementation matching 146
Apr 05, 2026 10:48:46 AM org.openqa.selenium.chromium.ChromiumDriver lambda$new$5
WARNING: Unable to find version of CDP to use for 146.0.7680.178. You may need to include a dependency on a specific version of the CDP using something similar to `org.seleniumhq.selenium:selenium-devtools-v86:4.21.0` where the version ("v86") matches the version of the chromium-based browser you're using and the version number of the artifact is the same as Selenium's.
]]></system-err>
  </testcase>
  <testcase name="verifyMultipleFiltersApplied" classname="com.flipkart.tests.ProductListingTest" time="4.169">
    <system-out><![CDATA[Checking for login popup...
Popup closed via Strategy 1!
Search via JS click!
Brand filter applied!
Price filter applied!
Products found: 24
]]></system-out>
    <system-err><![CDATA[Apr 05, 2026 10:49:20 AM org.openqa.selenium.devtools.CdpVersionFinder findNearestMatch
WARNING: Unable to find CDP implementation matching 146
Apr 05, 2026 10:49:20 AM org.openqa.selenium.chromium.ChromiumDriver lambda$new$5
WARNING: Unable to find version of CDP to use for 146.0.7680.178. You may need to include a dependency on a specific version of the CDP using something similar to `org.seleniumhq.selenium:selenium-devtools-v86:4.21.0` where the version ("v86") matches the version of the chromium-based browser you're using and the version number of the artifact is the same as Selenium's.
]]></system-err>
  </testcase>
  <testcase name="verifyNextPage" classname="com.flipkart.tests.ProductListingTest" time="3.1">
    <system-out><![CDATA[Checking for login popup...
Popup closed via Strategy 1!
Search via JS click!
Navigated to next page!
Products found: 29
]]></system-out>
    <system-err><![CDATA[Apr 05, 2026 10:49:58 AM org.openqa.selenium.devtools.CdpVersionFinder findNearestMatch
WARNING: Unable to find CDP implementation matching 146
Apr 05, 2026 10:49:58 AM org.openqa.selenium.chromium.ChromiumDriver lambda$new$5
WARNING: Unable to find version of CDP to use for 146.0.7680.178. You may need to include a dependency on a specific version of the CDP using something similar to `org.seleniumhq.selenium:selenium-devtools-v86:4.21.0` where the version ("v86") matches the version of the chromium-based browser you're using and the version number of the artifact is the same as Selenium's.
]]></system-err>
  </testcase>
  <testcase name="verifyPagination" classname="com.flipkart.tests.ProductListingTest" time="0.033">
    <system-out><![CDATA[Checking for login popup...
Popup closed via Strategy 1!
Search via JS click!
Page info: Page 1 of 30
]]></system-out>
    <system-err><![CDATA[Apr 05, 2026 10:50:35 AM org.openqa.selenium.devtools.CdpVersionFinder findNearestMatch
WARNING: Unable to find CDP implementation matching 146
Apr 05, 2026 10:50:35 AM org.openqa.selenium.chromium.ChromiumDriver lambda$new$5
WARNING: Unable to find version of CDP to use for 146.0.7680.178. You may need to include a dependency on a specific version of the CDP using something similar to `org.seleniumhq.selenium:selenium-devtools-v86:4.21.0` where the version ("v86") matches the version of the chromium-based browser you're using and the version number of the artifact is the same as Selenium's.
]]></system-err>
  </testcase>
  <testcase name="verifyPriceFilterApplied" classname="com.flipkart.tests.ProductListingTest" time="2.108">
    <system-out><![CDATA[Checking for login popup...
Popup closed via Strategy 1!
Search via JS click!
Price filter applied!
Products found: 24
]]></system-out>
    <system-err><![CDATA[Apr 05, 2026 10:51:07 AM org.openqa.selenium.devtools.CdpVersionFinder findNearestMatch
WARNING: Unable to find CDP implementation matching 146
Apr 05, 2026 10:51:07 AM org.openqa.selenium.chromium.ChromiumDriver lambda$new$5
WARNING: Unable to find version of CDP to use for 146.0.7680.178. You may need to include a dependency on a specific version of the CDP using something similar to `org.seleniumhq.selenium:selenium-devtools-v86:4.21.0` where the version ("v86") matches the version of the chromium-based browser you're using and the version number of the artifact is the same as Selenium's.
]]></system-err>
  </testcase>
  <testcase name="verifyPricesDisplayed" classname="com.flipkart.tests.ProductListingTest" time="1.546">
    <system-out><![CDATA[Checking for login popup...
Popup closed via Strategy 1!
Search via JS click!
Prices found: 60
]]></system-out>
    <system-err><![CDATA[Apr 05, 2026 10:51:40 AM org.openqa.selenium.devtools.CdpVersionFinder findNearestMatch
WARNING: Unable to find CDP implementation matching 146
Apr 05, 2026 10:51:40 AM org.openqa.selenium.chromium.ChromiumDriver lambda$new$5
WARNING: Unable to find version of CDP to use for 146.0.7680.178. You may need to include a dependency on a specific version of the CDP using something similar to `org.seleniumhq.selenium:selenium-devtools-v86:4.21.0` where the version ("v86") matches the version of the chromium-based browser you're using and the version number of the artifact is the same as Selenium's.
]]></system-err>
  </testcase>
  <testcase name="verifyProductImagesLoaded" classname="com.flipkart.tests.ProductListingTest" time="0.036">
    <system-out><![CDATA[Checking for login popup...
Popup closed via Strategy 1!
Search via JS click!
Images found: 77
]]></system-out>
    <system-err><![CDATA[Apr 05, 2026 10:52:15 AM org.openqa.selenium.devtools.CdpVersionFinder findNearestMatch
WARNING: Unable to find CDP implementation matching 146
Apr 05, 2026 10:52:15 AM org.openqa.selenium.chromium.ChromiumDriver lambda$new$5
WARNING: Unable to find version of CDP to use for 146.0.7680.178. You may need to include a dependency on a specific version of the CDP using something similar to `org.seleniumhq.selenium:selenium-devtools-v86:4.21.0` where the version ("v86") matches the version of the chromium-based browser you're using and the version number of the artifact is the same as Selenium's.
]]></system-err>
  </testcase>
  <testcase name="verifyProductsDisplay" classname="com.flipkart.tests.ProductListingTest" time="0.023">
    <system-out><![CDATA[Checking for login popup...
Popup closed via Strategy 1!
Search via JS click!
Products found: 29
]]></system-out>
    <system-err><![CDATA[Apr 05, 2026 10:52:58 AM org.openqa.selenium.devtools.CdpVersionFinder findNearestMatch
WARNING: Unable to find CDP implementation matching 146
Apr 05, 2026 10:52:58 AM org.openqa.selenium.chromium.ChromiumDriver lambda$new$5
WARNING: Unable to find version of CDP to use for 146.0.7680.178. You may need to include a dependency on a specific version of the CDP using something similar to `org.seleniumhq.selenium:selenium-devtools-v86:4.21.0` where the version ("v86") matches the version of the chromium-based browser you're using and the version number of the artifact is the same as Selenium's.
]]></system-err>
  </testcase>
  <testcase name="verifyRatingFilterApplied" classname="com.flipkart.tests.ProductListingTest" time="2.113">
    <system-out><![CDATA[Checking for login popup...
Popup closed via Strategy 1!
Search via JS click!
Rating filter applied!
Products found: 9
]]></system-out>
    <system-err><![CDATA[Apr 05, 2026 10:53:35 AM org.openqa.selenium.devtools.CdpVersionFinder findNearestMatch
WARNING: Unable to find CDP implementation matching 146
Apr 05, 2026 10:53:35 AM org.openqa.selenium.chromium.ChromiumDriver lambda$new$5
WARNING: Unable to find version of CDP to use for 146.0.7680.178. You may need to include a dependency on a specific version of the CDP using something similar to `org.seleniumhq.selenium:selenium-devtools-v86:4.21.0` where the version ("v86") matches the version of the chromium-based browser you're using and the version number of the artifact is the same as Selenium's.
]]></system-err>
  </testcase>
  <testcase name="verifySortByHighToLow" classname="com.flipkart.tests.ProductListingTest" time="2.179">
    <system-out><![CDATA[Checking for login popup...
Popup closed via Strategy 1!
Search via JS click!
Sorted High to Low!
Products found: 29
]]></system-out>
    <system-err><![CDATA[Apr 05, 2026 10:54:11 AM org.openqa.selenium.devtools.CdpVersionFinder findNearestMatch
WARNING: Unable to find CDP implementation matching 146
Apr 05, 2026 10:54:11 AM org.openqa.selenium.chromium.ChromiumDriver lambda$new$5
WARNING: Unable to find version of CDP to use for 146.0.7680.178. You may need to include a dependency on a specific version of the CDP using something similar to `org.seleniumhq.selenium:selenium-devtools-v86:4.21.0` where the version ("v86") matches the version of the chromium-based browser you're using and the version number of the artifact is the same as Selenium's.
]]></system-err>
  </testcase>
  <testcase name="verifySortByLowToHigh" classname="com.flipkart.tests.ProductListingTest" time="2.21">
    <system-out><![CDATA[Checking for login popup...
Popup closed via Strategy 1!
Search via JS click!
Sorted Low to High!
Before: 29 After: 29
]]></system-out>
    <system-err><![CDATA[Apr 05, 2026 10:54:48 AM org.openqa.selenium.devtools.CdpVersionFinder findNearestMatch
WARNING: Unable to find CDP implementation matching 146
Apr 05, 2026 10:54:48 AM org.openqa.selenium.chromium.ChromiumDriver lambda$new$5
WARNING: Unable to find version of CDP to use for 146.0.7680.178. You may need to include a dependency on a specific version of the CDP using something similar to `org.seleniumhq.selenium:selenium-devtools-v86:4.21.0` where the version ("v86") matches the version of the chromium-based browser you're using and the version number of the artifact is the same as Selenium's.
]]></system-err>
  </testcase>
  <testcase name="verifySortByNewestFirst" classname="com.flipkart.tests.ProductListingTest" time="2.14">
    <system-out><![CDATA[Checking for login popup...
Popup closed via Strategy 1!
Search via JS click!
Sorted Newest First!
Products found: 29
]]></system-out>
    <system-err><![CDATA[Apr 05, 2026 10:55:19 AM org.openqa.selenium.devtools.CdpVersionFinder findNearestMatch
WARNING: Unable to find CDP implementation matching 146
Apr 05, 2026 10:55:19 AM org.openqa.selenium.chromium.ChromiumDriver lambda$new$5
WARNING: Unable to find version of CDP to use for 146.0.7680.178. You may need to include a dependency on a specific version of the CDP using something similar to `org.seleniumhq.selenium:selenium-devtools-v86:4.21.0` where the version ("v86") matches the version of the chromium-based browser you're using and the version number of the artifact is the same as Selenium's.
]]></system-err>
  </testcase>
  <testcase name="verifySortByPopularity" classname="com.flipkart.tests.ProductListingTest" time="2.189">
    <system-out><![CDATA[Checking for login popup...
Popup closed via Strategy 1!
Search via JS click!
Sorted by Popularity!
Products found: 29
]]></system-out>
    <system-err><![CDATA[Apr 05, 2026 10:55:57 AM org.openqa.selenium.devtools.CdpVersionFinder findNearestMatch
WARNING: Unable to find CDP implementation matching 146
Apr 05, 2026 10:55:57 AM org.openqa.selenium.chromium.ChromiumDriver lambda$new$5
WARNING: Unable to find version of CDP to use for 146.0.7680.178. You may need to include a dependency on a specific version of the CDP using something similar to `org.seleniumhq.selenium:selenium-devtools-v86:4.21.0` where the version ("v86") matches the version of the chromium-based browser you're using and the version number of the artifact is the same as Selenium's.
]]></system-err>
  </testcase>
  <testcase name="verifyAddToCartButtonPresent" classname="com.flipkart.tests.ProductDetailTest" time="1.522">
    <system-out><![CDATA[Report: reports/FlipkartTestReport.html
Suite Started: Product Detail Tests
Checking for login popup...
Popup closed via Strategy 1!
Search via JS click!
Cart button found: 1
]]></system-out>
    <system-err><![CDATA[Apr 05, 2026 10:56:28 AM org.openqa.selenium.devtools.CdpVersionFinder findNearestMatch
WARNING: Unable to find CDP implementation matching 146
Apr 05, 2026 10:56:28 AM org.openqa.selenium.chromium.ChromiumDriver lambda$new$5
WARNING: Unable to find version of CDP to use for 146.0.7680.178. You may need to include a dependency on a specific version of the CDP using something similar to `org.seleniumhq.selenium:selenium-devtools-v86:4.21.0` where the version ("v86") matches the version of the chromium-based browser you're using and the version number of the artifact is the same as Selenium's.
]]></system-err>
  </testcase>
  <testcase name="verifyBuyNowButtonPresent" classname="com.flipkart.tests.ProductDetailTest" time="4.906">
    <system-out><![CDATA[Checking for login popup...
Popup closed via Strategy 1!
Search via JS click!
Buy Now found: 1
]]></system-out>
    <system-err><![CDATA[Apr 05, 2026 10:57:07 AM org.openqa.selenium.devtools.CdpVersionFinder findNearestMatch
WARNING: Unable to find CDP implementation matching 146
Apr 05, 2026 10:57:07 AM org.openqa.selenium.chromium.ChromiumDriver lambda$new$5
WARNING: Unable to find version of CDP to use for 146.0.7680.178. You may need to include a dependency on a specific version of the CDP using something similar to `org.seleniumhq.selenium:selenium-devtools-v86:4.21.0` where the version ("v86") matches the version of the chromium-based browser you're using and the version number of the artifact is the same as Selenium's.
]]></system-err>
  </testcase>
  <testcase name="verifyDeliveryInfoDisplayed" classname="com.flipkart.tests.ProductDetailTest" time="0.021">
    <system-out><![CDATA[Checking for login popup...
Popup closed via Strategy 1!
Search via JS click!
Delivery info found: 5
]]></system-out>
    <system-err><![CDATA[Apr 05, 2026 10:58:12 AM org.openqa.selenium.devtools.CdpVersionFinder findNearestMatch
WARNING: Unable to find CDP implementation matching 146
Apr 05, 2026 10:58:12 AM org.openqa.selenium.chromium.ChromiumDriver lambda$new$5
WARNING: Unable to find version of CDP to use for 146.0.7680.178. You may need to include a dependency on a specific version of the CDP using something similar to `org.seleniumhq.selenium:selenium-devtools-v86:4.21.0` where the version ("v86") matches the version of the chromium-based browser you're using and the version number of the artifact is the same as Selenium's.
]]></system-err>
  </testcase>
  <testcase name="verifyMrpDisplayed" classname="com.flipkart.tests.ProductDetailTest" time="2.41">
    <system-out><![CDATA[Checking for login popup...
Popup closed via Strategy 1!
Search via JS click!
MRP elements: 2
]]></system-out>
    <system-err><![CDATA[Apr 05, 2026 10:58:53 AM org.openqa.selenium.devtools.CdpVersionFinder findNearestMatch
WARNING: Unable to find CDP implementation matching 146
Apr 05, 2026 10:58:53 AM org.openqa.selenium.chromium.ChromiumDriver lambda$new$5
WARNING: Unable to find version of CDP to use for 146.0.7680.178. You may need to include a dependency on a specific version of the CDP using something similar to `org.seleniumhq.selenium:selenium-devtools-v86:4.21.0` where the version ("v86") matches the version of the chromium-based browser you're using and the version number of the artifact is the same as Selenium's.
]]></system-err>
  </testcase>
  <testcase name="verifyOffersDisplayed" classname="com.flipkart.tests.ProductDetailTest" time="2.502">
    <system-out><![CDATA[Checking for login popup...
Popup closed via Strategy 1!
Search via JS click!
Offers found: 18
]]></system-out>
    <system-err><![CDATA[Apr 05, 2026 10:59:34 AM org.openqa.selenium.devtools.CdpVersionFinder findNearestMatch
WARNING: Unable to find CDP implementation matching 146
Apr 05, 2026 10:59:34 AM org.openqa.selenium.chromium.ChromiumDriver lambda$new$5
WARNING: Unable to find version of CDP to use for 146.0.7680.178. You may need to include a dependency on a specific version of the CDP using something similar to `org.seleniumhq.selenium:selenium-devtools-v86:4.21.0` where the version ("v86") matches the version of the chromium-based browser you're using and the version number of the artifact is the same as Selenium's.
]]></system-err>
  </testcase>
  <testcase name="verifyProductImagesDisplayed" classname="com.flipkart.tests.ProductDetailTest" time="2.531">
    <system-out><![CDATA[Checking for login popup...
Popup closed via Strategy 1!
Search via JS click!
Images found: 45
]]></system-out>
    <system-err><![CDATA[Apr 05, 2026 11:00:17 AM org.openqa.selenium.devtools.CdpVersionFinder findNearestMatch
WARNING: Unable to find CDP implementation matching 146
Apr 05, 2026 11:00:17 AM org.openqa.selenium.chromium.ChromiumDriver lambda$new$5
WARNING: Unable to find version of CDP to use for 146.0.7680.178. You may need to include a dependency on a specific version of the CDP using something similar to `org.seleniumhq.selenium:selenium-devtools-v86:4.21.0` where the version ("v86") matches the version of the chromium-based browser you're using and the version number of the artifact is the same as Selenium's.
]]></system-err>
  </testcase>
  <testcase name="verifyProductPageLoaded" classname="com.flipkart.tests.ProductDetailTest" time="0.256">
    <system-out><![CDATA[Checking for login popup...
Popup closed via Strategy 1!
Search via JS click!
]]></system-out>
    <system-err><![CDATA[Apr 05, 2026 11:01:05 AM org.openqa.selenium.devtools.CdpVersionFinder findNearestMatch
WARNING: Unable to find CDP implementation matching 146
Apr 05, 2026 11:01:05 AM org.openqa.selenium.chromium.ChromiumDriver lambda$new$5
WARNING: Unable to find version of CDP to use for 146.0.7680.178. You may need to include a dependency on a specific version of the CDP using something similar to `org.seleniumhq.selenium:selenium-devtools-v86:4.21.0` where the version ("v86") matches the version of the chromium-based browser you're using and the version number of the artifact is the same as Selenium's.
]]></system-err>
  </testcase>
  <testcase name="verifyProductPriceDisplayed" classname="com.flipkart.tests.ProductDetailTest" time="7.804">
    <system-out><![CDATA[Checking for login popup...
Popup closed via Strategy 1!
Search via JS click!
Prices found: 33
]]></system-out>
    <system-err><![CDATA[Apr 05, 2026 11:01:59 AM org.openqa.selenium.devtools.CdpVersionFinder findNearestMatch
WARNING: Unable to find CDP implementation matching 146
Apr 05, 2026 11:01:59 AM org.openqa.selenium.chromium.ChromiumDriver lambda$new$5
WARNING: Unable to find version of CDP to use for 146.0.7680.178. You may need to include a dependency on a specific version of the CDP using something similar to `org.seleniumhq.selenium:selenium-devtools-v86:4.21.0` where the version ("v86") matches the version of the chromium-based browser you're using and the version number of the artifact is the same as Selenium's.
]]></system-err>
  </testcase>
  <testcase name="verifyProductTitleDisplayed" classname="com.flipkart.tests.ProductDetailTest" time="0.068">
    <system-out><![CDATA[Checking for login popup...
Popup closed via Strategy 1!
Search via JS click!
Title found: APPLE iPhone 16 (Black, 128 GB
]]></system-out>
    <system-err><![CDATA[Apr 05, 2026 11:02:47 AM org.openqa.selenium.devtools.CdpVersionFinder findNearestMatch
WARNING: Unable to find CDP implementation matching 146
Apr 05, 2026 11:02:47 AM org.openqa.selenium.chromium.ChromiumDriver lambda$new$5
WARNING: Unable to find version of CDP to use for 146.0.7680.178. You may need to include a dependency on a specific version of the CDP using something similar to `org.seleniumhq.selenium:selenium-devtools-v86:4.21.0` where the version ("v86") matches the version of the chromium-based browser you're using and the version number of the artifact is the same as Selenium's.
]]></system-err>
  </testcase>
  <testcase name="verifyRatingDisplayed" classname="com.flipkart.tests.ProductDetailTest" time="0.714">
    <system-out><![CDATA[Checking for login popup...
Popup closed via Strategy 1!
Search via JS click!
Rating found: 4.6
]]></system-out>
    <system-err><![CDATA[Apr 05, 2026 11:03:28 AM org.openqa.selenium.devtools.CdpVersionFinder findNearestMatch
WARNING: Unable to find CDP implementation matching 146
Apr 05, 2026 11:03:28 AM org.openqa.selenium.chromium.ChromiumDriver lambda$new$5
WARNING: Unable to find version of CDP to use for 146.0.7680.178. You may need to include a dependency on a specific version of the CDP using something similar to `org.seleniumhq.selenium:selenium-devtools-v86:4.21.0` where the version ("v86") matches the version of the chromium-based browser you're using and the version number of the artifact is the same as Selenium's.
]]></system-err>
  </testcase>
  <testcase name="verifySellerInfoDisplayed" classname="com.flipkart.tests.ProductDetailTest" time="0.025">
    <system-out><![CDATA[Checking for login popup...
Popup closed via Strategy 1!
Search via JS click!
Seller info found: 5
]]></system-out>
    <system-err><![CDATA[Apr 05, 2026 11:04:15 AM org.openqa.selenium.devtools.CdpVersionFinder findNearestMatch
WARNING: Unable to find CDP implementation matching 146
Apr 05, 2026 11:04:15 AM org.openqa.selenium.chromium.ChromiumDriver lambda$new$5
WARNING: Unable to find version of CDP to use for 146.0.7680.178. You may need to include a dependency on a specific version of the CDP using something similar to `org.seleniumhq.selenium:selenium-devtools-v86:4.21.0` where the version ("v86") matches the version of the chromium-based browser you're using and the version number of the artifact is the same as Selenium's.
]]></system-err>
  </testcase>
  <testcase name="verifySimilarProductsDisplayed" classname="com.flipkart.tests.ProductDetailTest" time="2.042">
    <system-out><![CDATA[Checking for login popup...
Popup closed via Strategy 1!
Search via JS click!
Similar products: 35
]]></system-out>
    <system-err><![CDATA[Apr 05, 2026 11:05:02 AM org.openqa.selenium.devtools.CdpVersionFinder findNearestMatch
WARNING: Unable to find CDP implementation matching 146
Apr 05, 2026 11:05:02 AM org.openqa.selenium.chromium.ChromiumDriver lambda$new$5
WARNING: Unable to find version of CDP to use for 146.0.7680.178. You may need to include a dependency on a specific version of the CDP using something similar to `org.seleniumhq.selenium:selenium-devtools-v86:4.21.0` where the version ("v86") matches the version of the chromium-based browser you're using and the version number of the artifact is the same as Selenium's.
]]></system-err>
  </testcase>
  <testcase name="verifySpecificationsDisplayed" classname="com.flipkart.tests.ProductDetailTest" time="2.053">
    <system-out><![CDATA[Checking for login popup...
Popup closed via Strategy 1!
Search via JS click!
Specs found: 1
]]></system-out>
    <system-err><![CDATA[Apr 05, 2026 11:05:46 AM org.openqa.selenium.devtools.CdpVersionFinder findNearestMatch
WARNING: Unable to find CDP implementation matching 146
Apr 05, 2026 11:05:46 AM org.openqa.selenium.chromium.ChromiumDriver lambda$new$5
WARNING: Unable to find version of CDP to use for 146.0.7680.178. You may need to include a dependency on a specific version of the CDP using something similar to `org.seleniumhq.selenium:selenium-devtools-v86:4.21.0` where the version ("v86") matches the version of the chromium-based browser you're using and the version number of the artifact is the same as Selenium's.
]]></system-err>
  </testcase>
  <testcase name="verifyThumbnailClick" classname="com.flipkart.tests.ProductDetailTest" time="45.227">
    <failure message="Images should still be visible after thumbnail click! expected [true] but found [false]" type="java.lang.AssertionError"><![CDATA[java.lang.AssertionError: Images should still be visible after thumbnail click! expected [true] but found [false]
	at org.testng.Assert.fail(Assert.java:111)
	at org.testng.Assert.failNotEquals(Assert.java:1578)
	at org.testng.Assert.assertTrue(Assert.java:57)
	at com.flipkart.tests.ProductDetailTest.verifyThumbnailClick(ProductDetailTest.java:176)
	at java.base/jdk.internal.reflect.DirectMethodHandleAccessor.invoke(DirectMethodHandleAccessor.java:103)
	at java.base/java.lang.reflect.Method.invoke(Method.java:580)
	at org.testng.internal.invokers.MethodInvocationHelper.invokeMethod(MethodInvocationHelper.java:141)
	at org.testng.internal.invokers.TestInvoker.invokeMethod(TestInvoker.java:686)
	at org.testng.internal.invokers.TestInvoker.invokeTestMethod(TestInvoker.java:230)
	at org.testng.internal.invokers.MethodRunner.runInSequence(MethodRunner.java:63)
	at org.testng.internal.invokers.TestInvoker$MethodInvocationAgent.invoke(TestInvoker.java:992)
	at org.testng.internal.invokers.TestInvoker.invokeTestMethods(TestInvoker.java:203)
	at org.testng.internal.invokers.TestMethodWorker.invokeTestMethods(TestMethodWorker.java:154)
	at org.testng.internal.invokers.TestMethodWorker.run(TestMethodWorker.java:134)
	at java.base/java.util.ArrayList.forEach(ArrayList.java:1597)
	at org.testng.TestRunner.privateRun(TestRunner.java:739)
	at org.testng.TestRunner.run(TestRunner.java:614)
	at org.testng.SuiteRunner.runTest(SuiteRunner.java:421)
	at org.testng.SuiteRunner.runSequentially(SuiteRunner.java:413)
	at org.testng.SuiteRunner.privateRun(SuiteRunner.java:373)
	at org.testng.SuiteRunner.run(SuiteRunner.java:312)
	at org.testng.SuiteRunnerWorker.runSuite(SuiteRunnerWorker.java:52)
	at org.testng.SuiteRunnerWorker.run(SuiteRunnerWorker.java:95)
	at org.testng.TestNG.runSuitesSequentially(TestNG.java:1274)
	at org.testng.TestNG.runSuitesLocally(TestNG.java:1208)
	at org.testng.TestNG.runSuites(TestNG.java:1112)
	at org.testng.TestNG.run(TestNG.java:1079)
	at org.apache.maven.surefire.testng.TestNGExecutor.run(TestNGExecutor.java:308)
	at org.apache.maven.surefire.testng.TestNGXmlTestSuite.execute(TestNGXmlTestSuite.java:71)
	at org.apache.maven.surefire.testng.TestNGProvider.invoke(TestNGProvider.java:113)
	at org.apache.maven.surefire.booter.ForkedBooter.runSuitesInProcess(ForkedBooter.java:385)
	at org.apache.maven.surefire.booter.ForkedBooter.execute(ForkedBooter.java:162)
	at org.apache.maven.surefire.booter.ForkedBooter.run(ForkedBooter.java:507)
	at org.apache.maven.surefire.booter.ForkedBooter.main(ForkedBooter.java:495)
]]></failure>
    <system-out><![CDATA[Checking for login popup...
Popup closed via Strategy 1!
Search via JS click!
Images before: 0 after: 0
]]></system-out>
    <system-err><![CDATA[Apr 05, 2026 11:06:28 AM org.openqa.selenium.devtools.CdpVersionFinder findNearestMatch
WARNING: Unable to find CDP implementation matching 146
Apr 05, 2026 11:06:28 AM org.openqa.selenium.chromium.ChromiumDriver lambda$new$5
WARNING: Unable to find version of CDP to use for 146.0.7680.178. You may need to include a dependency on a specific version of the CDP using something similar to `org.seleniumhq.selenium:selenium-devtools-v86:4.21.0` where the version ("v86") matches the version of the chromium-based browser you're using and the version number of the artifact is the same as Selenium's.
]]></system-err>
  </testcase>
  <testcase name="verifyUrlContainsProductId" classname="com.flipkart.tests.ProductDetailTest" time="0.012">
    <system-out><![CDATA[Checking for login popup...
Popup closed via Strategy 1!
Search via JS click!
Product URL: https://www.flipkart.com/apple-iphone-16-black-128-gb/p/itmb07d67f995271?pid=MOBH4DQFG8NKFRDY&lid=LSTMOBH4DQFG8NKFRDYNBDOZI&marketplace=FLIPKART&q=iPhone&store=tyy%2F4io&srno=s_1_1&otracker=search&otracker1=search&fm=organic&iid=671244db-03ef-409f-9c04-05242712bae3.MOBH4DQFG8NKFRDY.SEARCH&ppt=None&ppn=None&ssid=p4coroqkk00000001775367497374&qH=867e57bd062c7169&ov_redirect=true
]]></system-out>
    <system-err><![CDATA[Apr 05, 2026 11:07:53 AM org.openqa.selenium.devtools.CdpVersionFinder findNearestMatch
WARNING: Unable to find CDP implementation matching 146
Apr 05, 2026 11:07:53 AM org.openqa.selenium.chromium.ChromiumDriver lambda$new$5
WARNING: Unable to find version of CDP to use for 146.0.7680.178. You may need to include a dependency on a specific version of the CDP using something similar to `org.seleniumhq.selenium:selenium-devtools-v86:4.21.0` where the version ("v86") matches the version of the chromium-based browser you're using and the version number of the artifact is the same as Selenium's.
]]></system-err>
  </testcase>
  <testcase name="verifyBackNavigationFromCart" classname="com.flipkart.tests.CartTest" time="11.45">
    <system-out><![CDATA[Report: reports/FlipkartTestReport.html
Suite Started: Cart Tests
Checking for login popup...
Popup closed via Strategy 1!
Navigated to cart page!
]]></system-out>
    <system-err><![CDATA[Apr 05, 2026 11:08:31 AM org.openqa.selenium.devtools.CdpVersionFinder findNearestMatch
WARNING: Unable to find CDP implementation matching 146
Apr 05, 2026 11:08:31 AM org.openqa.selenium.chromium.ChromiumDriver lambda$new$5
WARNING: Unable to find version of CDP to use for 146.0.7680.178. You may need to include a dependency on a specific version of the CDP using something similar to `org.seleniumhq.selenium:selenium-devtools-v86:4.21.0` where the version ("v86") matches the version of the chromium-based browser you're using and the version number of the artifact is the same as Selenium's.
]]></system-err>
  </testcase>
  <testcase name="verifyCartAccessibleFromSearch" classname="com.flipkart.tests.CartTest" time="58.272">
    <system-out><![CDATA[Checking for login popup...
Popup closed via Strategy 1!
Search via JS click!
Cart icon click failed: Expected condition failed: waiting for element to be clickable: Proxy element for: DefaultElementLocator 'By.cssSelector: a.E7_UTN' (tried for 20 second(s) with 500 milliseconds interval)
URL after cart click: https://www.flipkart.com/search?q=iPhone&otracker=search&otracker1=search&marketplace=FLIPKART&as-show=off&as=off
]]></system-out>
    <system-err><![CDATA[Apr 05, 2026 11:09:00 AM org.openqa.selenium.devtools.CdpVersionFinder findNearestMatch
WARNING: Unable to find CDP implementation matching 146
Apr 05, 2026 11:09:00 AM org.openqa.selenium.chromium.ChromiumDriver lambda$new$5
WARNING: Unable to find version of CDP to use for 146.0.7680.178. You may need to include a dependency on a specific version of the CDP using something similar to `org.seleniumhq.selenium:selenium-devtools-v86:4.21.0` where the version ("v86") matches the version of the chromium-based browser you're using and the version number of the artifact is the same as Selenium's.
]]></system-err>
  </testcase>
  <testcase name="verifyCartIconClickNavigates" classname="com.flipkart.tests.CartTest" time="2.188">
    <system-out><![CDATA[Checking for login popup...
Popup closed via Strategy 1!
Cart icon clicked!
]]></system-out>
    <system-err><![CDATA[Apr 05, 2026 11:10:16 AM org.openqa.selenium.devtools.CdpVersionFinder findNearestMatch
WARNING: Unable to find CDP implementation matching 146
Apr 05, 2026 11:10:16 AM org.openqa.selenium.chromium.ChromiumDriver lambda$new$5
WARNING: Unable to find version of CDP to use for 146.0.7680.178. You may need to include a dependency on a specific version of the CDP using something similar to `org.seleniumhq.selenium:selenium-devtools-v86:4.21.0` where the version ("v86") matches the version of the chromium-based browser you're using and the version number of the artifact is the same as Selenium's.
]]></system-err>
  </testcase>
  <testcase name="verifyCartIconVisible" classname="com.flipkart.tests.CartTest" time="0.013">
    <system-out><![CDATA[Checking for login popup...
Popup closed via Strategy 1!
Cart icon: 1
]]></system-out>
    <system-err><![CDATA[Apr 05, 2026 11:10:36 AM org.openqa.selenium.devtools.CdpVersionFinder findNearestMatch
WARNING: Unable to find CDP implementation matching 146
Apr 05, 2026 11:10:36 AM org.openqa.selenium.chromium.ChromiumDriver lambda$new$5
WARNING: Unable to find version of CDP to use for 146.0.7680.178. You may need to include a dependency on a specific version of the CDP using something similar to `org.seleniumhq.selenium:selenium-devtools-v86:4.21.0` where the version ("v86") matches the version of the chromium-based browser you're using and the version number of the artifact is the same as Selenium's.
]]></system-err>
  </testcase>
  <testcase name="verifyCartPageLoadTime" classname="com.flipkart.tests.CartTest" time="4.14">
    <system-out><![CDATA[Checking for login popup...
Popup closed via Strategy 1!
Navigated to cart page!
Cart load time: 4s
]]></system-out>
    <system-err><![CDATA[Apr 05, 2026 11:10:53 AM org.openqa.selenium.devtools.CdpVersionFinder findNearestMatch
WARNING: Unable to find CDP implementation matching 146
Apr 05, 2026 11:10:53 AM org.openqa.selenium.chromium.ChromiumDriver lambda$new$5
WARNING: Unable to find version of CDP to use for 146.0.7680.178. You may need to include a dependency on a specific version of the CDP using something similar to `org.seleniumhq.selenium:selenium-devtools-v86:4.21.0` where the version ("v86") matches the version of the chromium-based browser you're using and the version number of the artifact is the same as Selenium's.
]]></system-err>
  </testcase>
  <testcase name="verifyCartPageLoads" classname="com.flipkart.tests.CartTest" time="4.7">
    <system-out><![CDATA[Checking for login popup...
Popup closed via Strategy 1!
Navigated to cart page!
]]></system-out>
    <system-err><![CDATA[Apr 05, 2026 11:11:15 AM org.openqa.selenium.devtools.CdpVersionFinder findNearestMatch
WARNING: Unable to find CDP implementation matching 146
Apr 05, 2026 11:11:15 AM org.openqa.selenium.chromium.ChromiumDriver lambda$new$5
WARNING: Unable to find version of CDP to use for 146.0.7680.178. You may need to include a dependency on a specific version of the CDP using something similar to `org.seleniumhq.selenium:selenium-devtools-v86:4.21.0` where the version ("v86") matches the version of the chromium-based browser you're using and the version number of the artifact is the same as Selenium's.
]]></system-err>
  </testcase>
  <testcase name="verifyCartPageRefresh" classname="com.flipkart.tests.CartTest" time="10.651">
    <system-out><![CDATA[Checking for login popup...
Popup closed via Strategy 1!
Navigated to cart page!
]]></system-out>
    <system-err><![CDATA[Apr 05, 2026 11:11:40 AM org.openqa.selenium.devtools.CdpVersionFinder findNearestMatch
WARNING: Unable to find CDP implementation matching 146
Apr 05, 2026 11:11:40 AM org.openqa.selenium.chromium.ChromiumDriver lambda$new$5
WARNING: Unable to find version of CDP to use for 146.0.7680.178. You may need to include a dependency on a specific version of the CDP using something similar to `org.seleniumhq.selenium:selenium-devtools-v86:4.21.0` where the version ("v86") matches the version of the chromium-based browser you're using and the version number of the artifact is the same as Selenium's.
]]></system-err>
  </testcase>
  <testcase name="verifyCartPageTitle" classname="com.flipkart.tests.CartTest" time="4.816">
    <system-out><![CDATA[Checking for login popup...
Popup closed via Strategy 1!
Navigated to cart page!
Cart title: Shopping Cart | Flipkart.com
]]></system-out>
    <system-err><![CDATA[Apr 05, 2026 11:12:08 AM org.openqa.selenium.devtools.CdpVersionFinder findNearestMatch
WARNING: Unable to find CDP implementation matching 146
Apr 05, 2026 11:12:08 AM org.openqa.selenium.chromium.ChromiumDriver lambda$new$5
WARNING: Unable to find version of CDP to use for 146.0.7680.178. You may need to include a dependency on a specific version of the CDP using something similar to `org.seleniumhq.selenium:selenium-devtools-v86:4.21.0` where the version ("v86") matches the version of the chromium-based browser you're using and the version number of the artifact is the same as Selenium's.
]]></system-err>
  </testcase>
  <testcase name="verifyCartUrl" classname="com.flipkart.tests.CartTest" time="5.355">
    <system-out><![CDATA[Checking for login popup...
Popup closed via Strategy 1!
Navigated to cart page!
Cart URL: https://www.flipkart.com/viewcart?marketplace=FLIPKART
]]></system-out>
    <system-err><![CDATA[Apr 05, 2026 11:12:34 AM org.openqa.selenium.devtools.CdpVersionFinder findNearestMatch
WARNING: Unable to find CDP implementation matching 146
Apr 05, 2026 11:12:34 AM org.openqa.selenium.chromium.ChromiumDriver lambda$new$5
WARNING: Unable to find version of CDP to use for 146.0.7680.178. You may need to include a dependency on a specific version of the CDP using something similar to `org.seleniumhq.selenium:selenium-devtools-v86:4.21.0` where the version ("v86") matches the version of the chromium-based browser you're using and the version number of the artifact is the same as Selenium's.
]]></system-err>
  </testcase>
  <testcase name="verifyContinueShoppingButton" classname="com.flipkart.tests.CartTest" time="4.395">
    <system-out><![CDATA[Checking for login popup...
Popup closed via Strategy 1!
Navigated to cart page!
Continue shopping: 1
]]></system-out>
    <system-err><![CDATA[Apr 05, 2026 11:12:56 AM org.openqa.selenium.devtools.CdpVersionFinder findNearestMatch
WARNING: Unable to find CDP implementation matching 146
Apr 05, 2026 11:12:56 AM org.openqa.selenium.chromium.ChromiumDriver lambda$new$5
WARNING: Unable to find version of CDP to use for 146.0.7680.178. You may need to include a dependency on a specific version of the CDP using something similar to `org.seleniumhq.selenium:selenium-devtools-v86:4.21.0` where the version ("v86") matches the version of the chromium-based browser you're using and the version number of the artifact is the same as Selenium's.
]]></system-err>
  </testcase>
  <testcase name="verifyContinueShoppingNavigates" classname="com.flipkart.tests.CartTest" time="11.648">
    <system-out><![CDATA[Checking for login popup...
Popup closed via Strategy 1!
Navigated to cart page!
Continue shopping clicked!
]]></system-out>
    <system-err><![CDATA[Apr 05, 2026 11:13:19 AM org.openqa.selenium.devtools.CdpVersionFinder findNearestMatch
WARNING: Unable to find CDP implementation matching 146
Apr 05, 2026 11:13:19 AM org.openqa.selenium.chromium.ChromiumDriver lambda$new$5
WARNING: Unable to find version of CDP to use for 146.0.7680.178. You may need to include a dependency on a specific version of the CDP using something similar to `org.seleniumhq.selenium:selenium-devtools-v86:4.21.0` where the version ("v86") matches the version of the chromium-based browser you're using and the version number of the artifact is the same as Selenium's.
]]></system-err>
  </testcase>
  <testcase name="verifyEmptyCartMessage" classname="com.flipkart.tests.CartTest" time="14.42">
    <system-out><![CDATA[Checking for login popup...
Popup closed via Strategy 1!
Navigated to cart page!
Empty cart messages: 1
]]></system-out>
    <system-err><![CDATA[Apr 05, 2026 11:13:50 AM org.openqa.selenium.devtools.CdpVersionFinder findNearestMatch
WARNING: Unable to find CDP implementation matching 146
Apr 05, 2026 11:13:50 AM org.openqa.selenium.chromium.ChromiumDriver lambda$new$5
WARNING: Unable to find version of CDP to use for 146.0.7680.178. You may need to include a dependency on a specific version of the CDP using something similar to `org.seleniumhq.selenium:selenium-devtools-v86:4.21.0` where the version ("v86") matches the version of the chromium-based browser you're using and the version number of the artifact is the same as Selenium's.
]]></system-err>
  </testcase>
  <testcase name="verifyHomeToCartNavigation" classname="com.flipkart.tests.CartTest" time="4.412">
    <system-out><![CDATA[Checking for login popup...
Popup closed via Strategy 1!
Navigated to cart page!
]]></system-out>
    <system-err><![CDATA[Apr 05, 2026 11:14:23 AM org.openqa.selenium.devtools.CdpVersionFinder findNearestMatch
WARNING: Unable to find CDP implementation matching 146
Apr 05, 2026 11:14:23 AM org.openqa.selenium.chromium.ChromiumDriver lambda$new$5
WARNING: Unable to find version of CDP to use for 146.0.7680.178. You may need to include a dependency on a specific version of the CDP using something similar to `org.seleniumhq.selenium:selenium-devtools-v86:4.21.0` where the version ("v86") matches the version of the chromium-based browser you're using and the version number of the artifact is the same as Selenium's.
]]></system-err>
  </testcase>
  <testcase name="verifyLoginPromptOnCart" classname="com.flipkart.tests.CartTest" time="6.667">
    <system-out><![CDATA[Checking for login popup...
Popup closed via Strategy 1!
Navigated to cart page!
Login prompt: 3
]]></system-out>
    <system-err><![CDATA[Apr 05, 2026 11:14:46 AM org.openqa.selenium.devtools.CdpVersionFinder findNearestMatch
WARNING: Unable to find CDP implementation matching 146
Apr 05, 2026 11:14:46 AM org.openqa.selenium.chromium.ChromiumDriver lambda$new$5
WARNING: Unable to find version of CDP to use for 146.0.7680.178. You may need to include a dependency on a specific version of the CDP using something similar to `org.seleniumhq.selenium:selenium-devtools-v86:4.21.0` where the version ("v86") matches the version of the chromium-based browser you're using and the version number of the artifact is the same as Selenium's.
]]></system-err>
  </testcase>
  <testcase name="verifyPricesOnCart" classname="com.flipkart.tests.CartTest" time="4.731">
    <system-out><![CDATA[Checking for login popup...
Popup closed via Strategy 1!
Navigated to cart page!
]]></system-out>
    <system-err><![CDATA[Apr 05, 2026 11:15:12 AM org.openqa.selenium.devtools.CdpVersionFinder findNearestMatch
WARNING: Unable to find CDP implementation matching 146
Apr 05, 2026 11:15:12 AM org.openqa.selenium.chromium.ChromiumDriver lambda$new$5
WARNING: Unable to find version of CDP to use for 146.0.7680.178. You may need to include a dependency on a specific version of the CDP using something similar to `org.seleniumhq.selenium:selenium-devtools-v86:4.21.0` where the version ("v86") matches the version of the chromium-based browser you're using and the version number of the artifact is the same as Selenium's.
]]></system-err>
  </testcase>
  <testcase name="verifyCreateAccountLinkPresent" classname="com.flipkart.tests.LoginTest" time="8.047">
    <system-out><![CDATA[Report: reports/FlipkartTestReport.html
Suite Started: Login Tests
Checking for login popup...
Popup closed via Strategy 1!
Navigated to login page!
Create account: 1
]]></system-out>
    <system-err><![CDATA[Apr 05, 2026 11:15:34 AM org.openqa.selenium.devtools.CdpVersionFinder findNearestMatch
WARNING: Unable to find CDP implementation matching 146
Apr 05, 2026 11:15:34 AM org.openqa.selenium.chromium.ChromiumDriver lambda$new$5
WARNING: Unable to find version of CDP to use for 146.0.7680.178. You may need to include a dependency on a specific version of the CDP using something similar to `org.seleniumhq.selenium:selenium-devtools-v86:4.21.0` where the version ("v86") matches the version of the chromium-based browser you're using and the version number of the artifact is the same as Selenium's.
]]></system-err>
  </testcase>
  <testcase name="verifyEmptyMobileNumber" classname="com.flipkart.tests.LoginTest" time="10.989">
    <system-out><![CDATA[Checking for login popup...
Popup closed via Strategy 1!
Navigated to login page!
Request OTP clicked!
Error messages: 2
]]></system-out>
    <system-err><![CDATA[Apr 05, 2026 11:16:00 AM org.openqa.selenium.devtools.CdpVersionFinder findNearestMatch
WARNING: Unable to find CDP implementation matching 146
Apr 05, 2026 11:16:00 AM org.openqa.selenium.chromium.ChromiumDriver lambda$new$5
WARNING: Unable to find version of CDP to use for 146.0.7680.178. You may need to include a dependency on a specific version of the CDP using something similar to `org.seleniumhq.selenium:selenium-devtools-v86:4.21.0` where the version ("v86") matches the version of the chromium-based browser you're using and the version number of the artifact is the same as Selenium's.
]]></system-err>
  </testcase>
  <testcase name="verifyInvalidMobileNumber" classname="com.flipkart.tests.LoginTest" time="56.076">
    <system-out><![CDATA[Checking for login popup...
Popup closed via Strategy 1!
Navigated to login page!
Invalid mobile failed: Expected condition failed: waiting for element to be clickable: Proxy element for: DefaultElementLocator 'By.xpath: //input[@placeholder='Enter Email/Mobile number']' (tried for 20 second(s) with 500 milliseconds interval)
Request OTP clicked!
Error messages: 2
]]></system-out>
    <system-err><![CDATA[Apr 05, 2026 11:16:31 AM org.openqa.selenium.devtools.CdpVersionFinder findNearestMatch
WARNING: Unable to find CDP implementation matching 146
Apr 05, 2026 11:16:31 AM org.openqa.selenium.chromium.ChromiumDriver lambda$new$5
WARNING: Unable to find version of CDP to use for 146.0.7680.178. You may need to include a dependency on a specific version of the CDP using something similar to `org.seleniumhq.selenium:selenium-devtools-v86:4.21.0` where the version ("v86") matches the version of the chromium-based browser you're using and the version number of the artifact is the same as Selenium's.
]]></system-err>
  </testcase>
  <testcase name="verifyLoginButtonClickOpensLogin" classname="com.flipkart.tests.LoginTest" time="5.879">
    <system-out><![CDATA[Checking for login popup...
Popup closed via Strategy 1!
Login button clicked!
URL after login click: https://www.flipkart.com/account/login?ret=/
]]></system-out>
    <system-err><![CDATA[Apr 05, 2026 11:17:45 AM org.openqa.selenium.devtools.CdpVersionFinder findNearestMatch
WARNING: Unable to find CDP implementation matching 146
Apr 05, 2026 11:17:45 AM org.openqa.selenium.chromium.ChromiumDriver lambda$new$5
WARNING: Unable to find version of CDP to use for 146.0.7680.178. You may need to include a dependency on a specific version of the CDP using something similar to `org.seleniumhq.selenium:selenium-devtools-v86:4.21.0` where the version ("v86") matches the version of the chromium-based browser you're using and the version number of the artifact is the same as Selenium's.
]]></system-err>
  </testcase>
  <testcase name="verifyLoginButtonVisible" classname="com.flipkart.tests.LoginTest" time="0.014">
    <system-out><![CDATA[Checking for login popup...
Popup closed via Strategy 1!
Login in header: 1
]]></system-out>
    <system-err><![CDATA[Apr 05, 2026 11:18:13 AM org.openqa.selenium.devtools.CdpVersionFinder findNearestMatch
WARNING: Unable to find CDP implementation matching 146
Apr 05, 2026 11:18:13 AM org.openqa.selenium.chromium.ChromiumDriver lambda$new$5
WARNING: Unable to find version of CDP to use for 146.0.7680.178. You may need to include a dependency on a specific version of the CDP using something similar to `org.seleniumhq.selenium:selenium-devtools-v86:4.21.0` where the version ("v86") matches the version of the chromium-based browser you're using and the version number of the artifact is the same as Selenium's.
]]></system-err>
  </testcase>
  <testcase name="verifyLoginPageLoads" classname="com.flipkart.tests.LoginTest" time="38.545">
    <failure message="Login page should load! expected [true] but found [false]" type="java.lang.AssertionError"><![CDATA[java.lang.AssertionError: Login page should load! expected [true] but found [false]
	at org.testng.Assert.fail(Assert.java:111)
	at org.testng.Assert.failNotEquals(Assert.java:1578)
	at org.testng.Assert.assertTrue(Assert.java:57)
	at com.flipkart.tests.LoginTest.verifyLoginPageLoads(LoginTest.java:35)
	at java.base/jdk.internal.reflect.DirectMethodHandleAccessor.invoke(DirectMethodHandleAccessor.java:103)
	at java.base/java.lang.reflect.Method.invoke(Method.java:580)
	at org.testng.internal.invokers.MethodInvocationHelper.invokeMethod(MethodInvocationHelper.java:141)
	at org.testng.internal.invokers.TestInvoker.invokeMethod(TestInvoker.java:686)
	at org.testng.internal.invokers.TestInvoker.invokeTestMethod(TestInvoker.java:230)
	at org.testng.internal.invokers.MethodRunner.runInSequence(MethodRunner.java:63)
	at org.testng.internal.invokers.TestInvoker$MethodInvocationAgent.invoke(TestInvoker.java:992)
	at org.testng.internal.invokers.TestInvoker.invokeTestMethods(TestInvoker.java:203)
	at org.testng.internal.invokers.TestMethodWorker.invokeTestMethods(TestMethodWorker.java:154)
	at org.testng.internal.invokers.TestMethodWorker.run(TestMethodWorker.java:134)
	at java.base/java.util.ArrayList.forEach(ArrayList.java:1597)
	at org.testng.TestRunner.privateRun(TestRunner.java:739)
	at org.testng.TestRunner.run(TestRunner.java:614)
	at org.testng.SuiteRunner.runTest(SuiteRunner.java:421)
	at org.testng.SuiteRunner.runSequentially(SuiteRunner.java:413)
	at org.testng.SuiteRunner.privateRun(SuiteRunner.java:373)
	at org.testng.SuiteRunner.run(SuiteRunner.java:312)
	at org.testng.SuiteRunnerWorker.runSuite(SuiteRunnerWorker.java:52)
	at org.testng.SuiteRunnerWorker.run(SuiteRunnerWorker.java:95)
	at org.testng.TestNG.runSuitesSequentially(TestNG.java:1274)
	at org.testng.TestNG.runSuitesLocally(TestNG.java:1208)
	at org.testng.TestNG.runSuites(TestNG.java:1112)
	at org.testng.TestNG.run(TestNG.java:1079)
	at org.apache.maven.surefire.testng.TestNGExecutor.run(TestNGExecutor.java:308)
	at org.apache.maven.surefire.testng.TestNGXmlTestSuite.execute(TestNGXmlTestSuite.java:71)
	at org.apache.maven.surefire.testng.TestNGProvider.invoke(TestNGProvider.java:113)
	at org.apache.maven.surefire.booter.ForkedBooter.runSuitesInProcess(ForkedBooter.java:385)
	at org.apache.maven.surefire.booter.ForkedBooter.execute(ForkedBooter.java:162)
	at org.apache.maven.surefire.booter.ForkedBooter.run(ForkedBooter.java:507)
	at org.apache.maven.surefire.booter.ForkedBooter.main(ForkedBooter.java:495)
]]></failure>
    <system-out><![CDATA[Checking for login popup...
Popup closed via Strategy 1!
Navigated to login page!
Login page not loaded: Expected condition failed: waiting for presence of element located by: By.xpath: //input[@placeholder='Enter Email/Mobile number'] (tried for 20 second(s) with 500 milliseconds interval)
]]></system-out>
    <system-err><![CDATA[Apr 05, 2026 11:18:34 AM org.openqa.selenium.devtools.CdpVersionFinder findNearestMatch
WARNING: Unable to find CDP implementation matching 146
Apr 05, 2026 11:18:34 AM org.openqa.selenium.chromium.ChromiumDriver lambda$new$5
WARNING: Unable to find version of CDP to use for 146.0.7680.178. You may need to include a dependency on a specific version of the CDP using something similar to `org.seleniumhq.selenium:selenium-devtools-v86:4.21.0` where the version ("v86") matches the version of the chromium-based browser you're using and the version number of the artifact is the same as Selenium's.
]]></system-err>
  </testcase>
  <testcase name="verifyLoginPageTitle" classname="com.flipkart.tests.LoginTest" time="11.162">
    <system-out><![CDATA[Checking for login popup...
Popup closed via Strategy 1!
Navigated to login page!
Login title: Online Shopping India | Buy Mobiles, Electronics, Appliances, Clothing and More Online at Flipkart.com
]]></system-out>
    <system-err><![CDATA[Apr 05, 2026 11:19:31 AM org.openqa.selenium.devtools.CdpVersionFinder findNearestMatch
WARNING: Unable to find CDP implementation matching 146
Apr 05, 2026 11:19:31 AM org.openqa.selenium.chromium.ChromiumDriver lambda$new$5
WARNING: Unable to find version of CDP to use for 146.0.7680.178. You may need to include a dependency on a specific version of the CDP using something similar to `org.seleniumhq.selenium:selenium-devtools-v86:4.21.0` where the version ("v86") matches the version of the chromium-based browser you're using and the version number of the artifact is the same as Selenium's.
]]></system-err>
  </testcase>
  <testcase name="verifyLoginUrl" classname="com.flipkart.tests.LoginTest" time="9.189">
    <system-out><![CDATA[Checking for login popup...
Popup closed via Strategy 1!
Navigated to login page!
Login URL: https://www.flipkart.com/account/login
]]></system-out>
    <system-err><![CDATA[Apr 05, 2026 11:20:01 AM org.openqa.selenium.devtools.CdpVersionFinder findNearestMatch
WARNING: Unable to find CDP implementation matching 146
Apr 05, 2026 11:20:01 AM org.openqa.selenium.chromium.ChromiumDriver lambda$new$5
WARNING: Unable to find version of CDP to use for 146.0.7680.178. You may need to include a dependency on a specific version of the CDP using something similar to `org.seleniumhq.selenium:selenium-devtools-v86:4.21.0` where the version ("v86") matches the version of the chromium-based browser you're using and the version number of the artifact is the same as Selenium's.
]]></system-err>
  </testcase>
  <testcase name="verifyMobileInputPresent" classname="com.flipkart.tests.LoginTest" time="23.479">
    <failure message="Mobile input should be present! expected [true] but found [false]" type="java.lang.AssertionError"><![CDATA[java.lang.AssertionError: Mobile input should be present! expected [true] but found [false]
	at org.testng.Assert.fail(Assert.java:111)
	at org.testng.Assert.failNotEquals(Assert.java:1578)
	at org.testng.Assert.assertTrue(Assert.java:57)
	at com.flipkart.tests.LoginTest.verifyMobileInputPresent(LoginTest.java:45)
	at java.base/jdk.internal.reflect.DirectMethodHandleAccessor.invoke(DirectMethodHandleAccessor.java:103)
	at java.base/java.lang.reflect.Method.invoke(Method.java:580)
	at org.testng.internal.invokers.MethodInvocationHelper.invokeMethod(MethodInvocationHelper.java:141)
	at org.testng.internal.invokers.TestInvoker.invokeMethod(TestInvoker.java:686)
	at org.testng.internal.invokers.TestInvoker.invokeTestMethod(TestInvoker.java:230)
	at org.testng.internal.invokers.MethodRunner.runInSequence(MethodRunner.java:63)
	at org.testng.internal.invokers.TestInvoker$MethodInvocationAgent.invoke(TestInvoker.java:992)
	at org.testng.internal.invokers.TestInvoker.invokeTestMethods(TestInvoker.java:203)
	at org.testng.internal.invokers.TestMethodWorker.invokeTestMethods(TestMethodWorker.java:154)
	at org.testng.internal.invokers.TestMethodWorker.run(TestMethodWorker.java:134)
	at java.base/java.util.ArrayList.forEach(ArrayList.java:1597)
	at org.testng.TestRunner.privateRun(TestRunner.java:739)
	at org.testng.TestRunner.run(TestRunner.java:614)
	at org.testng.SuiteRunner.runTest(SuiteRunner.java:421)
	at org.testng.SuiteRunner.runSequentially(SuiteRunner.java:413)
	at org.testng.SuiteRunner.privateRun(SuiteRunner.java:373)
	at org.testng.SuiteRunner.run(SuiteRunner.java:312)
	at org.testng.SuiteRunnerWorker.runSuite(SuiteRunnerWorker.java:52)
	at org.testng.SuiteRunnerWorker.run(SuiteRunnerWorker.java:95)
	at org.testng.TestNG.runSuitesSequentially(TestNG.java:1274)
	at org.testng.TestNG.runSuitesLocally(TestNG.java:1208)
	at org.testng.TestNG.runSuites(TestNG.java:1112)
	at org.testng.TestNG.run(TestNG.java:1079)
	at org.apache.maven.surefire.testng.TestNGExecutor.run(TestNGExecutor.java:308)
	at org.apache.maven.surefire.testng.TestNGXmlTestSuite.execute(TestNGXmlTestSuite.java:71)
	at org.apache.maven.surefire.testng.TestNGProvider.invoke(TestNGProvider.java:113)
	at org.apache.maven.surefire.booter.ForkedBooter.runSuitesInProcess(ForkedBooter.java:385)
	at org.apache.maven.surefire.booter.ForkedBooter.execute(ForkedBooter.java:162)
	at org.apache.maven.surefire.booter.ForkedBooter.run(ForkedBooter.java:507)
	at org.apache.maven.surefire.booter.ForkedBooter.main(ForkedBooter.java:495)
]]></failure>
    <system-out><![CDATA[Checking for login popup...
Popup closed via Strategy 1!
Navigated to login page!
Mobile input: 0
]]></system-out>
    <system-err><![CDATA[Apr 05, 2026 11:20:30 AM org.openqa.selenium.devtools.CdpVersionFinder findNearestMatch
WARNING: Unable to find CDP implementation matching 146
Apr 05, 2026 11:20:30 AM org.openqa.selenium.chromium.ChromiumDriver lambda$new$5
WARNING: Unable to find version of CDP to use for 146.0.7680.178. You may need to include a dependency on a specific version of the CDP using something similar to `org.seleniumhq.selenium:selenium-devtools-v86:4.21.0` where the version ("v86") matches the version of the chromium-based browser you're using and the version number of the artifact is the same as Selenium's.
]]></system-err>
  </testcase>
  <testcase name="verifyPrivacyPolicyLinkPresent" classname="com.flipkart.tests.LoginTest" time="6.062">
    <system-out><![CDATA[Checking for login popup...
Popup closed via Strategy 1!
Navigated to login page!
Privacy policy: 1
]]></system-out>
    <system-err><![CDATA[Apr 05, 2026 11:21:12 AM org.openqa.selenium.devtools.CdpVersionFinder findNearestMatch
WARNING: Unable to find CDP implementation matching 146
Apr 05, 2026 11:21:12 AM org.openqa.selenium.chromium.ChromiumDriver lambda$new$5
WARNING: Unable to find version of CDP to use for 146.0.7680.178. You may need to include a dependency on a specific version of the CDP using something similar to `org.seleniumhq.selenium:selenium-devtools-v86:4.21.0` where the version ("v86") matches the version of the chromium-based browser you're using and the version number of the artifact is the same as Selenium's.
]]></system-err>
  </testcase>
  <testcase name="verifyRequestOtpButtonPresent" classname="com.flipkart.tests.LoginTest" time="7.887">
    <system-out><![CDATA[Checking for login popup...
Popup closed via Strategy 1!
Navigated to login page!
OTP button: 1
]]></system-out>
    <system-err><![CDATA[Apr 05, 2026 11:21:36 AM org.openqa.selenium.devtools.CdpVersionFinder findNearestMatch
WARNING: Unable to find CDP implementation matching 146
Apr 05, 2026 11:21:36 AM org.openqa.selenium.chromium.ChromiumDriver lambda$new$5
WARNING: Unable to find version of CDP to use for 146.0.7680.178. You may need to include a dependency on a specific version of the CDP using something similar to `org.seleniumhq.selenium:selenium-devtools-v86:4.21.0` where the version ("v86") matches the version of the chromium-based browser you're using and the version number of the artifact is the same as Selenium's.
]]></system-err>
  </testcase>
  <testcase name="verifyTermsOfUseLinkPresent" classname="com.flipkart.tests.LoginTest" time="7.995">
    <system-out><![CDATA[Checking for login popup...
Popup closed via Strategy 1!
Navigated to login page!
Terms of use: 1
]]></system-out>
    <system-err><![CDATA[Apr 05, 2026 11:22:02 AM org.openqa.selenium.devtools.CdpVersionFinder findNearestMatch
WARNING: Unable to find CDP implementation matching 146
Apr 05, 2026 11:22:02 AM org.openqa.selenium.chromium.ChromiumDriver lambda$new$5
WARNING: Unable to find version of CDP to use for 146.0.7680.178. You may need to include a dependency on a specific version of the CDP using something similar to `org.seleniumhq.selenium:selenium-devtools-v86:4.21.0` where the version ("v86") matches the version of the chromium-based browser you're using and the version number of the artifact is the same as Selenium's.
]]></system-err>
  </testcase>
  <testcase name="verifyValidMobileNumber" classname="com.flipkart.tests.LoginTest" time="54.039">
    <system-out><![CDATA[Checking for login popup...
Popup closed via Strategy 1!
Navigated to login page!
Mobile input failed: Expected condition failed: waiting for element to be clickable: Proxy element for: DefaultElementLocator 'By.xpath: //input[@placeholder='Enter Email/Mobile number']' (tried for 20 second(s) with 500 milliseconds interval)
Request OTP clicked!
URL after OTP: https://www.flipkart.com/account/login
]]></system-out>
    <system-err><![CDATA[Apr 05, 2026 11:22:29 AM org.openqa.selenium.devtools.CdpVersionFinder findNearestMatch
WARNING: Unable to find CDP implementation matching 146
Apr 05, 2026 11:22:29 AM org.openqa.selenium.chromium.ChromiumDriver lambda$new$5
WARNING: Unable to find version of CDP to use for 146.0.7680.178. You may need to include a dependency on a specific version of the CDP using something similar to `org.seleniumhq.selenium:selenium-devtools-v86:4.21.0` where the version ("v86") matches the version of the chromium-based browser you're using and the version number of the artifact is the same as Selenium's.
]]></system-err>
  </testcase>
</testsuite>