<?xml version="1.0" encoding="UTF-8"?>
<!-- Generated by org.testng.reporters.JUnitReportReporter -->
<testsuite hostname="DESKTOP-GLNVC4F" failures="0" tests="15" name="com.flipkart.tests.CartTest" time="422.521" errors="0" timestamp="2026-04-05T11:23:41 IST" skipped="0">
  <testcase classname="com.flipkart.tests.CartTest" name="verifyCartPageTitle" time="23.344"/>
  <testcase classname="com.flipkart.tests.CartTest" name="verifyCartPageLoadTime" time="22.377"/>
  <testcase classname="com.flipkart.tests.CartTest" name="verifyCartIconClickNavigates" time="21.605"/>
  <testcase classname="com.flipkart.tests.CartTest" name="verifyEmptyCartMessage" time="31.636"/>
  <testcase classname="com.flipkart.tests.CartTest" name="verifyContinueShoppingNavigates" time="32.156"/>
  <testcase classname="com.flipkart.tests.CartTest" name="verifyHomeToCartNavigation" time="22.021"/>
  <testcase classname="com.flipkart.tests.CartTest" name="verifyCartAccessibleFromSearch" time="77.771"/>
  <testcase classname="com.flipkart.tests.CartTest" name="verifyLoginPromptOnCart" time="24.764"/>
  <testcase classname="com.flipkart.tests.CartTest" name="verifyCartPageLoads" time="23.331"/>
  <testcase classname="com.flipkart.tests.CartTest" name="verifyCartIconVisible" time="17.135"/>
  <testcase classname="com.flipkart.tests.CartTest" name="verifyContinueShoppingButton" time="23.190"/>
  <testcase classname="com.flipkart.tests.CartTest" name="verifyBackNavigationFromCart" time="28.905"/>
  <testcase classname="com.flipkart.tests.CartTest" name="verifyCartUrl" time="23.544"/>
  <testcase classname="com.flipkart.tests.CartTest" name="verifyPricesOnCart" time="22.548"/>
  <testcase classname="com.flipkart.tests.CartTest" name="verifyCartPageRefresh" time="28.194"/>
</testsuite> <!-- com.flipkart.tests.CartTest -->
