<?xml version="1.0" encoding="UTF-8"?>
<!-- Generated by org.testng.reporters.JUnitReportReporter -->
<testsuite hostname="DESKTOP-GLNVC4F" failures="0" tests="15" name="com.flipkart.tests.ProductListingTest" time="546.586" errors="0" timestamp="2026-04-05T11:23:41 IST" skipped="0">
  <testcase classname="com.flipkart.tests.ProductListingTest" name="verifyPagination" time="30.905"/>
  <testcase classname="com.flipkart.tests.ProductListingTest" name="verifyPriceFilterApplied" time="36.286"/>
  <testcase classname="com.flipkart.tests.ProductListingTest" name="verifyBrandFilterApplied" time="41.737"/>
  <testcase classname="com.flipkart.tests.ProductListingTest" name="verifyPricesDisplayed" time="34.309"/>
  <testcase classname="com.flipkart.tests.ProductListingTest" name="verifySortByLowToHigh" time="34.476"/>
  <testcase classname="com.flipkart.tests.ProductListingTest" name="verifyMultipleFiltersApplied" time="35.484"/>
  <testcase classname="com.flipkart.tests.ProductListingTest" name="verifyNextPage" time="33.339"/>
  <testcase classname="com.flipkart.tests.ProductListingTest" name="verifyProductsDisplay" time="31.156"/>
  <testcase classname="com.flipkart.tests.ProductListingTest" name="verifySortByNewestFirst" time="36.283"/>
  <testcase classname="com.flipkart.tests.ProductListingTest" name="verifyProductImagesLoaded" time="35.482"/>
  <testcase classname="com.flipkart.tests.ProductListingTest" name="verifySortByPopularity" time="41.224"/>
  <testcase classname="com.flipkart.tests.ProductListingTest" name="verifyClearAllFilters" time="50.394"/>
  <testcase classname="com.flipkart.tests.ProductListingTest" name="verifySortByHighToLow" time="35.927"/>
  <testcase classname="com.flipkart.tests.ProductListingTest" name="verifyClickProductOpensDetailPage" time="36.951"/>
  <testcase classname="com.flipkart.tests.ProductListingTest" name="verifyRatingFilterApplied" time="32.633"/>
</testsuite> <!-- com.flipkart.tests.ProductListingTest -->
