<?xml version="1.0" encoding="UTF-8"?>
<!-- Generated by org.testng.reporters.JUnitReportReporter -->
<testsuite hostname="DESKTOP-GLNVC4F" failures="0" tests="8" name="com.flipkart.tests.PerformanceTest" time="253.487" errors="0" timestamp="2026-04-09T16:35:55 IST" skipped="0">
  <testcase classname="com.flipkart.tests.PerformanceTest" name="verifyProductPageLoadTime" time="46.125"/>
  <testcase classname="com.flipkart.tests.PerformanceTest" name="verifyLoginPageLoadTime" time="24.117"/>
  <testcase classname="com.flipkart.tests.PerformanceTest" name="verifyPageResponseTime" time="46.596"/>
  <testcase classname="com.flipkart.tests.PerformanceTest" name="verifyHomepageLoadTime" time="16.719"/>
  <testcase classname="com.flipkart.tests.PerformanceTest" name="verifySearchResultsLoadTime" time="33.741"/>
  <testcase classname="com.flipkart.tests.PerformanceTest" name="verifyDomLoadTime" time="48.876"/>
  <testcase classname="com.flipkart.tests.PerformanceTest" name="verifyCartPageLoadTime" time="20.478"/>
  <testcase classname="com.flipkart.tests.PerformanceTest" name="verifyPageResourcesLoaded" time="16.835"/>
</testsuite> <!-- com.flipkart.tests.PerformanceTest -->
