<?xml version="1.0" encoding="UTF-8"?>
<!-- Generated by org.testng.reporters.JUnitReportReporter -->
<testsuite hostname="DESKTOP-GLNVC4F" failures="0" tests="8" name="com.flipkart.tests.WishlistTest" time="238.932" errors="0" timestamp="2026-04-09T16:35:55 IST" skipped="0">
  <testcase classname="com.flipkart.tests.WishlistTest" name="verifyWishlistIconVisible" time="16.977"/>
  <testcase classname="com.flipkart.tests.WishlistTest" name="verifyLoginPromptOnWishlist" time="30.148"/>
  <testcase classname="com.flipkart.tests.WishlistTest" name="verifyWishlistAccessibleFromSearch" time="50.010"/>
  <testcase classname="com.flipkart.tests.WishlistTest" name="verifyWishlistRedirectsToLogin" time="27.946"/>
  <testcase classname="com.flipkart.tests.WishlistTest" name="verifyBackNavigationFromWishlist" time="29.787"/>
  <testcase classname="com.flipkart.tests.WishlistTest" name="verifyWishlistIconClick" time="42.519"/>
  <testcase classname="com.flipkart.tests.WishlistTest" name="verifyWishlistPageTitle" time="24.005"/>
  <testcase classname="com.flipkart.tests.WishlistTest" name="verifyWishlistTextVisible" time="17.540"/>
</testsuite> <!-- com.flipkart.tests.WishlistTest -->
