<?xml version="1.0" encoding="UTF-8"?>
<!-- Generated by org.testng.reporters.JUnitReportReporter -->
<testsuite hostname="DESKTOP-GLNVC4F" failures="0" tests="7" name="com.flipkart.tests.UIResponsiveTest" time="127.295" errors="0" timestamp="2026-04-09T16:35:55 IST" skipped="0">
  <testcase classname="com.flipkart.tests.UIResponsiveTest" name="verifyFooterPresent" time="17.603"/>
  <testcase classname="com.flipkart.tests.UIResponsiveTest" name="verifyNoBrokenImages" time="17.717"/>
  <testcase classname="com.flipkart.tests.UIResponsiveTest" name="verifyLayoutOn1366x768" time="19.052"/>
  <testcase classname="com.flipkart.tests.UIResponsiveTest" name="verifyPageTitleNotEmpty" time="18.001"/>
  <testcase classname="com.flipkart.tests.UIResponsiveTest" name="verifyScrollToTop" time="18.343"/>
  <testcase classname="com.flipkart.tests.UIResponsiveTest" name="verifyLayoutOn1920x1080" time="19.733"/>
  <testcase classname="com.flipkart.tests.UIResponsiveTest" name="verifyNoHorizontalScroll" time="16.846"/>
</testsuite> <!-- com.flipkart.tests.UIResponsiveTest -->
