<?xml version="1.0" encoding="UTF-8"?>
<!-- Generated by org.testng.reporters.JUnitReportReporter -->
<testsuite hostname="DESKTOP-GLNVC4F" failures="0" tests="12" name="com.flipkart.tests.SearchTest" time="496.807" errors="0" timestamp="2026-04-05T10:19:00 IST" skipped="0">
  <testcase classname="com.flipkart.tests.SearchTest" name="verifyResultCountIsGreaterThanZero" time="31.177"/>
  <testcase classname="com.flipkart.tests.SearchTest" name="verifySearchUsingEnterKey" time="31.793"/>
  <testcase classname="com.flipkart.tests.SearchTest" name="verifySearchWithSpaces" time="31.478"/>
  <testcase classname="com.flipkart.tests.SearchTest" name="verifySearchSuggestionsAppear" time="93.038"/>
  <testcase classname="com.flipkart.tests.SearchTest" name="verifySearchWithInvalidKeyword" time="31.673"/>
  <testcase classname="com.flipkart.tests.SearchTest" name="verifySearchWithValidKeyword" time="34.492"/>
  <testcase classname="com.flipkart.tests.SearchTest" name="verifyPricesDisplayed" time="65.461"/>
  <testcase classname="com.flipkart.tests.SearchTest" name="verifySearchWithSpecialCharacters" time="33.902"/>
  <testcase classname="com.flipkart.tests.SearchTest" name="verifyUrlContainsKeyword" time="31.359"/>
  <testcase classname="com.flipkart.tests.SearchTest" name="verifySearchWithNumbers" time="31.893"/>
  <testcase classname="com.flipkart.tests.SearchTest" name="verifyClickingProductNavigates" time="35.588"/>
  <testcase classname="com.flipkart.tests.SearchTest" name="verifyConsistentResults" time="44.953"/>
</testsuite> <!-- com.flipkart.tests.SearchTest -->
