<?xml version="1.0" encoding="UTF-8"?>
<!-- Generated by org.testng.reporters.JUnitReportReporter -->
<testsuite hostname="DESKTOP-GLNVC4F" failures="1" tests="15" name="com.flipkart.tests.ProductListingTest" time="2197.211" errors="0" timestamp="2026-04-09T16:35:55 IST" skipped="0">
  <testcase classname="com.flipkart.tests.ProductListingTest" name="verifySortByLowToHigh" time="36.934"/>
  <testcase classname="com.flipkart.tests.ProductListingTest" name="verifyNextPage" time="31.528"/>
  <testcase classname="com.flipkart.tests.ProductListingTest" name="verifyPricesDisplayed" time="32.186"/>
  <testcase classname="com.flipkart.tests.ProductListingTest" name="verifyMultipleFiltersApplied" time="1738.751"/>
  <testcase classname="com.flipkart.tests.ProductListingTest" name="verifyClickProductOpensDetailPage" time="34.609"/>
  <testcase classname="com.flipkart.tests.ProductListingTest" name="verifySortByPopularity" time="28.375"/>
  <testcase classname="com.flipkart.tests.ProductListingTest" name="verifyPriceFilterApplied" time="27.924">
    <failure message="Products should display after price filter! expected [true] but found [false]" type="java.lang.AssertionError">
      <![CDATA[java.lang.AssertionError: Products should display after price filter! expected [true] but found [false]
at org.testng.Assert.fail(Assert.java:111)
at org.testng.Assert.failNotEquals(Assert.java:1578)
at org.testng.Assert.assertTrue(Assert.java:57)
at com.flipkart.tests.ProductListingTest.verifyPriceFilterApplied(ProductListingTest.java:121)
at java.base/jdk.internal.reflect.DirectMethodHandleAccessor.invoke(DirectMethodHandleAccessor.java:103)
at java.base/java.lang.reflect.Method.invoke(Method.java:580)
at org.testng.internal.invokers.MethodInvocationHelper.invokeMethod(MethodInvocationHelper.java:141)
at org.testng.internal.invokers.TestInvoker.invokeMethod(TestInvoker.java:686)
at org.testng.internal.invokers.TestInvoker.invokeTestMethod(TestInvoker.java:230)
at org.testng.internal.invokers.MethodRunner.runInSequence(MethodRunner.java:63)
at org.testng.internal.invokers.TestInvoker$MethodInvocationAgent.invoke(TestInvoker.java:992)
at org.testng.internal.invokers.TestInvoker.invokeTestMethods(TestInvoker.java:203)
at org.testng.internal.invokers.TestMethodWorker.invokeTestMethods(TestMethodWorker.java:154)
at org.testng.internal.invokers.TestMethodWorker.run(TestMethodWorker.java:134)
at java.base/java.util.ArrayList.forEach(ArrayList.java:1597)
at org.testng.TestRunner.privateRun(TestRunner.java:739)
at org.testng.TestRunner.run(TestRunner.java:614)
at org.testng.SuiteRunner.runTest(SuiteRunner.java:421)
at org.testng.SuiteRunner.runSequentially(SuiteRunner.java:413)
at org.testng.SuiteRunner.privateRun(SuiteRunner.java:373)
at org.testng.SuiteRunner.run(SuiteRunner.java:312)
at org.testng.SuiteRunnerWorker.runSuite(SuiteRunnerWorker.java:52)
at org.testng.SuiteRunnerWorker.run(SuiteRunnerWorker.java:95)
at org.testng.TestNG.runSuitesSequentially(TestNG.java:1274)
at org.testng.TestNG.runSuitesLocally(TestNG.java:1208)
at org.testng.TestNG.runSuites(TestNG.java:1112)
at org.testng.TestNG.run(TestNG.java:1079)
at org.apache.maven.surefire.testng.TestNGExecutor.run(TestNGExecutor.java:308)
at org.apache.maven.surefire.testng.TestNGXmlTestSuite.execute(TestNGXmlTestSuite.java:71)
at org.apache.maven.surefire.testng.TestNGProvider.invoke(TestNGProvider.java:113)
at org.apache.maven.surefire.booter.ForkedBooter.runSuitesInProcess(ForkedBooter.java:385)
at org.apache.maven.surefire.booter.ForkedBooter.execute(ForkedBooter.java:162)
at org.apache.maven.surefire.booter.ForkedBooter.run(ForkedBooter.java:507)
at org.apache.maven.surefire.booter.ForkedBooter.main(ForkedBooter.java:495)
]]>
    </failure>
  </testcase> <!-- verifyPriceFilterApplied -->
  <testcase classname="com.flipkart.tests.ProductListingTest" name="verifyBrandFilterApplied" time="32.477"/>
  <testcase classname="com.flipkart.tests.ProductListingTest" name="verifySortByNewestFirst" time="27.743"/>
  <testcase classname="com.flipkart.tests.ProductListingTest" name="verifySortByHighToLow" time="30.531"/>
  <testcase classname="com.flipkart.tests.ProductListingTest" name="verifyPagination" time="29.192"/>
  <testcase classname="com.flipkart.tests.ProductListingTest" name="verifyRatingFilterApplied" time="31.687"/>
  <testcase classname="com.flipkart.tests.ProductListingTest" name="verifyClearAllFilters" time="47.265"/>
  <testcase classname="com.flipkart.tests.ProductListingTest" name="verifyProductImagesLoaded" time="50.439"/>
  <testcase classname="com.flipkart.tests.ProductListingTest" name="verifyProductsDisplay" time="17.570"/>
</testsuite> <!-- com.flipkart.tests.ProductListingTest -->
