<?xml version="1.0" encoding="UTF-8"?>
<!-- Generated by org.testng.reporters.JUnitReportReporter -->
<testsuite hostname="DESKTOP-GLNVC4F" failures="0" tests="12" name="com.flipkart.tests.SearchTest" time="418.191" errors="0" timestamp="2026-04-03T17:00:53 IST" skipped="0">
  <testcase classname="com.flipkart.tests.SearchTest" name="verifyConsistentResults" time="39.756"/>
  <testcase classname="com.flipkart.tests.SearchTest" name="verifySearchSuggestionsAppear" time="92.226"/>
  <testcase classname="com.flipkart.tests.SearchTest" name="verifySearchUsingEnterKey" time="24.763"/>
  <testcase classname="com.flipkart.tests.SearchTest" name="verifySearchWithNumbers" time="28.142"/>
  <testcase classname="com.flipkart.tests.SearchTest" name="verifyPricesDisplayed" time="55.752"/>
  <testcase classname="com.flipkart.tests.SearchTest" name="verifySearchWithValidKeyword" time="23.331"/>
  <testcase classname="com.flipkart.tests.SearchTest" name="verifySearchWithInvalidKeyword" time="26.895"/>
  <testcase classname="com.flipkart.tests.SearchTest" name="verifyUrlContainsKeyword" time="24.519"/>
  <testcase classname="com.flipkart.tests.SearchTest" name="verifyResultCountIsGreaterThanZero" time="22.987"/>
  <testcase classname="com.flipkart.tests.SearchTest" name="verifySearchWithSpecialCharacters" time="23.323"/>
  <testcase classname="com.flipkart.tests.SearchTest" name="verifyClickingProductNavigates" time="31.945"/>
  <testcase classname="com.flipkart.tests.SearchTest" name="verifySearchWithSpaces" time="24.552"/>
</testsuite> <!-- com.flipkart.tests.SearchTest -->
