<?xml version="1.0" encoding="UTF-8"?>
<!-- Generated by org.testng.reporters.JUnitReportReporter -->
<testsuite hostname="DESKTOP-GLNVC4F" failures="0" tests="9" name="com.flipkart.tests.NavigationTest" time="262.852" errors="0" timestamp="2026-04-09T16:35:55 IST" skipped="0">
  <testcase classname="com.flipkart.tests.NavigationTest" name="verifyHelpCenterNavigation" time="24.227"/>
  <testcase classname="com.flipkart.tests.NavigationTest" name="verifyMobilesCategoryNavigation" time="27.606"/>
  <testcase classname="com.flipkart.tests.NavigationTest" name="verifyElectronicsCategoryNavigation" time="39.754"/>
  <testcase classname="com.flipkart.tests.NavigationTest" name="verifyLogoClickGoesToHomepage" time="27.026"/>
  <testcase classname="com.flipkart.tests.NavigationTest" name="verifyBackButtonNavigation" time="32.344"/>
  <testcase classname="com.flipkart.tests.NavigationTest" name="verifyOrdersNavigation" time="27.653"/>
  <testcase classname="com.flipkart.tests.NavigationTest" name="verifyFooterLinksPresent" time="17.967"/>
  <testcase classname="com.flipkart.tests.NavigationTest" name="verifyPageTitleChanges" time="25.212"/>
  <testcase classname="com.flipkart.tests.NavigationTest" name="verifyFashionCategoryNavigation" time="41.063"/>
</testsuite> <!-- com.flipkart.tests.NavigationTest -->
