<?xml version="1.0" encoding="UTF-8"?>
<!-- Generated by org.testng.reporters.JUnitReportReporter -->
<testsuite hostname="DESKTOP-GLNVC4F" failures="0" tests="15" name="com.flipkart.tests.ProductDetailTest" time="599.958" errors="0" timestamp="2026-04-05T10:19:00 IST" skipped="0">
  <testcase classname="com.flipkart.tests.ProductDetailTest" name="verifyDeliveryInfoDisplayed" time="40.367"/>
  <testcase classname="com.flipkart.tests.ProductDetailTest" name="verifyProductTitleDisplayed" time="39.438"/>
  <testcase classname="com.flipkart.tests.ProductDetailTest" name="verifySimilarProductsDisplayed" time="39.798"/>
  <testcase classname="com.flipkart.tests.ProductDetailTest" name="verifyOffersDisplayed" time="34.930"/>
  <testcase classname="com.flipkart.tests.ProductDetailTest" name="verifySellerInfoDisplayed" time="38.230"/>
  <testcase classname="com.flipkart.tests.ProductDetailTest" name="verifyProductImagesDisplayed" time="37.606"/>
  <testcase classname="com.flipkart.tests.ProductDetailTest" name="verifyProductPageLoaded" time="40.896"/>
  <testcase classname="com.flipkart.tests.ProductDetailTest" name="verifyProductPriceDisplayed" time="41.358"/>
  <testcase classname="com.flipkart.tests.ProductDetailTest" name="verifySpecificationsDisplayed" time="40.837"/>
  <testcase classname="com.flipkart.tests.ProductDetailTest" name="verifyThumbnailClick" time="39.088"/>
  <testcase classname="com.flipkart.tests.ProductDetailTest" name="verifyMrpDisplayed" time="39.165"/>
  <testcase classname="com.flipkart.tests.ProductDetailTest" name="verifyBuyNowButtonPresent" time="44.376"/>
  <testcase classname="com.flipkart.tests.ProductDetailTest" name="verifyRatingDisplayed" time="39.410"/>
  <testcase classname="com.flipkart.tests.ProductDetailTest" name="verifyUrlContainsProductId" time="42.563"/>
  <testcase classname="com.flipkart.tests.ProductDetailTest" name="verifyAddToCartButtonPresent" time="41.896"/>
</testsuite> <!-- com.flipkart.tests.ProductDetailTest -->
