<?xml version="1.0" encoding="UTF-8"?>
<!-- Generated by org.testng.reporters.JUnitReportReporter -->
<testsuite hostname="DESKTOP-GLNVC4F" failures="0" tests="15" name="com.flipkart.tests.CartTest" time="417.433" errors="0" timestamp="2026-04-05T10:19:00 IST" skipped="0">
  <testcase classname="com.flipkart.tests.CartTest" name="verifyPricesOnCart" time="23.044"/>
  <testcase classname="com.flipkart.tests.CartTest" name="verifyLoginPromptOnCart" time="26.771"/>
  <testcase classname="com.flipkart.tests.CartTest" name="verifyCartIconClickNavigates" time="16.725"/>
  <testcase classname="com.flipkart.tests.CartTest" name="verifyCartIconVisible" time="19.270"/>
  <testcase classname="com.flipkart.tests.CartTest" name="verifyHomeToCartNavigation" time="24.149"/>
  <testcase classname="com.flipkart.tests.CartTest" name="verifyCartPageLoadTime" time="22.948"/>
  <testcase classname="com.flipkart.tests.CartTest" name="verifyCartUrl" time="22.433"/>
  <testcase classname="com.flipkart.tests.CartTest" name="verifyContinueShoppingButton" time="25.526"/>
  <testcase classname="com.flipkart.tests.CartTest" name="verifyBackNavigationFromCart" time="26.923"/>
  <testcase classname="com.flipkart.tests.CartTest" name="verifyCartPageLoads" time="25.604"/>
  <testcase classname="com.flipkart.tests.CartTest" name="verifyCartPageRefresh" time="31.003"/>
  <testcase classname="com.flipkart.tests.CartTest" name="verifyEmptyCartMessage" time="24.848"/>
  <testcase classname="com.flipkart.tests.CartTest" name="verifyCartPageTitle" time="26.333"/>
  <testcase classname="com.flipkart.tests.CartTest" name="verifyCartAccessibleFromSearch" time="74.769"/>
  <testcase classname="com.flipkart.tests.CartTest" name="verifyContinueShoppingNavigates" time="27.087"/>
</testsuite> <!-- com.flipkart.tests.CartTest -->
