<?xml version="1.0" encoding="UTF-8"?>
<!-- Generated by org.testng.reporters.JUnitReportReporter -->
<testsuite hostname="DESKTOP-GLNVC4F" failures="0" tests="10" name="com.flipkart.tests.HomePageTest" time="164.404" errors="0" timestamp="2026-04-03T17:00:53 IST" skipped="0">
  <testcase classname="com.flipkart.tests.HomePageTest" name="verifyDealsAreVisible" time="18.932"/>
  <testcase classname="com.flipkart.tests.HomePageTest" name="verifyHomePageLoads" time="15.118"/>
  <testcase classname="com.flipkart.tests.HomePageTest" name="verifyLogoClickRedirectsToHomePage" time="21.480"/>
  <testcase classname="com.flipkart.tests.HomePageTest" name="verifyBannerIsVisible" time="15.758"/>
  <testcase classname="com.flipkart.tests.HomePageTest" name="verifyFooterIsVisible" time="14.739"/>
  <testcase classname="com.flipkart.tests.HomePageTest" name="verifyLoginButtonIsVisible" time="15.726"/>
  <testcase classname="com.flipkart.tests.HomePageTest" name="verifyPageTitle" time="14.166"/>
  <testcase classname="com.flipkart.tests.HomePageTest" name="verifySearchBarIsVisible" time="15.195"/>
  <testcase classname="com.flipkart.tests.HomePageTest" name="verifyLogoIsVisible" time="18.705"/>
  <testcase classname="com.flipkart.tests.HomePageTest" name="verifyNavCategoriesAreDisplayed" time="14.585"/>
</testsuite> <!-- com.flipkart.tests.HomePageTest -->
