<?xml version="1.0" encoding="UTF-8"?>
<!-- Generated by org.testng.reporters.JUnitReportReporter -->
<testsuite hostname="DESKTOP-GLNVC4F" failures="0" tests="13" name="com.flipkart.tests.LoginTest" time="392.430" errors="0" timestamp="2026-04-05T12:07:25 IST" skipped="0">
  <testcase classname="com.flipkart.tests.LoginTest" name="verifyInvalidMobileNumber" time="28.589"/>
  <testcase classname="com.flipkart.tests.LoginTest" name="verifyLoginButtonVisible" time="18.077"/>
  <testcase classname="com.flipkart.tests.LoginTest" name="verifyRequestOtpButtonPresent" time="57.898"/>
  <testcase classname="com.flipkart.tests.LoginTest" name="verifyEmptyMobileNumber" time="30.341"/>
  <testcase classname="com.flipkart.tests.LoginTest" name="verifyLoginUrl" time="26.576"/>
  <testcase classname="com.flipkart.tests.LoginTest" name="verifyMobileInputPresent" time="25.309"/>
  <testcase classname="com.flipkart.tests.LoginTest" name="verifyPrivacyPolicyLinkPresent" time="26.183"/>
  <testcase classname="com.flipkart.tests.LoginTest" name="verifyCreateAccountLinkPresent" time="29.713"/>
  <testcase classname="com.flipkart.tests.LoginTest" name="verifyLoginButtonClickOpensLogin" time="25.886"/>
  <testcase classname="com.flipkart.tests.LoginTest" name="verifyLoginPageTitle" time="30.491"/>
  <testcase classname="com.flipkart.tests.LoginTest" name="verifyValidMobileNumber" time="35.737"/>
  <testcase classname="com.flipkart.tests.LoginTest" name="verifyTermsOfUseLinkPresent" time="29.862"/>
  <testcase classname="com.flipkart.tests.LoginTest" name="verifyLoginPageLoads" time="27.768"/>
</testsuite> <!-- com.flipkart.tests.LoginTest -->
