<?xml version="1.0" encoding="UTF-8"?>
<!-- Generated by org.testng.reporters.JUnitReportReporter -->
<testsuite hostname="DESKTOP-GLNVC4F" failures="0" tests="13" name="com.flipkart.tests.LoginTest" time="326.755" errors="0" timestamp="2026-04-09T16:35:55 IST" skipped="0">
  <testcase classname="com.flipkart.tests.LoginTest" name="verifyCreateAccountLinkPresent" time="24.213"/>
  <testcase classname="com.flipkart.tests.LoginTest" name="verifyLoginPageLoads" time="24.494"/>
  <testcase classname="com.flipkart.tests.LoginTest" name="verifyInvalidMobileNumber" time="28.849"/>
  <testcase classname="com.flipkart.tests.LoginTest" name="verifyEmptyMobileNumber" time="26.816"/>
  <testcase classname="com.flipkart.tests.LoginTest" name="verifyTermsOfUseLinkPresent" time="22.765"/>
  <testcase classname="com.flipkart.tests.LoginTest" name="verifyLoginButtonClickOpensLogin" time="25.660"/>
  <testcase classname="com.flipkart.tests.LoginTest" name="verifyPrivacyPolicyLinkPresent" time="30.182"/>
  <testcase classname="com.flipkart.tests.LoginTest" name="verifyLoginPageTitle" time="29.854"/>
  <testcase classname="com.flipkart.tests.LoginTest" name="verifyMobileInputPresent" time="23.119"/>
  <testcase classname="com.flipkart.tests.LoginTest" name="verifyLoginButtonVisible" time="16.245"/>
  <testcase classname="com.flipkart.tests.LoginTest" name="verifyLoginUrl" time="24.299"/>
  <testcase classname="com.flipkart.tests.LoginTest" name="verifyRequestOtpButtonPresent" time="24.280"/>
  <testcase classname="com.flipkart.tests.LoginTest" name="verifyValidMobileNumber" time="25.979"/>
</testsuite> <!-- com.flipkart.tests.LoginTest -->
