<?xml version="1.0" encoding="UTF-8"?>
<!-- Generated by org.testng.reporters.JUnitReportReporter -->
<testsuite hostname="DESKTOP-GLNVC4F" failures="0" tests="15" name="com.flipkart.tests.ProductDetailTest" time="455.059" errors="0" timestamp="2026-04-03T17:00:53 IST" skipped="0">
  <testcase classname="com.flipkart.tests.ProductDetailTest" name="verifySellerInfoDisplayed" time="28.986"/>
  <testcase classname="com.flipkart.tests.ProductDetailTest" name="verifyRatingDisplayed" time="28.758"/>
  <testcase classname="com.flipkart.tests.ProductDetailTest" name="verifySimilarProductsDisplayed" time="31.461"/>
  <testcase classname="com.flipkart.tests.ProductDetailTest" name="verifyAddToCartButtonPresent" time="30.192"/>
  <testcase classname="com.flipkart.tests.ProductDetailTest" name="verifyDeliveryInfoDisplayed" time="28.494"/>
  <testcase classname="com.flipkart.tests.ProductDetailTest" name="verifyProductPriceDisplayed" time="28.850"/>
  <testcase classname="com.flipkart.tests.ProductDetailTest" name="verifyOffersDisplayed" time="32.228"/>
  <testcase classname="com.flipkart.tests.ProductDetailTest" name="verifyProductImagesDisplayed" time="31.006"/>
  <testcase classname="com.flipkart.tests.ProductDetailTest" name="verifyThumbnailClick" time="31.303"/>
  <testcase classname="com.flipkart.tests.ProductDetailTest" name="verifySpecificationsDisplayed" time="32.735"/>
  <testcase classname="com.flipkart.tests.ProductDetailTest" name="verifyUrlContainsProductId" time="29.155"/>
  <testcase classname="com.flipkart.tests.ProductDetailTest" name="verifyProductTitleDisplayed" time="33.907"/>
  <testcase classname="com.flipkart.tests.ProductDetailTest" name="verifyBuyNowButtonPresent" time="29.882"/>
  <testcase classname="com.flipkart.tests.ProductDetailTest" name="verifyMrpDisplayed" time="29.572"/>
  <testcase classname="com.flipkart.tests.ProductDetailTest" name="verifyProductPageLoaded" time="28.530"/>
</testsuite> <!-- com.flipkart.tests.ProductDetailTest -->
